<?xml version="1.0" encoding="UTF-8"?>
<testsuite name="com.example.lecture_spring_2_crudproject.LectureSpring2CrudProjectApplicationTests" tests="1" skipped="0" failures="0" errors="0" timestamp="2022-08-30T03:27:22" hostname="DESKTOP-1NCQTL6" time="18.182">
  <properties/>
  <testcase name="Scraping()" classname="com.example.lecture_spring_2_crudproject.LectureSpring2CrudProjectApplicationTests" time="18.182"/>
  <system-out><![CDATA[12:27:08.032 [Test worker] DEBUG org.springframework.test.context.BootstrapUtils - Instantiating CacheAwareContextLoaderDelegate from class [org.springframework.test.context.cache.DefaultCacheAwareContextLoaderDelegate]
12:27:08.052 [Test worker] DEBUG org.springframework.test.context.BootstrapUtils - Instantiating BootstrapContext using constructor [public org.springframework.test.context.support.DefaultBootstrapContext(java.lang.Class,org.springframework.test.context.CacheAwareContextLoaderDelegate)]
12:27:08.107 [Test worker] DEBUG org.springframework.test.context.BootstrapUtils - Instantiating TestContextBootstrapper for test class [com.example.lecture_spring_2_crudproject.LectureSpring2CrudProjectApplicationTests] from class [org.springframework.boot.test.context.SpringBootTestContextBootstrapper]
12:27:08.125 [Test worker] INFO org.springframework.boot.test.context.SpringBootTestContextBootstrapper - Neither @ContextConfiguration nor @ContextHierarchy found for test class [com.example.lecture_spring_2_crudproject.LectureSpring2CrudProjectApplicationTests], using SpringBootContextLoader
12:27:08.130 [Test worker] DEBUG org.springframework.test.context.support.AbstractContextLoader - Did not detect default resource location for test class [com.example.lecture_spring_2_crudproject.LectureSpring2CrudProjectApplicationTests]: class path resource [com/example/lecture_spring_2_crudproject/LectureSpring2CrudProjectApplicationTests-context.xml] does not exist
12:27:08.132 [Test worker] DEBUG org.springframework.test.context.support.AbstractContextLoader - Did not detect default resource location for test class [com.example.lecture_spring_2_crudproject.LectureSpring2CrudProjectApplicationTests]: class path resource [com/example/lecture_spring_2_crudproject/LectureSpring2CrudProjectApplicationTestsContext.groovy] does not exist
12:27:08.133 [Test worker] INFO org.springframework.test.context.support.AbstractContextLoader - Could not detect default resource locations for test class [com.example.lecture_spring_2_crudproject.LectureSpring2CrudProjectApplicationTests]: no resource found for suffixes {-context.xml, Context.groovy}.
12:27:08.134 [Test worker] INFO org.springframework.test.context.support.AnnotationConfigContextLoaderUtils - Could not detect default configuration classes for test class [com.example.lecture_spring_2_crudproject.LectureSpring2CrudProjectApplicationTests]: LectureSpring2CrudProjectApplicationTests does not declare any static, non-private, non-final, nested classes annotated with @Configuration.
12:27:08.212 [Test worker] DEBUG org.springframework.test.context.support.ActiveProfilesUtils - Could not find an 'annotation declaring class' for annotation type [org.springframework.test.context.ActiveProfiles] and class [com.example.lecture_spring_2_crudproject.LectureSpring2CrudProjectApplicationTests]
12:27:08.311 [Test worker] DEBUG org.springframework.context.annotation.ClassPathScanningCandidateComponentProvider - Identified candidate component class: file [C:\work\wp\Day73\lecture_spring_2_crudProject\build\classes\java\main\com\example\lecture_spring_2_crudproject\LectureSpring2CrudProjectApplication.class]
12:27:08.313 [Test worker] INFO org.springframework.boot.test.context.SpringBootTestContextBootstrapper - Found @SpringBootConfiguration com.example.lecture_spring_2_crudproject.LectureSpring2CrudProjectApplication for test class com.example.lecture_spring_2_crudproject.LectureSpring2CrudProjectApplicationTests
12:27:08.516 [Test worker] DEBUG org.springframework.boot.test.context.SpringBootTestContextBootstrapper - @TestExecutionListeners is not present for class [com.example.lecture_spring_2_crudproject.LectureSpring2CrudProjectApplicationTests]: using defaults.
12:27:08.517 [Test worker] INFO org.springframework.boot.test.context.SpringBootTestContextBootstrapper - Loaded default TestExecutionListener class names from location [META-INF/spring.factories]: [org.springframework.boot.test.autoconfigure.restdocs.RestDocsTestExecutionListener, org.springframework.boot.test.autoconfigure.web.client.MockRestServiceServerResetTestExecutionListener, org.springframework.boot.test.autoconfigure.web.servlet.MockMvcPrintOnlyOnFailureTestExecutionListener, org.springframework.boot.test.autoconfigure.web.servlet.WebDriverTestExecutionListener, org.springframework.boot.test.autoconfigure.webservices.client.MockWebServiceServerTestExecutionListener, org.springframework.boot.test.mock.mockito.MockitoTestExecutionListener, org.springframework.boot.test.mock.mockito.ResetMocksTestExecutionListener, org.springframework.test.context.web.ServletTestExecutionListener, org.springframework.test.context.support.DirtiesContextBeforeModesTestExecutionListener, org.springframework.test.context.event.ApplicationEventsTestExecutionListener, org.springframework.test.context.support.DependencyInjectionTestExecutionListener, org.springframework.test.context.support.DirtiesContextTestExecutionListener, org.springframework.test.context.transaction.TransactionalTestExecutionListener, org.springframework.test.context.jdbc.SqlScriptsTestExecutionListener, org.springframework.test.context.event.EventPublishingTestExecutionListener]
12:27:08.555 [Test worker] INFO org.springframework.boot.test.context.SpringBootTestContextBootstrapper - Using TestExecutionListeners: [org.springframework.test.context.web.ServletTestExecutionListener@209775a9, org.springframework.test.context.support.DirtiesContextBeforeModesTestExecutionListener@18e7143f, org.springframework.test.context.event.ApplicationEventsTestExecutionListener@f9b7332, org.springframework.boot.test.mock.mockito.MockitoTestExecutionListener@74cec793, org.springframework.boot.test.autoconfigure.SpringBootDependencyInjectionTestExecutionListener@6fefce9e, org.springframework.test.context.support.DirtiesContextTestExecutionListener@4f8969b0, org.springframework.test.context.transaction.TransactionalTestExecutionListener@1bdf8190, org.springframework.test.context.jdbc.SqlScriptsTestExecutionListener@192f2f27, org.springframework.test.context.event.EventPublishingTestExecutionListener@8a589a2, org.springframework.boot.test.autoconfigure.restdocs.RestDocsTestExecutionListener@c65a5ef, org.springframework.boot.test.autoconfigure.web.client.MockRestServiceServerResetTestExecutionListener@6b5176f2, org.springframework.boot.test.autoconfigure.web.servlet.MockMvcPrintOnlyOnFailureTestExecutionListener@b672aa8, org.springframework.boot.test.autoconfigure.web.servlet.WebDriverTestExecutionListener@2fab4aff, org.springframework.boot.test.autoconfigure.webservices.client.MockWebServiceServerTestExecutionListener@ec0c838, org.springframework.boot.test.mock.mockito.ResetMocksTestExecutionListener@6e46d9f4]
12:27:08.563 [Test worker] DEBUG org.springframework.test.context.support.AbstractDirtiesContextTestExecutionListener - Before test class: context [DefaultTestContext@4b6166aa testClass = LectureSpring2CrudProjectApplicationTests, testInstance = [null], testMethod = [null], testException = [null], mergedContextConfiguration = [WebMergedContextConfiguration@a77614d testClass = LectureSpring2CrudProjectApplicationTests, locations = '{}', classes = '{class com.example.lecture_spring_2_crudproject.LectureSpring2CrudProjectApplication}', contextInitializerClasses = '[]', activeProfiles = '{}', propertySourceLocations = '{}', propertySourceProperties = '{org.springframework.boot.test.context.SpringBootTestContextBootstrapper=true}', contextCustomizers = set[org.springframework.boot.test.autoconfigure.actuate.metrics.MetricsExportContextCustomizerFactory$DisableMetricExportContextCustomizer@1fdf1c5, org.springframework.boot.test.autoconfigure.properties.PropertyMappingContextCustomizer@0, org.springframework.boot.test.autoconfigure.web.servlet.WebDriverContextCustomizerFactory$Customizer@604f2bd2, org.springframework.boot.test.context.filter.ExcludeFilterContextCustomizer@30b19518, org.springframework.boot.test.json.DuplicateJsonObjectContextCustomizerFactory$DuplicateJsonObjectContextCustomizer@62e20a76, org.springframework.boot.test.mock.mockito.MockitoContextCustomizer@0, org.springframework.boot.test.web.client.TestRestTemplateContextCustomizer@28e8dde3, org.springframework.boot.test.context.SpringBootTestArgs@1, org.springframework.boot.test.context.SpringBootTestWebEnvironment@2d52216b], resourceBasePath = 'src/main/webapp', contextLoader = 'org.springframework.boot.test.context.SpringBootContextLoader', parent = [null]], attributes = map['org.springframework.test.context.web.ServletTestExecutionListener.activateListener' -> true]], class annotated with @DirtiesContext [false] with mode [null].

  .   ____          _            __ _ _
 /\\ / ___'_ __ _ _(_)_ __  __ _ \ \ \ \
( ( )\___ | '_ | '_| | '_ \/ _` | \ \ \ \
 \\/  ___)| |_)| | | | | || (_| |  ) ) ) )
  '  |____| .__|_| |_|_| |_\__, | / / / /
 =========|_|==============|___/=/_/_/_/
 :: Spring Boot ::                (v2.7.2)

2022-08-30 12:27:09.116  INFO 9780 --- [    Test worker] ectureSpring2CrudProjectApplicationTests : Starting LectureSpring2CrudProjectApplicationTests using Java 17.0.4 on DESKTOP-1NCQTL6 with PID 9780 (started by admin in C:\work\wp\Day73\lecture_spring_2_crudProject)
2022-08-30 12:27:09.119  INFO 9780 --- [    Test worker] ectureSpring2CrudProjectApplicationTests : No active profile set, falling back to 1 default profile: "default"
2022-08-30 12:27:10.410  INFO 9780 --- [    Test worker] .s.d.r.c.RepositoryConfigurationDelegate : Bootstrapping Spring Data JPA repositories in DEFAULT mode.
2022-08-30 12:27:10.549  INFO 9780 --- [    Test worker] .s.d.r.c.RepositoryConfigurationDelegate : Finished Spring Data repository scanning in 121 ms. Found 6 JPA repository interfaces.
2022-08-30 12:27:11.857  INFO 9780 --- [    Test worker] o.hibernate.jpa.internal.util.LogHelper  : HHH000204: Processing PersistenceUnitInfo [name: default]
2022-08-30 12:27:11.947  INFO 9780 --- [    Test worker] org.hibernate.Version                    : HHH000412: Hibernate ORM core version 5.6.10.Final
2022-08-30 12:27:12.217  INFO 9780 --- [    Test worker] o.hibernate.annotations.common.Version   : HCANN000001: Hibernate Commons Annotations {5.1.2.Final}
2022-08-30 12:27:12.274 DEBUG 9780 --- [    Test worker] org.hibernate.type.BasicTypeRegistry     : Adding type registration boolean -> org.hibernate.type.BooleanType@54247647
2022-08-30 12:27:12.275 DEBUG 9780 --- [    Test worker] org.hibernate.type.BasicTypeRegistry     : Adding type registration boolean -> org.hibernate.type.BooleanType@54247647
2022-08-30 12:27:12.275 DEBUG 9780 --- [    Test worker] org.hibernate.type.BasicTypeRegistry     : Adding type registration java.lang.Boolean -> org.hibernate.type.BooleanType@54247647
2022-08-30 12:27:12.276 DEBUG 9780 --- [    Test worker] org.hibernate.type.BasicTypeRegistry     : Adding type registration numeric_boolean -> org.hibernate.type.NumericBooleanType@230232b0
2022-08-30 12:27:12.277 DEBUG 9780 --- [    Test worker] org.hibernate.type.BasicTypeRegistry     : Adding type registration true_false -> org.hibernate.type.TrueFalseType@5b742bc8
2022-08-30 12:27:12.278 DEBUG 9780 --- [    Test worker] org.hibernate.type.BasicTypeRegistry     : Adding type registration yes_no -> org.hibernate.type.YesNoType@8f57e4c
2022-08-30 12:27:12.281 DEBUG 9780 --- [    Test worker] org.hibernate.type.BasicTypeRegistry     : Adding type registration byte -> org.hibernate.type.ByteType@23ad2d17
2022-08-30 12:27:12.281 DEBUG 9780 --- [    Test worker] org.hibernate.type.BasicTypeRegistry     : Adding type registration byte -> org.hibernate.type.ByteType@23ad2d17
2022-08-30 12:27:12.281 DEBUG 9780 --- [    Test worker] org.hibernate.type.BasicTypeRegistry     : Adding type registration java.lang.Byte -> org.hibernate.type.ByteType@23ad2d17
2022-08-30 12:27:12.283 DEBUG 9780 --- [    Test worker] org.hibernate.type.BasicTypeRegistry     : Adding type registration character -> org.hibernate.type.CharacterType@65f3e805
2022-08-30 12:27:12.283 DEBUG 9780 --- [    Test worker] org.hibernate.type.BasicTypeRegistry     : Adding type registration char -> org.hibernate.type.CharacterType@65f3e805
2022-08-30 12:27:12.284 DEBUG 9780 --- [    Test worker] org.hibernate.type.BasicTypeRegistry     : Adding type registration java.lang.Character -> org.hibernate.type.CharacterType@65f3e805
2022-08-30 12:27:12.287 DEBUG 9780 --- [    Test worker] org.hibernate.type.BasicTypeRegistry     : Adding type registration short -> org.hibernate.type.ShortType@5002fde9
2022-08-30 12:27:12.288 DEBUG 9780 --- [    Test worker] org.hibernate.type.BasicTypeRegistry     : Adding type registration short -> org.hibernate.type.ShortType@5002fde9
2022-08-30 12:27:12.288 DEBUG 9780 --- [    Test worker] org.hibernate.type.BasicTypeRegistry     : Adding type registration java.lang.Short -> org.hibernate.type.ShortType@5002fde9
2022-08-30 12:27:12.290 DEBUG 9780 --- [    Test worker] org.hibernate.type.BasicTypeRegistry     : Adding type registration integer -> org.hibernate.type.IntegerType@f559c74
2022-08-30 12:27:12.290 DEBUG 9780 --- [    Test worker] org.hibernate.type.BasicTypeRegistry     : Adding type registration int -> org.hibernate.type.IntegerType@f559c74
2022-08-30 12:27:12.290 DEBUG 9780 --- [    Test worker] org.hibernate.type.BasicTypeRegistry     : Adding type registration java.lang.Integer -> org.hibernate.type.IntegerType@f559c74
2022-08-30 12:27:12.292 DEBUG 9780 --- [    Test worker] org.hibernate.type.BasicTypeRegistry     : Adding type registration long -> org.hibernate.type.LongType@59918c8f
2022-08-30 12:27:12.292 DEBUG 9780 --- [    Test worker] org.hibernate.type.BasicTypeRegistry     : Adding type registration long -> org.hibernate.type.LongType@59918c8f
2022-08-30 12:27:12.292 DEBUG 9780 --- [    Test worker] org.hibernate.type.BasicTypeRegistry     : Adding type registration java.lang.Long -> org.hibernate.type.LongType@59918c8f
2022-08-30 12:27:12.294 DEBUG 9780 --- [    Test worker] org.hibernate.type.BasicTypeRegistry     : Adding type registration float -> org.hibernate.type.FloatType@734ce281
2022-08-30 12:27:12.295 DEBUG 9780 --- [    Test worker] org.hibernate.type.BasicTypeRegistry     : Adding type registration float -> org.hibernate.type.FloatType@734ce281
2022-08-30 12:27:12.295 DEBUG 9780 --- [    Test worker] org.hibernate.type.BasicTypeRegistry     : Adding type registration java.lang.Float -> org.hibernate.type.FloatType@734ce281
2022-08-30 12:27:12.297 DEBUG 9780 --- [    Test worker] org.hibernate.type.BasicTypeRegistry     : Adding type registration double -> org.hibernate.type.DoubleType@7a358613
2022-08-30 12:27:12.297 DEBUG 9780 --- [    Test worker] org.hibernate.type.BasicTypeRegistry     : Adding type registration double -> org.hibernate.type.DoubleType@7a358613
2022-08-30 12:27:12.297 DEBUG 9780 --- [    Test worker] org.hibernate.type.BasicTypeRegistry     : Adding type registration java.lang.Double -> org.hibernate.type.DoubleType@7a358613
2022-08-30 12:27:12.300 DEBUG 9780 --- [    Test worker] org.hibernate.type.BasicTypeRegistry     : Adding type registration big_decimal -> org.hibernate.type.BigDecimalType@6afbe6a1
2022-08-30 12:27:12.301 DEBUG 9780 --- [    Test worker] org.hibernate.type.BasicTypeRegistry     : Adding type registration java.math.BigDecimal -> org.hibernate.type.BigDecimalType@6afbe6a1
2022-08-30 12:27:12.303 DEBUG 9780 --- [    Test worker] org.hibernate.type.BasicTypeRegistry     : Adding type registration big_integer -> org.hibernate.type.BigIntegerType@3c33fcf8
2022-08-30 12:27:12.304 DEBUG 9780 --- [    Test worker] org.hibernate.type.BasicTypeRegistry     : Adding type registration java.math.BigInteger -> org.hibernate.type.BigIntegerType@3c33fcf8
2022-08-30 12:27:12.306 DEBUG 9780 --- [    Test worker] org.hibernate.type.BasicTypeRegistry     : Adding type registration string -> org.hibernate.type.StringType@3915e7c3
2022-08-30 12:27:12.306 DEBUG 9780 --- [    Test worker] org.hibernate.type.BasicTypeRegistry     : Adding type registration java.lang.String -> org.hibernate.type.StringType@3915e7c3
2022-08-30 12:27:12.307 DEBUG 9780 --- [    Test worker] org.hibernate.type.BasicTypeRegistry     : Adding type registration nstring -> org.hibernate.type.StringNVarcharType@388be5fd
2022-08-30 12:27:12.308 DEBUG 9780 --- [    Test worker] org.hibernate.type.BasicTypeRegistry     : Adding type registration ncharacter -> org.hibernate.type.CharacterNCharType@6f315b08
2022-08-30 12:27:12.310 DEBUG 9780 --- [    Test worker] org.hibernate.type.BasicTypeRegistry     : Adding type registration url -> org.hibernate.type.UrlType@4b4814d0
2022-08-30 12:27:12.310 DEBUG 9780 --- [    Test worker] org.hibernate.type.BasicTypeRegistry     : Adding type registration java.net.URL -> org.hibernate.type.UrlType@4b4814d0
2022-08-30 12:27:12.312 DEBUG 9780 --- [    Test worker] org.hibernate.type.BasicTypeRegistry     : Adding type registration Duration -> org.hibernate.type.DurationType@111a7973
2022-08-30 12:27:12.313 DEBUG 9780 --- [    Test worker] org.hibernate.type.BasicTypeRegistry     : Adding type registration java.time.Duration -> org.hibernate.type.DurationType@111a7973
2022-08-30 12:27:12.315 DEBUG 9780 --- [    Test worker] org.hibernate.type.BasicTypeRegistry     : Adding type registration Instant -> org.hibernate.type.InstantType@15369d73
2022-08-30 12:27:12.315 DEBUG 9780 --- [    Test worker] org.hibernate.type.BasicTypeRegistry     : Adding type registration java.time.Instant -> org.hibernate.type.InstantType@15369d73
2022-08-30 12:27:12.317 DEBUG 9780 --- [    Test worker] org.hibernate.type.BasicTypeRegistry     : Adding type registration LocalDateTime -> org.hibernate.type.LocalDateTimeType@514377fc
2022-08-30 12:27:12.317 DEBUG 9780 --- [    Test worker] org.hibernate.type.BasicTypeRegistry     : Adding type registration java.time.LocalDateTime -> org.hibernate.type.LocalDateTimeType@514377fc
2022-08-30 12:27:12.319 DEBUG 9780 --- [    Test worker] org.hibernate.type.BasicTypeRegistry     : Adding type registration LocalDate -> org.hibernate.type.LocalDateType@159ac15f
2022-08-30 12:27:12.319 DEBUG 9780 --- [    Test worker] org.hibernate.type.BasicTypeRegistry     : Adding type registration java.time.LocalDate -> org.hibernate.type.LocalDateType@159ac15f
2022-08-30 12:27:12.321 DEBUG 9780 --- [    Test worker] org.hibernate.type.BasicTypeRegistry     : Adding type registration LocalTime -> org.hibernate.type.LocalTimeType@17216605
2022-08-30 12:27:12.321 DEBUG 9780 --- [    Test worker] org.hibernate.type.BasicTypeRegistry     : Adding type registration java.time.LocalTime -> org.hibernate.type.LocalTimeType@17216605
2022-08-30 12:27:12.323 DEBUG 9780 --- [    Test worker] org.hibernate.type.BasicTypeRegistry     : Adding type registration OffsetDateTime -> org.hibernate.type.OffsetDateTimeType@37b01ce2
2022-08-30 12:27:12.323 DEBUG 9780 --- [    Test worker] org.hibernate.type.BasicTypeRegistry     : Adding type registration java.time.OffsetDateTime -> org.hibernate.type.OffsetDateTimeType@37b01ce2
2022-08-30 12:27:12.325 DEBUG 9780 --- [    Test worker] org.hibernate.type.BasicTypeRegistry     : Adding type registration OffsetTime -> org.hibernate.type.OffsetTimeType@7159d601
2022-08-30 12:27:12.325 DEBUG 9780 --- [    Test worker] org.hibernate.type.BasicTypeRegistry     : Adding type registration java.time.OffsetTime -> org.hibernate.type.OffsetTimeType@7159d601
2022-08-30 12:27:12.327 DEBUG 9780 --- [    Test worker] org.hibernate.type.BasicTypeRegistry     : Adding type registration ZonedDateTime -> org.hibernate.type.ZonedDateTimeType@4e17442f
2022-08-30 12:27:12.327 DEBUG 9780 --- [    Test worker] org.hibernate.type.BasicTypeRegistry     : Adding type registration java.time.ZonedDateTime -> org.hibernate.type.ZonedDateTimeType@4e17442f
2022-08-30 12:27:12.329 DEBUG 9780 --- [    Test worker] org.hibernate.type.BasicTypeRegistry     : Adding type registration date -> org.hibernate.type.DateType@2674d4f6
2022-08-30 12:27:12.330 DEBUG 9780 --- [    Test worker] org.hibernate.type.BasicTypeRegistry     : Adding type registration java.sql.Date -> org.hibernate.type.DateType@2674d4f6
2022-08-30 12:27:12.332 DEBUG 9780 --- [    Test worker] org.hibernate.type.BasicTypeRegistry     : Adding type registration time -> org.hibernate.type.TimeType@2a04ab05
2022-08-30 12:27:12.332 DEBUG 9780 --- [    Test worker] org.hibernate.type.BasicTypeRegistry     : Adding type registration java.sql.Time -> org.hibernate.type.TimeType@2a04ab05
2022-08-30 12:27:12.334 DEBUG 9780 --- [    Test worker] org.hibernate.type.BasicTypeRegistry     : Adding type registration timestamp -> org.hibernate.type.TimestampType@15a8cebd
2022-08-30 12:27:12.334 DEBUG 9780 --- [    Test worker] org.hibernate.type.BasicTypeRegistry     : Adding type registration java.sql.Timestamp -> org.hibernate.type.TimestampType@15a8cebd
2022-08-30 12:27:12.334 DEBUG 9780 --- [    Test worker] org.hibernate.type.BasicTypeRegistry     : Adding type registration java.util.Date -> org.hibernate.type.TimestampType@15a8cebd
2022-08-30 12:27:12.336 DEBUG 9780 --- [    Test worker] org.hibernate.type.BasicTypeRegistry     : Adding type registration dbtimestamp -> org.hibernate.type.DbTimestampType@74c121d4
2022-08-30 12:27:12.337 DEBUG 9780 --- [    Test worker] org.hibernate.type.BasicTypeRegistry     : Adding type registration calendar -> org.hibernate.type.CalendarType@53d30d23
2022-08-30 12:27:12.338 DEBUG 9780 --- [    Test worker] org.hibernate.type.BasicTypeRegistry     : Adding type registration java.util.Calendar -> org.hibernate.type.CalendarType@53d30d23
2022-08-30 12:27:12.338 DEBUG 9780 --- [    Test worker] org.hibernate.type.BasicTypeRegistry     : Adding type registration java.util.GregorianCalendar -> org.hibernate.type.CalendarType@53d30d23
2022-08-30 12:27:12.339 DEBUG 9780 --- [    Test worker] org.hibernate.type.BasicTypeRegistry     : Adding type registration calendar_date -> org.hibernate.type.CalendarDateType@482ba4b1
2022-08-30 12:27:12.341 DEBUG 9780 --- [    Test worker] org.hibernate.type.BasicTypeRegistry     : Adding type registration calendar_time -> org.hibernate.type.CalendarTimeType@5514579e
2022-08-30 12:27:12.342 DEBUG 9780 --- [    Test worker] org.hibernate.type.BasicTypeRegistry     : Adding type registration locale -> org.hibernate.type.LocaleType@1796b2d4
2022-08-30 12:27:12.342 DEBUG 9780 --- [    Test worker] org.hibernate.type.BasicTypeRegistry     : Adding type registration java.util.Locale -> org.hibernate.type.LocaleType@1796b2d4
2022-08-30 12:27:12.343 DEBUG 9780 --- [    Test worker] org.hibernate.type.BasicTypeRegistry     : Adding type registration currency -> org.hibernate.type.CurrencyType@7de147e9
2022-08-30 12:27:12.344 DEBUG 9780 --- [    Test worker] org.hibernate.type.BasicTypeRegistry     : Adding type registration java.util.Currency -> org.hibernate.type.CurrencyType@7de147e9
2022-08-30 12:27:12.345 DEBUG 9780 --- [    Test worker] org.hibernate.type.BasicTypeRegistry     : Adding type registration timezone -> org.hibernate.type.TimeZoneType@402b4f81
2022-08-30 12:27:12.345 DEBUG 9780 --- [    Test worker] org.hibernate.type.BasicTypeRegistry     : Adding type registration java.util.TimeZone -> org.hibernate.type.TimeZoneType@402b4f81
2022-08-30 12:27:12.346 DEBUG 9780 --- [    Test worker] org.hibernate.type.BasicTypeRegistry     : Adding type registration class -> org.hibernate.type.ClassType@6c07add6
2022-08-30 12:27:12.346 DEBUG 9780 --- [    Test worker] org.hibernate.type.BasicTypeRegistry     : Adding type registration java.lang.Class -> org.hibernate.type.ClassType@6c07add6
2022-08-30 12:27:12.353 DEBUG 9780 --- [    Test worker] org.hibernate.type.BasicTypeRegistry     : Adding type registration uuid-binary -> org.hibernate.type.UUIDBinaryType@687eb455
2022-08-30 12:27:12.354 DEBUG 9780 --- [    Test worker] org.hibernate.type.BasicTypeRegistry     : Adding type registration java.util.UUID -> org.hibernate.type.UUIDBinaryType@687eb455
2022-08-30 12:27:12.355 DEBUG 9780 --- [    Test worker] org.hibernate.type.BasicTypeRegistry     : Adding type registration uuid-char -> org.hibernate.type.UUIDCharType@714e861f
2022-08-30 12:27:12.357 DEBUG 9780 --- [    Test worker] org.hibernate.type.BasicTypeRegistry     : Adding type registration binary -> org.hibernate.type.BinaryType@7282af25
2022-08-30 12:27:12.357 DEBUG 9780 --- [    Test worker] org.hibernate.type.BasicTypeRegistry     : Adding type registration byte[] -> org.hibernate.type.BinaryType@7282af25
2022-08-30 12:27:12.357 DEBUG 9780 --- [    Test worker] org.hibernate.type.BasicTypeRegistry     : Adding type registration [B -> org.hibernate.type.BinaryType@7282af25
2022-08-30 12:27:12.359 DEBUG 9780 --- [    Test worker] org.hibernate.type.BasicTypeRegistry     : Adding type registration wrapper-binary -> org.hibernate.type.WrapperBinaryType@21dea711
2022-08-30 12:27:12.359 DEBUG 9780 --- [    Test worker] org.hibernate.type.BasicTypeRegistry     : Adding type registration Byte[] -> org.hibernate.type.WrapperBinaryType@21dea711
2022-08-30 12:27:12.359 DEBUG 9780 --- [    Test worker] org.hibernate.type.BasicTypeRegistry     : Adding type registration [Ljava.lang.Byte; -> org.hibernate.type.WrapperBinaryType@21dea711
2022-08-30 12:27:12.361 DEBUG 9780 --- [    Test worker] org.hibernate.type.BasicTypeRegistry     : Adding type registration row_version -> org.hibernate.type.RowVersionType@759a678a
2022-08-30 12:27:12.363 DEBUG 9780 --- [    Test worker] org.hibernate.type.BasicTypeRegistry     : Adding type registration image -> org.hibernate.type.ImageType@554566a8
2022-08-30 12:27:12.366 DEBUG 9780 --- [    Test worker] org.hibernate.type.BasicTypeRegistry     : Adding type registration characters -> org.hibernate.type.CharArrayType@2b44605c
2022-08-30 12:27:12.366 DEBUG 9780 --- [    Test worker] org.hibernate.type.BasicTypeRegistry     : Adding type registration char[] -> org.hibernate.type.CharArrayType@2b44605c
2022-08-30 12:27:12.367 DEBUG 9780 --- [    Test worker] org.hibernate.type.BasicTypeRegistry     : Adding type registration [C -> org.hibernate.type.CharArrayType@2b44605c
2022-08-30 12:27:12.369 DEBUG 9780 --- [    Test worker] org.hibernate.type.BasicTypeRegistry     : Adding type registration wrapper-characters -> org.hibernate.type.CharacterArrayType@611c3eae
2022-08-30 12:27:12.370 DEBUG 9780 --- [    Test worker] org.hibernate.type.BasicTypeRegistry     : Adding type registration [Ljava.lang.Character; -> org.hibernate.type.CharacterArrayType@611c3eae
2022-08-30 12:27:12.370 DEBUG 9780 --- [    Test worker] org.hibernate.type.BasicTypeRegistry     : Adding type registration Character[] -> org.hibernate.type.CharacterArrayType@611c3eae
2022-08-30 12:27:12.371 DEBUG 9780 --- [    Test worker] org.hibernate.type.BasicTypeRegistry     : Adding type registration text -> org.hibernate.type.TextType@17176b18
2022-08-30 12:27:12.372 DEBUG 9780 --- [    Test worker] org.hibernate.type.BasicTypeRegistry     : Adding type registration ntext -> org.hibernate.type.NTextType@57b9389f
2022-08-30 12:27:12.378 DEBUG 9780 --- [    Test worker] org.hibernate.type.BasicTypeRegistry     : Adding type registration blob -> org.hibernate.type.BlobType@3f0ce0d1
2022-08-30 12:27:12.383 DEBUG 9780 --- [    Test worker] org.hibernate.type.BasicTypeRegistry     : Adding type registration java.sql.Blob -> org.hibernate.type.BlobType@3f0ce0d1
2022-08-30 12:27:12.386 DEBUG 9780 --- [    Test worker] org.hibernate.type.BasicTypeRegistry     : Adding type registration materialized_blob -> org.hibernate.type.MaterializedBlobType@1aedf08d
2022-08-30 12:27:12.390 DEBUG 9780 --- [    Test worker] org.hibernate.type.BasicTypeRegistry     : Adding type registration clob -> org.hibernate.type.ClobType@3b28b7b0
2022-08-30 12:27:12.390 DEBUG 9780 --- [    Test worker] org.hibernate.type.BasicTypeRegistry     : Adding type registration java.sql.Clob -> org.hibernate.type.ClobType@3b28b7b0
2022-08-30 12:27:12.402 DEBUG 9780 --- [    Test worker] org.hibernate.type.BasicTypeRegistry     : Adding type registration nclob -> org.hibernate.type.NClobType@3d0d120b
2022-08-30 12:27:12.403 DEBUG 9780 --- [    Test worker] org.hibernate.type.BasicTypeRegistry     : Adding type registration java.sql.NClob -> org.hibernate.type.NClobType@3d0d120b
2022-08-30 12:27:12.404 DEBUG 9780 --- [    Test worker] org.hibernate.type.BasicTypeRegistry     : Adding type registration materialized_clob -> org.hibernate.type.MaterializedClobType@60807fd9
2022-08-30 12:27:12.405 DEBUG 9780 --- [    Test worker] org.hibernate.type.BasicTypeRegistry     : Adding type registration materialized_nclob -> org.hibernate.type.MaterializedNClobType@24691c5
2022-08-30 12:27:12.407 DEBUG 9780 --- [    Test worker] org.hibernate.type.BasicTypeRegistry     : Adding type registration serializable -> org.hibernate.type.SerializableType@b56ec6c
2022-08-30 12:27:12.420 DEBUG 9780 --- [    Test worker] org.hibernate.type.BasicTypeRegistry     : Adding type registration object -> org.hibernate.type.ObjectType@197ce367
2022-08-30 12:27:12.420 DEBUG 9780 --- [    Test worker] org.hibernate.type.BasicTypeRegistry     : Adding type registration java.lang.Object -> org.hibernate.type.ObjectType@197ce367
2022-08-30 12:27:12.422 DEBUG 9780 --- [    Test worker] org.hibernate.type.BasicTypeRegistry     : Adding type registration imm_date -> org.hibernate.type.AdaptedImmutableType@36551e97
2022-08-30 12:27:12.422 DEBUG 9780 --- [    Test worker] org.hibernate.type.BasicTypeRegistry     : Adding type registration imm_time -> org.hibernate.type.AdaptedImmutableType@685d7ba5
2022-08-30 12:27:12.422 DEBUG 9780 --- [    Test worker] org.hibernate.type.BasicTypeRegistry     : Adding type registration imm_timestamp -> org.hibernate.type.AdaptedImmutableType@16d41725
2022-08-30 12:27:12.422 DEBUG 9780 --- [    Test worker] org.hibernate.type.BasicTypeRegistry     : Adding type registration imm_dbtimestamp -> org.hibernate.type.AdaptedImmutableType@3b6c2be6
2022-08-30 12:27:12.422 DEBUG 9780 --- [    Test worker] org.hibernate.type.BasicTypeRegistry     : Adding type registration imm_calendar -> org.hibernate.type.AdaptedImmutableType@25533bba
2022-08-30 12:27:12.422 DEBUG 9780 --- [    Test worker] org.hibernate.type.BasicTypeRegistry     : Adding type registration imm_calendar_date -> org.hibernate.type.AdaptedImmutableType@26d0ece6
2022-08-30 12:27:12.422 DEBUG 9780 --- [    Test worker] org.hibernate.type.BasicTypeRegistry     : Adding type registration imm_binary -> org.hibernate.type.AdaptedImmutableType@100bba26
2022-08-30 12:27:12.422 DEBUG 9780 --- [    Test worker] org.hibernate.type.BasicTypeRegistry     : Adding type registration imm_serializable -> org.hibernate.type.AdaptedImmutableType@4ae280da
2022-08-30 12:27:12.498  INFO 9780 --- [    Test worker] com.zaxxer.hikari.HikariDataSource       : HikariPool-1 - Starting...
2022-08-30 12:27:13.858  INFO 9780 --- [    Test worker] com.zaxxer.hikari.HikariDataSource       : HikariPool-1 - Start completed.
2022-08-30 12:27:13.886  INFO 9780 --- [    Test worker] org.hibernate.dialect.Dialect            : HHH000400: Using dialect: org.hibernate.dialect.Oracle12cDialect
2022-08-30 12:27:14.209 DEBUG 9780 --- [    Test worker] org.hibernate.type.BasicTypeRegistry     : Adding type registration byte[] -> org.hibernate.type.MaterializedBlobType@1aedf08d
2022-08-30 12:27:14.210 DEBUG 9780 --- [    Test worker] org.hibernate.type.BasicTypeRegistry     : HHH000270: Type registration [byte[]] overrides previous : org.hibernate.type.BinaryType@7282af25
2022-08-30 12:27:14.210 DEBUG 9780 --- [    Test worker] org.hibernate.type.BasicTypeRegistry     : Adding type registration [B -> org.hibernate.type.MaterializedBlobType@1aedf08d
2022-08-30 12:27:14.210 DEBUG 9780 --- [    Test worker] org.hibernate.type.BasicTypeRegistry     : HHH000270: Type registration [[B] overrides previous : org.hibernate.type.BinaryType@7282af25
2022-08-30 12:27:14.211 DEBUG 9780 --- [    Test worker] org.hibernate.type.BasicTypeRegistry     : Adding type registration Byte[] -> org.hibernate.type.WrappedMaterializedBlobType@2a661215
2022-08-30 12:27:14.211 DEBUG 9780 --- [    Test worker] org.hibernate.type.BasicTypeRegistry     : HHH000270: Type registration [Byte[]] overrides previous : org.hibernate.type.WrapperBinaryType@21dea711
2022-08-30 12:27:14.211 DEBUG 9780 --- [    Test worker] org.hibernate.type.BasicTypeRegistry     : Adding type registration [Ljava.lang.Byte; -> org.hibernate.type.WrappedMaterializedBlobType@2a661215
2022-08-30 12:27:14.211 DEBUG 9780 --- [    Test worker] org.hibernate.type.BasicTypeRegistry     : HHH000270: Type registration [[Ljava.lang.Byte;] overrides previous : org.hibernate.type.WrapperBinaryType@21dea711
2022-08-30 12:27:14.216 DEBUG 9780 --- [    Test worker] o.h.type.spi.TypeConfiguration$Scope     : Scoping TypeConfiguration [org.hibernate.type.spi.TypeConfiguration@7b4619a3] to MetadataBuildingContext [org.hibernate.boot.internal.MetadataBuildingContextRootImpl@9d3a7a1]
2022-08-30 12:27:14.924 DEBUG 9780 --- [    Test worker] o.h.type.spi.TypeConfiguration$Scope     : Scoping TypeConfiguration [org.hibernate.type.spi.TypeConfiguration@7b4619a3] to SessionFactoryImpl [org.hibernate.internal.SessionFactoryImpl@434d001d]
Hibernate: 
    
    drop table board cascade constraints
Hibernate: 
    
    drop table comments cascade constraints
Hibernate: 
    
    drop table custom_dto_example cascade constraints
Hibernate: 
    
    drop table custom_dto_sort_pages cascade constraints
Hibernate: 
    
    drop table member cascade constraints
Hibernate: 
    
    drop table scraping_entity cascade constraints
Hibernate: 
    
    create table board (
       seq number(19,0) generated as identity,
        create_date date,
        update_date date,
        cnt number(19,0) default 0,
        content varchar2(255 char) default 'no content' not null,
        title varchar2(40 char) not null,
        writer varchar2(40 char) not null,
        id varchar2(40 char),
        primary key (seq)
    )
Hibernate: 
    
    create table comments (
       seq number(19,0) generated as identity,
        create_date date,
        update_date date,
        comments_content varchar2(255 char),
        board_title varchar2(40 char),
        primary key (seq)
    )
Hibernate: 
    
    create table custom_dto_example (
       input_id varchar2(255 char) not null,
        input_title varchar2(255 char),
        input_writer varchar2(255 char),
        primary key (input_id)
    )
Hibernate: 
    
    create table custom_dto_sort_pages (
       seq number(19,0) not null,
        nextid varchar2(255 char),
        next_subject varchar2(255 char),
        previd varchar2(255 char),
        prev_subject varchar2(255 char),
        primary key (seq)
    )
Hibernate: 
    
    create table member (
       seq number(19,0) generated as identity,
        create_date date,
        update_date date,
        email varchar2(255 char),
        id varchar2(40 char) not null,
        password varchar2(255 char),
        primary key (seq)
    )
Hibernate: 
    
    create table scraping_entity (
       seq number(19,0) generated as identity,
        city varchar2(255 char),
        covid19_confirmed varchar2(255 char),
        increase_num varchar2(255 char),
        primary key (seq)
    )
Hibernate: 
    
    alter table board 
       add constraint UK_mph7qe4yv41dlsoap3i3nojto unique (title)
Hibernate: 
    
    alter table member 
       add constraint UK_jp8ds32yg1soswx2rkiagm768 unique (id)
Hibernate: 
    
    alter table board 
       add constraint FKgnbbmgg8w8usef2x3po2j9ue8 
       foreign key (id) 
       references member (id)
Hibernate: 
    
    alter table comments 
       add constraint FKq2t3u0478c3hkeghj5e7rik22 
       foreign key (board_title) 
       references board (title)
2022-08-30 12:27:16.431  INFO 9780 --- [    Test worker] o.h.e.t.j.p.i.JtaPlatformInitiator       : HHH000490: Using JtaPlatform implementation: [org.hibernate.engine.transaction.jta.platform.internal.NoJtaPlatform]
2022-08-30 12:27:16.440 TRACE 9780 --- [    Test worker] o.h.type.spi.TypeConfiguration$Scope     : Handling #sessionFactoryCreated from [org.hibernate.internal.SessionFactoryImpl@434d001d] for TypeConfiguration
2022-08-30 12:27:16.442  INFO 9780 --- [    Test worker] j.LocalContainerEntityManagerFactoryBean : Initialized JPA EntityManagerFactory for persistence unit 'default'
2022-08-30 12:27:20.505  WARN 9780 --- [    Test worker] JpaBaseConfiguration$JpaWebConfiguration : spring.jpa.open-in-view is enabled by default. Therefore, database queries may be performed during view rendering. Explicitly configure spring.jpa.open-in-view to disable this warning
2022-08-30 12:27:21.517  INFO 9780 --- [    Test worker] o.s.b.a.w.s.WelcomePageHandlerMapping    : Adding welcome page template: index
2022-08-30 12:27:22.575  INFO 9780 --- [    Test worker] ectureSpring2CrudProjectApplicationTests : Started LectureSpring2CrudProjectApplicationTests in 13.954 seconds (JVM running for 16.178)
2022-08-30 12:27:27.283  INFO 9780 --- [ null to remote] o.o.selenium.remote.ProtocolHandshake    : Detected dialect: W3C
2022-08-30 12:27:27.441  WARN 9780 --- [    Test worker] o.o.selenium.devtools.CdpVersionFinder   : Unable to find an exact match for CDP version 104, so returning the closest version found: 101
2022-08-30 12:27:27.441  INFO 9780 --- [    Test worker] o.o.selenium.devtools.CdpVersionFinder   : Found CDP implementation for version 104 of 101
<html lang="ko"><head>
<title>시도별 발생동향 &lt; 발생동향 &lt; 코로나바이러스감염증-19</title>




<meta charset="utf-8">
<meta http-equiv="X-UA-Compatible" content="IE=edge">
<meta name="viewport" content="width=device-width, initial-scale=1, user-scalable=yes">
<meta name="author" content="보건복지부, 코로나바이러스감염증-19, 질병관리청">
<meta name="keywords" content="코로나바이러스감염증-19, 코로나바이러스감염증-19, 코로나바이러스, 코로나, 질병관리청, 보건복지부">
<meta name="copyright" content="질병관리청, 보건복지부">
<meta property="og:url" content="http://ncov.mohw.go.kr/">
<meta property="og:type" content="website">
<meta property="og:site_name" content="코로나바이러스감염증-19">
<meta property="og:locale" content="ko">
<meta property="og:title" content="코로나바이러스감염증-19">
<meta property="og:image" content="/static/image/header/homeimg_new.jpg">
    
<link rel="icon" type="image/png" sizes="64x64" href="/static/image/header/ROK.png;jsessionid=vofW1gyZbpOpXFBuEwFK7mip3ya4pEAwr0tFlkR59WNYvZCVbjxBOt4UxMeSSdDE.mohwwas2_servlet_engine40">
<link rel="stylesheet" href="/static/css/co_common.css;jsessionid=vofW1gyZbpOpXFBuEwFK7mip3ya4pEAwr0tFlkR59WNYvZCVbjxBOt4UxMeSSdDE.mohwwas2_servlet_engine40?ver=20220801">
<link rel="stylesheet" href="/static/css/co_component.css;jsessionid=vofW1gyZbpOpXFBuEwFK7mip3ya4pEAwr0tFlkR59WNYvZCVbjxBOt4UxMeSSdDE.mohwwas2_servlet_engine40?ver=20211101">
<link rel="stylesheet" href="/static/css/lightslider.min.css;jsessionid=vofW1gyZbpOpXFBuEwFK7mip3ya4pEAwr0tFlkR59WNYvZCVbjxBOt4UxMeSSdDE.mohwwas2_servlet_engine40">

<script type="text/javascript" async="" src="https://www.google-analytics.com/analytics.js"></script><script src="/static/js/jquery-1.11.2.min.js;jsessionid=vofW1gyZbpOpXFBuEwFK7mip3ya4pEAwr0tFlkR59WNYvZCVbjxBOt4UxMeSSdDE.mohwwas2_servlet_engine40"></script>
<script src="/static/js/lightslider.min.js;jsessionid=vofW1gyZbpOpXFBuEwFK7mip3ya4pEAwr0tFlkR59WNYvZCVbjxBOt4UxMeSSdDE.mohwwas2_servlet_engine40"></script>
<script src="/static/js/co_common.js;jsessionid=vofW1gyZbpOpXFBuEwFK7mip3ya4pEAwr0tFlkR59WNYvZCVbjxBOt4UxMeSSdDE.mohwwas2_servlet_engine40?ver=20211223"></script>

<script type="text/javaScript" language="javascript">

function fn_goMenu(url, brd_id, brd_gubun, data_Gubun){
    
    $("#brdId").val(brd_id);
    $("#brdGubun").val(brd_gubun);
    $("#dataGubun").val(data_Gubun);

    var frm = $("#menuFrm");
    frm.attr("action", url);
    frm.submit();
}

function fn_boardView(url, brdId, brdGubun, ncvContSeq, board_id, dataGubun){
    $("#brdId").val(brdId);
    $("#brdGubun").val(brdGubun);
    $("#ncvContSeq").val(ncvContSeq);
    $("#contSeq").val(ncvContSeq);
    $("#board_id").val(board_id);
    $("#dataGubun").val(dataGubun);

    var frm = $("#menuFrm");
    frm.attr("action", url);
    frm.submit();
}

function fn_tcm_boardView(url, brdId, brdGubun, ncvContSeq, board_id, gubun){
    
    $("#brdId").val(brdId);
    $("#brdGubun").val(brdGubun);
    $("#ncvContSeq").val(ncvContSeq);
    $("#contSeq").val(ncvContSeq);
    $("#board_id").val(board_id);
    $("#gubun").val(gubun);
    
    var frm = $("#menuFrm");
    frm.attr("action", url);
    frm.submit();
    
}

function search( where ){
    var thisForm = $("#"+ where);
    var thisSearch = $(thisForm).find(".searchTerm");
    var cont = "";
    $(thisSearch).each(function() {
        cont += $(this).val();
    });
    
    //특수문자 체크
    if (containsChars(cont,"~!@#$%^&*()+|`=\\[]{};:'\".<>/?")) {
        alert("특수문자는 제외하고 검색해주시기 바랍니다.");
        $(thisSearch).val("");
        event.preventDefault();
        return false;
    }else if ( cont == "" || cont == null || cont == undefined){
        alert("검색어를 입력하세요");
        $(thisSearch).focus();
        event.preventDefault();
        return false;
    }
    
    return true;        
}
</script>

    <link rel="stylesheet" href="/static/css/chart_kr.css?ver=20211101">
    <script src="/static/js/Chart.min.js"></script>
    <script src="/static/js/chartjs-plugin-datalabels.min.js"></script>
    <script src="/static/js/chart_kr.js?ver=20211101"></script>
<script src="//rum.beusable.net/script/b210810e114904u843/2f7b84ef24" async="" type="text/javascript"></script><style type="text/css">/* Chart.js */
@keyframes chartjs-render-animation{from{opacity:.99}to{opacity:1}}.chartjs-render-monitor{animation:chartjs-render-animation 1ms}.chartjs-size-monitor,.chartjs-size-monitor-expand,.chartjs-size-monitor-shrink{position:absolute;direction:ltr;left:0;top:0;right:0;bottom:0;overflow:hidden;pointer-events:none;visibility:hidden;z-index:-1}.chartjs-size-monitor-expand>div{position:absolute;width:1000000px;height:1000000px;left:0;top:0}.chartjs-size-monitor-shrink>div{position:absolute;width:200%;height:200%;left:0;top:0}</style><script src="//rum.beusable.net/script/checker/b210810e114904u843/2f7b84ef24?url=http%3A%2F%2Fncov.mohw.go.kr%2FbdBoardList_Real.do%3FbrdId%3D1%26brdGubun%3D13" async="" type="text/javascript"></script></head>

<body>

<form name="menuFrm" id="menuFrm" method="get">
    <input name="brdId" id="brdId" type="hidden">
    <input name="brdGubun" id="brdGubun" type="hidden">
    <input name="dataGubun" id="dataGubun" type="hidden">
    <input name="ncvContSeq" id="ncvContSeq" type="hidden">
    <input name="contSeq" id="contSeq" type="hidden">
    <input name="board_id" id="board_id" type="hidden">
    <input name="gubun" id="gubun" type="hidden">
</form>


<ul class="top_skipmenu">
    <li><a href="#content">본문 바로가기</a></li>
    <li><a href="#gnb">메뉴 바로가기</a></li>
</ul>
<div class="wrap nj">

        <div class="w_catch">
            <div class="wc_p t_dp_n m_dp_n"><span class="hdn">너비 1180px 이상</span></div>
            <div class="wc_t p_dp_n m_dp_n"><span class="hdn">너비 768px - 1179px</span></div>
            <div class="wc_m p_dp_n t_dp_n"><span class="hdn">너비 767px 이하</span></div>
        </div>

        <div class="navigation t_dp_n m_dp_n">
	        <div>
	            <div class="n_left">
	                <h1 class="corona_h1"><a href="/">코로나바이러스감염증-19</a></h1>
	                <div class="public"><a href="https://ncv.kdca.go.kr/ncov/" target="_blank" title="새창">국민용 누리집<i class="ico_window"><span class="hdn">새창</span></i></a></div>
	                <div class="health"><a href="https://ncv.kdca.go.kr/hcp/" target="_blank" title="새창">보건의료인용 누리집<i class="ico_window"><span class="hdn">새창</span></i></a></div>
	                <div class="test"><a href="http://ncov.mohw.go.kr/static/pncov_5.html" target="_blank" title="새창">코로나19 검사, 진료 안내<i class="ico_window"><span class="hdn">새창</span></i></a></div>
	                <div class="vaccin"><a href="https://ncv.kdca.go.kr/" target="_blank" title="새창">코로나19 예방접종<i class="ico_window"><span class="hdn">새창</span></i></a></div>
	            </div>
	            <div class="n_right">
	                <!-- <ul class="shim">
	                    <li><a href="https://ncv.kdca.go.kr/" target="_blank" title="새창">코로나19 예방접종</a></li>
	                    <li><a href="http://www.mohw.go.kr/" target="_blank" title="새창">중앙사고수습본부</a></li>
	                    <li><a href="http://www.kdca.go.kr/" target="_blank" title="새창">중앙방역대책본부</a></li>
	                </ul> -->
	                <ul class="sns">
	                    <li class="facebook"><a href="http://www.facebook.com/koreadca" target="_blank" title="질병관리청 페이스북으로 새창">페이스북<i class="ico_window"><span class="hdn">새창</span></i></a></li>
	                    <li class="youtube"><a href="https://youtube.com/channel/UCa7-3Zvxg-5Rfxgu3RQY_gw" target="_blank" title="질병관리청 유튜브 새창">유튜브<i class="ico_window"><span class="hdn">새창</span></i></a></li>
	                    <li class="post"><a href="https://post.naver.com/my.nhn?memberNo=20182790" target="_blank" title="질병관리청 포스트 새창">포스트<i class="ico_window"><span class="hdn">새창</span></i></a></li>
	                    <li class="twitter"><a href="http://twitter.com/koreadca" target="_blank" title="질병관리청 트위터 새창">트위터<i class="ico_window"><span class="hdn">새창</span></i></a></li>
	                </ul>
	                <ul class="country">
	                    <li><a href="/en/" target="_blank" title="새창">English<i class="ico_window"><span class="hdn">새창</span></i></a></li>
	                    <li><a href="/cn/" target="_blank" title="새창">中文<i class="ico_window"><span class="hdn">새창</span></i></a></li>
	                </ul>
	            </div>
	        </div>
	    </div>

        <div id="header" class="header">
            <div>
                <div class="h_left">
	                <h1 class="logo"><a href="/">코로나바이러스감염증-19</a></h1>
	                <div class="public"><a href="https://ncv.kdca.go.kr/ncov/" target="_blank" title="새창">국민용 누리집<i class="ico_window"><span class="hdn">새창</span></i></a></div>
	                <div class="health"><a href="https://ncv.kdca.go.kr/hcp/" target="_blank" title="새창">보건의료인용 누리집<i class="ico_window"><span class="hdn">새창</span></i></a></div>
	                <div class="test"><a href="http://ncov.mohw.go.kr/static/pncov_5.html" target="_blank" title="새창">코로나19 검사, 진료안내<i class="ico_window"><span class="hdn">새창</span></i></a></div>
	                <div class="vaccin"><a href="http://ncv.kdca.go.kr/" target="_blank" title="새창">코로나19 예방접종<i class="ico_window"><span class="hdn">새창</span></i></a></div>
	                <div class="t_top_other">
	                    <ul class="t_sns">
	                        <li class="facebook"><a href="http://www.facebook.com/koreadca" target="_blank" title="질병관리청 페이스북으로 새창">페이스북<i class="ico_window"><span class="hdn">새창</span></i></a></li>
	                        <li class="youtube"><a href="https://youtube.com/channel/UCa7-3Zvxg-5Rfxgu3RQY_gw" target="_blank" title="질병관리청 유튜브 새창">유튜브<i class="ico_window"><span class="hdn">새창</span></i></a></li>
	                        <li class="post"><a href="https://post.naver.com/my.nhn?memberNo=20182790" target="_blank" title="질병관리청 포스트 새창">포스트<i class="ico_window"><span class="hdn">새창</span></i></a></li>
	                        <li class="twitter"><a href="http://twitter.com/koreadca" target="_blank" title="질병관리청 트위터 새창">트위터<i class="ico_window"><span class="hdn">새창</span></i></a></li>
	                    </ul>
	                    <!-- <ul class="t_camp">
	                        <li><a href="http://ncv.kdca.go.kr/" target="_blank" title="새창">코로나19 예방접종</a></li>
	                        <li><a href="http://www.mohw.go.kr/" target="_blank" title="새창">중앙사고수습본부</a></li>
	                        <li><a href="http://www.kdca.go.kr/" target="_blank" title="새창">중앙방역대책본부</a></li>
	                    </ul> -->
	                    <ul class="t_country">
	                        <li><a href="/en/" target="_blank" title="새창">English<i class="ico_window"><span class="hdn">새창</span></i></a></li>
	                        <li><a href="/cn/" target="_blank" title="새창">中文<i class="ico_window"><span class="hdn">새창</span></i></a></li>
	                    </ul>
	                </div>
	            </div>
                <div class="h_right">
                    <div id="gnb" class="gnb subfix t_dp_n m_dp_n">
                        <ul>
                            <li class="on"><a href="/bdBoardList.do?brdId=1&amp;brdGubun=11">발생동향</a>
                                <div class="g_fixsub"><div>
                                    <ul>
                                        <li><a href="/bdBoardList.do?brdId=1&amp;brdGubun=11">국내 발생 현황</a></li>
                                        <li><a href="/bdBoardList.do?brdId=1&amp;brdGubun=14">국외 발생 현황</a></li>
                                        <li class="on"><a href="/bdBoardList.do?brdId=1&amp;brdGubun=13">시도별 발생동향</a></li>
                                        <li><a href="/bdBoardList.do?brdId=1&amp;brdGubun=12">확진환자 이동경로</a></li>
                                        <li><a href="/baroView2.do?brdId=1&amp;brdGubun=15">대한민국 방역체계</a></li>
                                    </ul>
                                </div></div>                             
                            </li>
                            <li><a href="/tcmBoardList.do?brdId=3&amp;brdGubun=">뉴스 &amp; 이슈</a>
                                <div class="g_fixsub"><div>
                                    <ul>
                                        <li><a href="/tcmBoardList.do?brdId=3&amp;brdGubun=">보도자료</a></li>
                                        <li><a href="/factBoardList.do?brdId=3&amp;brdGubun=33">코로나19 팩트 &amp; 이슈체크</a></li>
                                        <li><a href="/lastBannerList.do?brdId=3&amp;brdGubun=39">일별 브리핑 이슈 모아보기</a></li>
                                                                                
                                    </ul>
                                </div></div>
                            </li>
                            <li><a href="/infoBoardList.do?brdId=3&amp;brdGubun=32">홍보자료 &amp; FAQ</a>
                                <div class="g_fixsub"><div>
                                    <ul>
                                        <li><a href="/infoBoardList.do?brdId=3&amp;brdGubun=32">홍보자료</a></li>
                                        <li><a href="/faqBoardList.do?brdId=3&amp;brdGubun=38">FAQ</a></li>
                                    </ul>
                                </div></div>
                            </li>
                            <li><a href="http://ncv.kdca.go.kr/menu.es?mid=a30400000000" target="_blank" title="새창열림" data-title="코로나바이러스감염증-19(covid-19) 일반인용(새창열림)">확진시 조치안내<i class="ico_window"><span class="hdn">새창</span></i></a>
                            	<div class="g_fixsub"><div>
                                    <ul>
                                        <li></li>
                                    </ul>
                                </div></div>                            
                            </li>
                            <li><a href="/duBoardList.do?brdId=2&amp;brdGubun=21">공지사항</a>
                                <div class="g_fixsub"><div>
                                    <ul>
                                        <li><a href="/duBoardList.do?brdId=2&amp;brdGubun=21">일반인</a></li>
                                        <li><a href="/duBoardList.do?brdId=2&amp;brdGubun=23">입국자 및 해외여행객</a></li>
                                        <li><a href="/duBoardList.do?brdId=2&amp;brdGubun=22">자가격리자</a></li>
                                        <li><a href="/duBoardList.do?brdId=2&amp;brdGubun=24">의료기관</a></li>
                                        <li><a href="/duBoardList.do?brdId=2&amp;brdGubun=25">집단 및 다중이용시설</a></li>
                                        <li><a href="/duBoardList.do?brdId=2&amp;brdGubun=28">지자체</a></li>
                                        <li><a href="/duBoardList.do?brdId=2&amp;brdGubun=26">기업 및 시장</a></li>
                                    </ul>
                                </div></div>
                            </li>
                            <li><a href="/maskDutyBoardList.do?brdId=7&amp;brdGubun=71">마스크 착용</a>
                                <div class="g_fixsub">
                                    <div>
                                        <ul>
                                            <li><a href="/maskDutyBoardList.do?brdId=7&amp;brdGubun=71">지침·제도</a></li>
                                            <li><a href="/maskDutyBoardList.do?brdId=7&amp;brdGubun=72">FAQ</a></li>
                                            <li><a href="/maskDutyBoardList.do?brdId=7&amp;brdGubun=73">홍보자료</a></li>
                                            <li><a href="/maskDutyBoardList.do?brdId=7&amp;brdGubun=74">시도별 현황</a></li>
                                        </ul>
                                    </div>
                                </div>
                            </li>                            
                            <li><a href="/extendedCareBoardList.jsp?brdId=8&amp;brdGubun=81">코로나19검사&amp;재택치료&amp;치료제</a>
                            	<div class="g_fixsub"><div>
                                    <ul>
                                        <li></li>
                                    </ul>
                                </div></div>
                            </li>
                        </ul>
                    </div>

                    <div class="p_search_btn">
                        <button class="p_open"><span class="hdn">검색영역 열림</span></button>
                        <button class="p_close"><span class="hdn">검색영역 닫힘</span></button>
                    </div>

                    
                    <div class="p_search">
                        <form id="searchForm1" name="searchForm" action="/search/search.jsp" method="post">
                            <input type="hidden" name="pageNum" value="1">                 <!-- 현재페이지 -->
                            <input type="hidden" name="searchTab" value="TOTAL">             <!-- 검색탭 -->
                            <input type="hidden" name="order" value="weight">                         <!-- 정렬 -->
                            <input type="hidden" name="sDate" value="">                         <!-- 시작일자 -->
                            <input type="hidden" name="eDate" value="">                         <!-- 시작일자 -->
                            <input type="hidden" name="searchRange" value="total">     <!-- 검색범위 -->
                            <input type="hidden" name="dateRange" value="all">             <!-- 등록범위 -->
                            <div class="n_search">
                                <label for="searchTermPc123" class="hdn">검색어</label>
                                <input type="text" name="searchTerm" id="searchTermPc123" class="searchTerm" value="" placeholder="검색어를 입력하세요.">
                                <input type="submit" class="btn_search" onclick="search( 'searchForm1' );" title="검색">
                            </div>
                        </form> 
                    </div>
                    
                    
                    <a href="" class="btn_global_search"><span class="hdn">통합검색</span><i></i></a>
                    <div class="global_search">
                        <form id="searchForm2" name="searchForm" action="/search/search.jsp" method="post">
                            <input type="hidden" name="pageNum" value="1">                 <!-- 현재페이지 -->
                            <input type="hidden" name="searchTab" value="TOTAL">             <!-- 검색탭 -->
                            <input type="hidden" name="order" value="weight">                         <!-- 정렬 -->
                            <input type="hidden" name="sDate" value="">                         <!-- 시작일자 -->
                            <input type="hidden" name="eDate" value="">                         <!-- 시작일자 -->
                            <input type="hidden" name="searchRange" value="total">     <!-- 검색범위 -->
                            <input type="hidden" name="dateRange" value="all">             <!-- 등록범위 -->
                            <div class="n_search">
                                <label for="searchTermMobile123" class="hdn">검색어</label>
                                <input type="text" name="searchTerm" id="searchTermMobile123" class="searchTerm" value="" placeholder="검색어를 입력하세요.">
                                <input type="submit" class="btn_search" onclick="search( 'searchForm2' );" title="검색">
                            </div>
                        </form> 
                        <a href="" class="btn_close"><span class="hdn">통합검색닫기</span></a>
                    </div>
                    
                    <a href="" class="btn_global_menu"><span class="hdn">전체메뉴</span><i></i></a> 
                </div>
            </div>
        </div>

        <div class="global_menu">
            <div>
                <div class="gm_title">
                    <div class="gmt_p">
                        <span>전체메뉴</span>
                    </div>
                    <div class="gmt_tm">
                        <div class="gmtt_b">
                            <div class="gmt_site">
                                <ul>
                                    <li><a href="/">홈</a></li>
                                </ul>
                            </div>
                        </div>
                    </div>              
                </div>
                <div class="gm_content">
                    <div>
                        <ul>
                            <li class="open"><a class="gmc_title">발생동향</a>
                                <div class="gmc_list">
                                    <ul>
                                        <li><a href="/bdBoardList.do?brdId=1&amp;brdGubun=11">국내 발생 현황</a></li>
                                        <li><a href="/bdBoardList.do?brdId=1&amp;brdGubun=14">국외 발생 현황</a></li>
                                        <li class="on"><a href="/bdBoardList.do?brdId=1&amp;brdGubun=13">시도별 발생동향</a></li>
                                        <li><a href="/bdBoardList.do?brdId=1&amp;brdGubun=12">확진환자 이동경로</a></li>
                                        <li><a href="/baroView2.do?brdId=1&amp;brdGubun=15">대한민국 방역체계</a></li>
                                    </ul>                               
                                </div>                            
                            </li>                            
                            <li><a class="gmc_title">뉴스 &amp; 이슈</a>
                                <div class="gmc_list">
                                    <ul>
                                        <li><a href="/tcmBoardList.do?brdId=3&amp;brdGubun=">보도자료</a></li>
                                        <li><a href="/factBoardList.do?brdId=3&amp;brdGubun=33">코로나19 팩트 &amp; 이슈체크</a></li>
                                        <li><a href="/lastBannerList.do?brdId=3&amp;brdGubun=39">일별 브리핑 이슈 모아보기</a></li>
                                    </ul>
                                </div>
                            </li>
                            <li><a class="gmc_title">홍보자료 &amp; FAQ</a>
                                <div class="gmc_list">
                                    <ul>
                                        <li><a href="/infoBoardList.do?brdId=3&amp;brdGubun=32">홍보자료</a></li>                                        
                                        <li><a href="/faqBoardList.do?brdId=3&amp;brdGubun=38">FAQ</a></li>                                        
                                    </ul>
                                </div>
                            </li>                                                                 
                            <li><a href="" class="gmc_title">확진시 조치안내</a>
                                <div class="gmc_list">
                                    <ul>
                                        <li><a href="http://ncv.kdca.go.kr/menu.es?mid=a30400000000" target="_blank" title="새창열림" data-title="코로나바이러스감염증-19(covid-19) 일반인용(새창열림)">확진시 조치안내<i class="ico_window"><span class="hdn">새창</span></i></a></li>
                                    </ul>
                                </div>
                            </li>
                            <li><a href="" class="gmc_title">공지사항</a>
                                <div class="gmc_list">
                                    <ul>
                                        <li><a href="/duBoardList.do?brdId=2&amp;brdGubun=21">일반인</a></li>
                                        <li><a href="/duBoardList.do?brdId=2&amp;brdGubun=23">입국자 및 해외여행객</a></li>
                                        <li><a href="/duBoardList.do?brdId=2&amp;brdGubun=22">자가격리자</a></li>
                                        <li><a href="/duBoardList.do?brdId=2&amp;brdGubun=24">의료기관</a></li>
                                        <li><a href="/duBoardList.do?brdId=2&amp;brdGubun=25">집단 및 다중이용시설</a></li>
                                        <li><a href="/duBoardList.do?brdId=2&amp;brdGubun=28">지자체</a></li>
                                        <li><a href="/duBoardList.do?brdId=2&amp;brdGubun=26">기업 및 시장</a></li>
                                    </ul>
                                </div>
                            </li>
                            <li><a href="" class="gmc_title">마스크 착용</a>
                                <div class="gmc_list">
                                    <ul>
                                        <li><a href="/maskDutyBoardList.do?brdId=7&amp;brdGubun=71">지침·제도</a></li>
                                        <li><a href="/maskDutyBoardList.do?brdId=7&amp;brdGubun=72">FAQ</a></li>
                                        <li><a href="/maskDutyBoardList.do?brdId=7&amp;brdGubun=73">홍보자료</a></li>
                                        <li><a href="/maskDutyBoardList.do?brdId=7&amp;brdGubun=74">시도별 현황</a></li>
                                    </ul>
                                </div>
                            </li>
                            <li><a href="" class="gmc_title">코로나19검사&amp;재택치료&amp;치료제</a>
                                <div class="gmc_list">
                                    <ul>
                                        <li><a href="/extendedCareBoardList.jsp?brdId=8&amp;brdGubun=81">코로나19검사&amp;재택치료&amp;치료제</a></li>
                                    </ul>
                                </div>
                            </li>
                        </ul>
                    </div>
                </div>
                <a href="" class="btn_close"><span class="hdn">전체메뉴닫기</span></a>
            </div>
        </div>
        
        <div class="subm_fix">
            <div class="cnt4-3-2 open">
                <ul>
                    <li><a href="/bdBoardList.do?brdId=1&amp;brdGubun=11"><span>국내 발생 현황</span></a></li>
                    <li><a href="/bdBoardList.do?brdId=1&amp;brdGubun=14"><span>국외 발생 현황</span></a></li>
                    <li class="on"><a href="/bdBoardList.do?brdId=1&amp;brdGubun=13"><span>시도별 발생동향</span></a></li>
                    <li><a href="/bdBoardList.do?brdId=1&amp;brdGubun=12"><span>확진환자 이동경로</span></a></li>
                    <li><a href="/baroView2.do?brdId=1&amp;brdGubun=15">대한민국 방역체계</a></li>
                </ul>
            </div>
            <div class="cnt4-2-1 ">
                <ul>
                    <li><a href="/tcmBoardList.do?brdId=3&amp;brdGubun="><span>보도자료</span></a></li>
                    <li><a href="/factBoardList.do?brdId=3&amp;brdGubun=33"><span>코로나19 팩트 &amp; 이슈체크</span></a></li>
                    <li><a href="/lastBannerList.do?brdId=3&amp;brdGubun=39"><span>일별 브리핑 이슈 모아보기</span></a></li>
                </ul>
            </div>
            <div class="cnt2-2-2 ">
                <ul>
                    <li><a href="/infoBoardList.do?brdId=3&amp;brdGubun=32"><span>홍보자료</span></a></li>                                        
                    <li><a href="/faqBoardList.do?brdId=3&amp;brdGubun=38"><span>FAQ</span></a></li> 
                </ul>
            </div>
            <div class="cnt3-3-2 ">
                <ul>
                    <li><a href="/duBoardList.do?brdId=2&amp;brdGubun=21"><span>일반인</span></a></li>
                    <li><a href="/duBoardList.do?brdId=2&amp;brdGubun=23"><span>입국자 및 해외여행객</span></a></li>
                    <li><a href="/duBoardList.do?brdId=2&amp;brdGubun=22"><span>자가격리자</span></a></li>
                    <li><a href="/duBoardList.do?brdId=2&amp;brdGubun=24"><span>의료기관</span></a></li>
                    <li><a href="/duBoardList.do?brdId=2&amp;brdGubun=25"><span>집단 및 다중이용시설</span></a></li>
                    <li><a href="/duBoardList.do?brdId=2&amp;brdGubun=28"><span>지자체</span></a></li>
                    <li><a href="/duBoardList.do?brdId=2&amp;brdGubun=26"><span>기업 및 시장</span></a></li>
                </ul>
            </div>
            <div class="cnt3-3-2 ">
                <ul>
                    <li><a href="/socdisBoardView.do?brdId=6&amp;brdGubun=1"><span>거리 두기 체계 개요</span></a></li>
                    <li><a href="/socdisBoardList.do?brdId=6&amp;brdGubun=64&amp;dataGubun=641"><span>단계별 실행방안</span></a></li>  
                    <li><a href="/socdisBoardList.do?brdId=6&amp;brdGubun=65&amp;dataGubun=651"><span>주요 시설·활동 조치사항</span></a></li>
                    <li><a href="/regSocdisBoardView.do?brdId=6&amp;brdGubun=68&amp;ncvContSeq=495"><span>지역별 거리 두기 단계 현황</span></a></li>
                </ul>
            </div>
            <div class="cnt4-4-2 ">
                <ul>
                    <li><a href="/maskDutyBoardList.do?brdId=7&amp;brdGubun=71"><span>지침·제도</span></a></li>
                    <li><a href="/maskDutyBoardList.do?brdId=7&amp;brdGubun=72"><span>FAQ</span></a></li>
                    <li><a href="/maskDutyBoardList.do?brdId=7&amp;brdGubun=73"><span>홍보자료</span></a></li>
                    <li><a href="/maskDutyBoardList.do?brdId=7&amp;brdGubun=74"><span>시도별 현황</span></a></li>
                </ul>
            </div>
        </div>       

<script type="text/javaScript" language="javascript">

function fn_search(pageNo){
    $("#pageIndex").val(pageNo);
    fn_submit();
}

// 권우주 - 21.05.27 - 시도별상세(시군구) 닫기 버튼 클릭 - 작업1 START
function MM_showHideLayers(id) { //v9.0
    var map = "map_city" + id.replace("zone_popup", "");
    document.getElementById(id).className = "";
    document.getElementById(map).className = "open";
}
// END1
</script>

<div class="container"><!-- main_container -->
    <div>
        <div id="content" class="content">
            <div>
                <div class="sub_top">
                    <div class="st_navigation">
                        <ul>
                            <li><a href="/"><span class="hdn">홈</span></a></li>
                            <li><a href="javascript:void(0);" onclick="javascript:fn_goMenu('/bdBoardList.do', '1', '11', '');">발생동향</a></li>
                            <li><a href="javascript:void(0);" onclick="javascript:fn_goMenu('/bdBoardList.do', '1', '13', '');">시도별 발생동향</a></li>
                        </ul>
                    </div>
                    <div class="st_title">
                        <div class="fl_l">
                            <h3>시도별 발생동향</h3>
                        </div>
                    </div>
                </div>
                <!-- s: content -->                      
                <div class="timetable">
                    <p class="info"><span>2022년 08.30. 00</span>시 기준</p>
                </div>
                <div class="regional_patient_status_A">
                    <div class="rpsa_map">
                        <p class="rpsam_descript">시도를 클릭하시면 상세 현황을 확인할 수 있습니다.<br><span class="info">( ) 숫자는 전일대비 증감수치</span></p>
                        <div class="rpsam_graph">
                            <div id="main_maplayout">
<button type="button" data-city="map_city1"><span class="name">서울</span><span class="num">4,545,050</span><span class="before">(+20418)</span></button><button type="button" data-city="map_city2"><span class="name">부산</span><span class="num">1,393,146</span><span class="before">(+7813)</span></button><button type="button" data-city="map_city3"><span class="name">대구</span><span class="num">991,092</span><span class="before">(+6108)</span></button><button type="button" data-city="map_city4"><span class="name">인천</span><span class="num">1,332,407</span><span class="before">(+6477)</span></button><button type="button" data-city="map_city5"><span class="name">광주</span><span class="num">683,592</span><span class="before">(+2953)</span></button><button type="button" data-city="map_city6"><span class="name">대전</span><span class="num">667,216</span><span class="before">(+3884)</span></button><button type="button" data-city="map_city7"><span class="name">울산</span><span class="num">504,261</span><span class="before">(+2103)</span></button><button type="button" data-city="map_city8"><span class="name">세종</span><span class="num">179,728</span><span class="before">(+1067)</span></button><button type="button" data-city="map_city9"><span class="name">경기</span><span class="num">6,219,245</span><span class="before">(+30289)</span></button><button type="button" data-city="map_city10"><span class="name">강원</span><span class="num">674,728</span><span class="before">(+3192)</span></button><button type="button" data-city="map_city11"><span class="name">충북</span><span class="num">717,798</span><span class="before">(+3789)</span></button><button type="button" data-city="map_city12"><span class="name">충남</span><span class="num">926,522</span><span class="before">(+5304)</span></button><button type="button" data-city="map_city13"><span class="name">전북</span><span class="num">780,376</span><span class="before">(+3957)</span></button><button type="button" data-city="map_city14"><span class="name">전남</span><span class="num">769,878</span><span class="before">(+4523)</span></button><button type="button" data-city="map_city15"><span class="name">경북</span><span class="num">1,031,052</span><span class="before">(+4940)</span></button><button type="button" data-city="map_city16"><span class="name">경남</span><span class="num">1,394,061</span><span class="before">(+7762)</span></button><button type="button" data-city="map_city17"><span class="name">제주</span><span class="num">319,552</span><span class="before">(+1035)</span></button><button type="button" data-city="map_city18"><span class="name">검역</span><span class="num">12,775</span><span class="before">(+24)</span></button>
                                <svg xmlns="http://www.w3.org/2000/svg" xmlns:xlink="http://www.w3.org/1999/xlink" version="1.1" id="Layer_1" x="0px" y="0px" width="362px" height="480px" viewBox="0 0 400 530" enable-background="new 0 0 362 480" xml:space="preserve">
                                    <g>
                                        <!--서울 main_map_city1 //-->
                                        <path class="map_city1" fill="#118ac9" stroke="#FFFFFF" stroke-miterlimit="10" d="M114.468,114.24l1.271,2.857l-0.635,2.222l2.857,0.635   l2.857,1.905l3.81,3.174h3.174c0,0,2.857-0.953,3.809-0.953c0.953,0,1.27,1.271,1.27,1.271l1.905,1.587h1.904h2.222l2.857-2.857   l3.492-2.539c0,0,0.952-2.222,0.952-3.174s0.317-2.857,0.317-2.857l1.587-2.222l-1.587-0.635h-2.856l-1.905-1.27l0.318-1.27   l0.952-2.54v-2.54l-0.317-2.222c0,0-0.318-1.587-0.953-2.54c-0.635-0.952-2.222-1.27-2.222-1.27l-5.079-0.635l-1.27,2.222   l-2.857,2.222l-3.491-0.952l-1.588,3.174l-1.904,3.492l-4.762-0.318l-3.492-0.952l-3.242,0.884l0.703,0.703l-1.905,3.492   l-0.006,0.019l1.594,0.298L114.468,114.24z"></path>
                                        <!--부산 main_map_city2 //-->
                                        <path class="map_city2" fill="#118ac9" stroke="#FFFFFF" stroke-miterlimit="10" d="M324.614,374.858l-1.27-1.586l-3.492-0.636l-2.856,0.316   l-1.588,0.953l-3.175,1.27c0,0-0.634-0.635-1.269,0.317c-0.637,0.953-1.588,2.54-3.176,3.493c-1.587,0.95-0.635,1.904-3.491,2.221   c-2.856,0.318-2.856,0.318-2.856,0.318s-1.271,1.27-2.223,2.222c-0.951,0.952-2.539,2.857-2.539,2.857s-0.635,0.317-2.538,0.634   c-1.907,0.317-2.542,0-3.811,0.636c-1.271,0.634-4.127,1.269-4.127,1.269s-1.587,0.954-2.539,2.541   c-0.954,1.587,0.952,0.317-0.954,1.587c-1.903,1.27-3.49,0.318-4.126,1.27c-0.634,0.953,0-0.634-0.634,0.953   c-0.636,1.587,0.951,1.903,0.951,2.856c0,0.951,0.318,2.54,0.318,2.54s-0.636,1.586-1.27,2.856   c-0.171,0.341-0.55,1.053-1.012,1.907h1.22h2.963h4.656l3.387-0.847l2.538-1.269l0.424,4.655l2.963,0.423l2.964-0.423l3.385,1.27   l0.847-3.387l3.386-0.423l3.385-2.962c5.08-1.271,7.197-5.079,7.197-5.079l2.539-6.349l1.27-2.54l2.54-4.233l2.116-2.962   l2.183-0.991c-0.702-0.854-1.335-1.551-1.335-1.551L324.614,374.858z"></path>
                                        <!--대구 main_map_city3 //-->
                                        <path class="map_city3" fill="#118ac9" stroke="#FFFFFF" stroke-miterlimit="10" d="M257.634,330.416l2.54-1.268l3.492-0.318l1.586,3.491l3.175,0.317   l2.856-1.27c0,0,0.317-2.856,0.317-3.809s1.271-3.811,1.271-3.811s0.635-1.27,0.952-2.221c0.318-0.952,0.318-1.588,0.318-2.541   c0-0.951,0-2.222,0-2.222l0.952-1.905c0,0,0,0,2.539,0s2.539-1.586,2.539-1.586l-0.635-1.905l-1.586-2.538l0.951-2.223v-2.54   c0,0-0.635-2.539-1.27-3.491c-0.634-0.953-3.81-1.27-3.81-1.27h-6.35l-4.443,2.538l-3.491,2.858l-1.271,2.856l-1.27,2.54   l-2.856-0.318l-0.317-3.174l-1.588-0.953l-4.127,0.636l-2.856,2.857l-1.271,1.586l1.589,2.54l4.443,0.951l2.222,1.27v2.541   l-2.222,1.27l-3.81,0.635l-1.588,4.128l1.905,3.808l0.636,2.222l-1.271,1.588l-1.586,1.27l-2.223-1.587h-1.269l0.316,2.223   l0.952,2.221l1.588,1.589l0.316,3.174c0,0,2.223-0.635,3.176-0.635c0.951,0,5.396-1.27,5.396-1.27l2.54-3.81l0.444,0.963   l0.509-2.232L257.634,330.416z"></path>
                                        <!--인천 main_map_city4 //-->
                                        <g>
                                            <polygon class="map_city4" fill="#118ac9" stroke="#FFFFFF" stroke-miterlimit="10" points="92.351,111.492 89.811,111.068 86.002,113.185     81.77,113.185 77.96,113.607 75.421,117.84 80.5,122.496 84.31,122.496 87.272,121.227 91.504,119.957 92.774,117.84     96.16,116.147 94.891,112.762    "></polygon>
                                            <polygon class="map_city4" fill="#118ac9" stroke="#FFFFFF" stroke-miterlimit="10" points="78.383,125.036 77.537,128.845 80.077,130.115     81.77,127.152 80.077,125.036    "></polygon>
                                            <path class="map_city4" fill="#118ac9" stroke="#FFFFFF" stroke-miterlimit="10" d="M78.383,109.798l-0.423-2.539l-4.233-0.423l-1.693,0.846    l0.847,2.539c0,0,0.846,0,2.116,0.423C76.267,111.068,78.383,109.798,78.383,109.798z"></path>
                                            <path class="map_city4" fill="#118ac9" stroke="#FFFFFF" stroke-miterlimit="10" d="M109.39,116.144l1.27-3.809l1.905-3.492l-1.587-1.587    c0,0-4.126-2.222-5.396-2.856c-1.27-0.635-1.587-2.857-1.587-2.857s-3.175,0.318-4.127,0.318s-2.859,3.282-2.859,3.282    l0.847,5.925v2.54v5.926l2.116,5.501l3.809,2.963l1.693,1.693l0.085,0.765c1.067-0.604,2.039-1.195,2.563-1.613    c1.587-1.27,1.587-1.27,1.587-1.27l0.635-3.492c0,0,0-1.904,0-2.856c0-0.953-1.905-1.588-1.905-1.588s-0.635-1.904-0.635-2.857    C107.802,115.827,109.39,116.144,109.39,116.144z"></path>
                                            <path class="map_city4" fill="#118ac9" stroke="#FFFFFF" stroke-miterlimit="10" d="M90.658,96.255c0-1.27,0-3.81,0-3.81s0-2.963,0-4.232    c0-1.27-1.27-4.656-1.27-4.656l-1.27-3.81l-2.962-2.963l-2.117-0.423l-2.963,2.117l-2.116,3.386c0,0,0.424,2.539,0.424,3.809    s1.692,4.656,1.692,4.656l0.424,3.386l-0.847,3.386c0,0-1.269,1.693,0,2.963c1.27,1.269,1.693,1.692,3.386,2.115    s3.81,0.847,5.079,0.423c1.27-0.423,2.117-2.116,2.117-2.116S90.658,97.524,90.658,96.255z"></path>
                                            <path class="map_city4" fill="#118ac9" stroke="#FFFFFF" stroke-miterlimit="10" d="M73.305,79.748c0-1.27-0.423-2.963-0.423-2.963l-3.81-0.846    l-2.962,3.809c0,0,0.423,2.54,1.693,2.54s5.079-0.846,5.079-0.846S73.305,81.018,73.305,79.748z"></path>
                                            <path class="map_city4" fill="#118ac9" stroke="#FFFFFF" stroke-miterlimit="10" d="M75.421,88.213l-1.27-2.54l-1.693-1.27    c-1.27,2.117-2.539,3.81-2.539,3.81l0.847,2.54l2.116,2.539l0.847,3.386l2.539-1.693v-2.963l-0.423-1.693L75.421,88.213z"></path>
                                            <polygon class="map_city4" fill="#118ac9" stroke="#FFFFFF" stroke-miterlimit="10" points="63.569,97.524 63.993,100.91 66.533,98.371     66.109,94.138  "></polygon>
                                        </g>
                                        <!--광주  main_map_city5 //-->
                                        <path class="map_city5" fill="#118ac9" stroke="#FFFFFF" stroke-miterlimit="10" d="M106.533,377.08l-2.222-3.808l-2.857-2.54c0,0-0.952,0-1.905,0   c-0.952,0-3.492,0.952-3.492,0.952l-5.714,1.269l-4.444-2.539c0,0-2.54,0.318-3.174,1.271s-3.492,3.809-3.492,3.809l-1.587,1.587   c0,0-1.27,1.906-1.27,2.856c0,0.954,0,1.905,0.952,3.493c0.953,1.588,0.953,1.588,0.953,1.588l2.857,1.27l3.492,0.951l2.222,2.223   l1.905,2.223l2.856-0.317l4.127,0.317l4.444-1.27l1.905,0.952l2.54,0.317c0,0-0.318-0.953,0.952-1.27   c1.27-0.317,2.222-2.223,2.222-2.223l0.953-2.223c0,0,1.587-2.856,1.587-3.808c0-0.954-1.27-3.175-1.27-3.175L106.533,377.08z"></path>
                                        <!--대전  main_map_city6 //-->
                                        <path class="map_city6" fill="#118ac9" stroke="#FFFFFF" stroke-miterlimit="10" d="M166.212,256.453c0-1.587,1.269-2.857,1.269-2.857l0.953-2.222   l1.904-2.222l0.318-2.222l-2.222-2.857l-0.953-3.175l-2.539-1.27l-2.857,1.27l-2.223-1.27l-1.27-3.174l-2.222-1.587l-1.117-0.319   c-0.077,0.509-0.153,1.125-0.153,1.589c0,0.953-1.905,2.539-1.905,2.539l-3.81,3.175h-2.857l0.635,4.126l-1.905,5.079   c0,0-0.952,2.54-0.952,3.492c0,0.952,0,2.857,0.635,5.713c0.634,2.857,2.222,5.713,2.222,5.713l3.809,2.225l1.27-3.176l0.318-4.127   l1.904,1.27l0.953,3.491l1.587,1.904c0,0,0.953,0,1.905,0s4.761-0.951,4.761-0.951l1.905-2.222l0.14,0.016   c0.386-1.914,1.447-3.824,1.447-3.824S166.212,258.042,166.212,256.453z"></path>
                                        <!--울산   main_map_city7 //-->
                                        <path class="map_city7" fill="#118ac9" stroke="#FFFFFF" stroke-miterlimit="10" d="M337.947,342.162l-5.398-0.635l-2.221,1.588l-3.174,0.633   c0,0-0.318-0.316-0.952-1.268c-0.637-0.953-2.223-3.493-2.223-3.493l-1.271-2.539c0,0-0.634,0.318-3.492-0.636   c-2.855-0.951-2.855-0.951-2.855-0.951l-2.541-0.635c0,0-0.634-0.635-1.587,0c-0.952,0.635-2.856,1.905-2.856,1.905   s-1.27,0.316-2.223,2.221c-0.952,1.905-1.27,3.81-1.27,3.81l-2.539,0.318l-1.904,2.54c0,0,0.952,3.809,0,4.126   c-0.953,0.317-2.856,1.27-2.856,1.27s-0.637,2.539-0.317,3.491c0.317,0.952,4.443,3.492,4.443,3.492l2.856,0.316l1.904,2.542   c0,0,2.541,0.951,2.856,1.903c0.319,0.953,0.953,1.903,2.223,3.174c1.27,1.271,1.905,0.952,2.541,1.905   c0.634,0.952,2.222,1.905,2.222,1.905s0.952,1.587,0.952,2.539c0,0.212,0.049,0.618,0.122,1.115l1.465-0.163l3.492,0.636   l1.27,1.586l0.951,4.128c0,0,0.633,0.696,1.335,1.551l2.473-1.125l2.117-3.388l0.422-2.539l0.424-3.386l1.27-3.386l2.541-2.963   h1.692l3.386-3.809l0.846-6.351l0.848-6.771v-1.692l0.345-0.72l-1.825-0.342L337.947,342.162z"></path>
                                        <!--세종 main_map_city8 //-->
                                        <path class="map_city8" fill="#118ac9" stroke="#FFFFFF" stroke-miterlimit="10" d="M146.847,209.79l-1.904-1.588l-4.126-1.904   c0,0-1.27-0.317-2.222,0c-0.953,0.318-2.222,0.952-2.222,0.952s-0.317,2.54-0.317,3.492c0,0.953-0.318,1.27,0,3.175   c0.317,1.905,1.587,3.174,1.587,4.126s1.587,3.175,1.587,3.175s0.952,0.952,2.222,0.952s1.587,2.54,1.587,2.54   s-0.317,0.953-0.317,1.904c0,0.953,0,3.174,0,3.174l2.222,3.175l-0.318,1.587c0,0-1.904-1.27-1.587,1.587   c0.317,2.857,3.492,4.444,3.492,4.444l0.762,1.27h2.095l3.81-3.175c0,0,1.905-1.586,1.905-2.539c0-0.952,0.317-2.54,0.317-2.54   v-3.491l-2.54-2.857l-0.952-2.539c0,0-1.27-3.175-1.27-4.126c0-0.953,0.952-3.493,0.952-3.493l0.318-4.126l0.635-2.857h-2.54   L146.847,209.79z"></path>
                                        <!--경기 main_map_city9 //-->
                                        <path class="map_city9" fill="#118ac9" stroke="#FFFFFF" stroke-miterlimit="10" d="M205.359,122.073l3.387-2.962l-3.387-0.424   c0,0-5.502-1.693-8.041-3.385c-2.54-1.693-1.693-1.27-2.963-2.54c-1.27-1.27-2.539-3.386-2.539-3.386l-3.81-0.423c0,0,0,0-1.27,0   s-2.539,1.693-2.539,1.693l-1.693-0.847c0,0,0-2.539,0.847-3.809c0.846-1.27,0.423-2.54,0.423-2.54l0.423-3.385l-2.963-0.423   c0,0-0.847-1.693-0.847-2.963c0-1.27,1.271-1.693,1.271-1.693l0.846-2.963c0,0-0.423-1.693-0.423-2.963s1.693-4.232,1.693-4.232   l3.808-2.54l3.386-0.846l1.693-4.233l-2.539-4.232l-2.963-2.54l-2.115-3.81c0,0-2.116,0.423-7.196-2.54l-0.847-5.502l-0.423-4.232   l-1.693-0.847h-3.809l-1.694,0.847l-3.386,0.846l-2.962-1.27l1.693-4.233l1.693-3.385l-1.27-2.116l-3.386,1.693l-2.962,1.693   l-2.54-1.27l-0.847-4.233l-2.539-5.079l-4.656-1.693l0.814-3.798l-3.353,1.258l-5.079,0.846l-2.962,1.693l-0.423,4.233   l-1.693,0.846l-4.655-2.54l-3.81-0.423l-2.54,0.423l-4.656,2.54l-3.81,2.962l-0.423,3.81l0.846,3.386l2.54,1.693   c0,0,1.27,0.423,3.387,0c2.116-0.423,4.232,0.423,4.232,0.423l1.693,1.27l-1.27,2.116l-0.847,2.116l-3.386,0.424l-1.693,2.116   l-1.693,0.846l-0.423,2.116l2.116,3.386v3.386l-1.693,1.27l-1.693-0.846l-2.54-2.54l0.423-2.962h-2.116c0,0-1.27,1.269-2.54,1.269   c-1.27,0-3.81,0-3.81,0l-1.27,1.693l2.963,1.27c0,0,2.116,1.27,2.54,2.54c0.423,1.27,0.846,4.656,0.846,4.656l-3.386,0.847   l-0.424,2.116l-0.846,2.54v7.195c0,0,0,4.655,0,5.925s-2.963,1.27-2.963,1.27l0.424-3.81l-1.693-5.925l-5.08-0.847l-3.386,0.423   l-0.847,3.386v4.232v5.08l1.693,3.809l1.269,2.116c0,0,1.907-3.282,2.859-3.282s4.127-0.318,4.127-0.318s0.317,2.222,1.587,2.857   c1.27,0.634,5.396,2.856,5.396,2.856l0.885,0.884l3.242-0.884l3.492,0.952l4.762,0.318l1.904-3.492l1.588-3.174l3.491,0.952   l2.857-2.222l1.27-2.222l5.079,0.635c0,0,1.587,0.317,2.222,1.27c0.635,0.953,0.953,2.54,0.953,2.54l0.317,2.222v2.54l-0.952,2.54   l-0.318,1.27l1.905,1.27h2.856l1.587,0.635l-1.587,2.222c0,0-0.317,1.905-0.317,2.857s-0.952,3.174-0.952,3.174l-3.492,2.539   l-2.857,2.857h-2.222h-1.904l-1.905-1.587c0,0-0.317-1.271-1.27-1.271c-0.952,0-3.809,0.953-3.809,0.953h-3.174l-3.81-3.174   l-2.857-1.905l-2.857-0.635l0.635-2.222l-1.271-2.857l-2.222-1.587l-1.594-0.298l-1.263,3.79c0,0-1.587-0.317-1.587,0.635   c0,0.953,0.635,2.857,0.635,2.857s1.905,0.635,1.905,1.588c0,0.952,0,2.856,0,2.856l-0.635,3.492c0,0,0,0-1.587,1.27   c-0.523,0.418-1.496,1.009-2.563,1.613l0.337,3.044l-1.269,2.963l1.693,2.117l1.693,3.386h-3.386l-4.656-0.423l-3.386-0.423   l-5.08,1.27c0,0-1.269,3.386-1.269,4.656s2.962,2.116,2.962,2.116l2.963-0.423c0,0,2.539,1.692,2.539,4.232s1.27,5.502,1.27,5.502   l3.386,0.423l3.385-3.386h3.81l-0.423,5.079l-2.54,2.116v5.079l0.847,3.387c0,0,3.386,5.079,3.386,6.348   c0,1.27,4.655,5.502,4.655,5.502l2.963,1.693l7.091-1.271c0,0,4.127-0.635,5.08-0.635c0.953,0,4.762-0.317,4.762-0.317l2.857-2.54   c0,0,3.174,0,3.809,0.953c0.635,0.953,4.762,5.079,4.762,5.079l3.492,2.857l1.905,0.635l4.127-4.127l4.126-4.444l5.396-4.444   l3.492-1.904c0,0,2.54-2.54,3.492-2.54c0.952,0,2.857-0.318,3.81,0c0.952,0.317,1.586,0.317,2.539,0.317   c0.953,0,5.396-2.222,5.396-2.222l1.588-3.174l0.317-2.856l1.904-1.27l1.905,0.317c0,0,0.952-0.317,1.905-1.27   c0.736-0.736,2.604-2.604,3.417-3.418c-0.077-0.91-0.139-1.949-0.139-2.927c0-2.54,1.693-5.926,1.693-5.926l1.692-5.079v-5.502   l1.693-3.387l2.54-5.079l-3.386-2.54l0.846-3.809L205.359,122.073z"></path>
                                        <!--강원 main_map_city10 //-->
                                        <path class="map_city10" fill="#118ac9" stroke="#FFFFFF" stroke-miterlimit="10" d="M344.188,174.556c-0.424-1.27,0-6.348,0-7.619   c0-1.27,0-3.81,0-3.81l-5.08-8.041c0,0-0.422-2.962-1.691-4.655s-2.964-6.349-2.964-6.349s-3.386-4.656-4.232-5.925   c-0.847-1.271-3.81-4.656-3.81-4.656l-1.269-3.809l-2.117-2.963c0,0-0.847-0.847-1.693-3.809c-0.846-2.963-1.27-3.81-1.27-5.08   c0-1.269,0-5.079,0-5.079l-5.079-6.349l-8.466-11.428l-5.501-9.312l-2.962-6.348l-4.657-4.656l-4.231-4.233l-1.271-9.313   l-2.54-8.465c0,0-2.115-4.232-2.115-5.925c0-1.693-4.233-11.851-4.233-11.851s-2.963-3.386-2.963-5.926s-2.962-10.582-2.962-10.582   l-2.964-5.079l-1.27-5.502l-2.539-5.502l-2.54,0.423l-2.962,0.422l-2.116,3.81v5.502l0.423,6.349l-2.963,4.655l-6.348,4.656   l-4.231,1.27l-5.504,2.54l-4.655,3.386l-6.772-2.116l-5.079-1.27l-4.655-1.693l-2.54,0.847l-1.27,2.962l-2.116-0.846l-1.693-2.963   l-2.117-0.846l-2.962,1.27l-5.078,0.423l-2.54-0.423h-2.963l-2.963-1.27l-1.693,0.423l-3.81,1.694l-2.116,0.845l-1.693-0.845   l-3.387-1.271l-1.692-2.116h-5.926c0,0-2.962-0.423-2.962,0.847s-2.117,0.846-2.117,0.846l-2.962-2.539l-3.809,0.423h-3.809   l-4.656,1.27l-2.963,2.54l-0.033,0.012l-0.814,3.798l4.656,1.693l2.539,5.079l0.847,4.233l2.54,1.27l2.962-1.693l3.386-1.693   l1.27,2.116l-1.693,3.385l-1.693,4.233l2.962,1.27l3.386-0.846l1.694-0.847h3.809l1.693,0.847l0.423,4.232l0.847,5.502   c5.08,2.963,7.196,2.54,7.196,2.54l2.115,3.81l2.963,2.54l2.539,4.232l-1.693,4.233l-3.386,0.846l-3.808,2.54   c0,0-1.693,2.962-1.693,4.232s0.423,2.963,0.423,2.963l-0.846,2.963c0,0-1.271,0.423-1.271,1.693c0,1.27,0.847,2.963,0.847,2.963   l2.963,0.423l-0.423,3.385c0,0,0.422,1.27-0.423,2.54c-0.847,1.27-0.847,3.809-0.847,3.809l1.693,0.847c0,0,1.27-1.693,2.539-1.693   s1.27,0,1.27,0l3.81,0.423c0,0,1.269,2.116,2.539,3.386c1.27,1.27,0.423,0.847,2.963,2.54c2.539,1.692,8.041,3.385,8.041,3.385   l3.387,0.424l-3.387,2.962l-3.809,2.117l-0.846,3.809l3.386,2.54l-2.54,5.079l-1.693,3.387v5.502l-1.692,5.079   c0,0-1.693,3.386-1.693,5.926c0,2.539,0.424,5.502,0.424,5.502s0,1.693,3.809,2.54s9.735,0.847,9.735,0.847l2.115-1.27l0.848-2.116   v-3.386c1.692-2.116,5.079-3.81,5.079-3.81l2.962-0.423c0,0,1.27,1.693,1.693,2.962c0.423,1.271,0.423,4.656,0.423,4.656   l2.539,1.693c0,0,2.541-1.693,3.811-1.693s0.846-2.116,3.809-2.116s5.079,0,5.079,0l2.539-1.693c0,0,4.233,2.116,5.502,2.539   c1.27,0.423,4.234,1.693,4.234,1.693l-1.27,2.116l-2.965,0.847l-2.115,1.693v2.54l1.693,0.423h4.656l2.962-1.693l3.81,1.27   c0,0,0.423,2.962,0.846,4.232c0.424,1.27,4.232,1.693,4.232,1.693l2.963-0.846l3.386,1.692c0,0,2.116,1.693,3.385,2.54   c1.271,0.847,5.504,1.27,5.504,1.27l1.693,2.117l4.655,1.692l2.962-0.423l0.424-2.54l3.387-2.117h1.692l3.387,1.693l0.846,2.963   l2.54,0.847l1.271-1.694l2.539-1.693l2.116-0.423c0,0,1.27,0.423,2.539,0.846c1.271,0.423,4.232,1.27,4.232,1.27h3.387l3.387-2.116   l5.077,0.423c0,0,0.423,2.962,2.54,4.232c2.116,1.27,3.81,1.693,3.81,1.693l2.116-3.809l2.54-3.386l5.078-1.27l4.213-1.872   C344.425,175.224,344.284,174.845,344.188,174.556z"></path>
                                        <!--충북 main_map_city11 //-->
                                        <path class="map_city11" fill="#118ac9" stroke="#FFFFFF" stroke-miterlimit="10" d="M181.131,287.245l3.492,1.587l1.27,1.27l2.222,0.953   c0,0,4.127-0.318,5.08-1.271c0.952-0.952,2.857,0.636,2.857,0.636l3.809,0.316l4.125-2.538l3.811-3.81l1.27-3.81v-1.904   c0,0,0-3.175,0-4.128c0-0.952,2.54-0.952,2.54-0.952l3.809-0.634l1.271-3.491c0,0-1.588-2.858-3.493-4.445   c-1.903-1.587,0,0-0.951,0.634c-0.952,0.637-5.08-0.951-5.08-0.951s-2.221-1.588-3.175-1.588c-0.951,0-2.539,0-3.491,0   c-0.953,0-1.904-0.317-2.539-2.222c-0.635-1.905,0.635-2.856,0.635-2.856l2.54-3.81l1.904-1.27l-1.588-2.222v-4.126   c0,0,0,0,0.953-0.318c0.952-0.317,0.317-2.856,0.317-4.126s-0.952-1.587-0.952-2.54c0-0.953,0.635-3.174,0.635-3.174v-2.54   l-1.588-3.174c0,0-1.586-0.953-1.904-1.904c-0.317-0.952-1.27-0.635-2.223-1.27c-0.951-0.635,0.636-1.904,0.636-1.904l3.174-1.27   l1.587-1.905l1.903,0.953l1.271,1.904l2.223,0.318l0.635-2.54c0,0-0.953-2.222-0.953-3.174c0-0.953-1.27-2.223-1.27-2.223   l0.317-1.904l3.176-0.318l1.904-1.587l2.223-1.587l3.174,1.27l2.538,1.905l1.905-0.317l-0.316-3.174l-1.589-3.174l1.589-3.175   l2.539-0.317l2.222-0.635l2.858-1.905l2.855,0.318l1.588,1.587l1.904,0.953l1.587-2.54l1.588-2.222l1.904-0.953l2.856,0.317   l1.588,2.222l2.538,1.587l1.588,1.905l2.223,0.635l1.904-0.318h2.54l2.222-0.952v-2.222c0,0-1.588-2.222-1.588-3.492   c0-1.27,1.588-2.857,1.588-2.857l0.635-2.539l1.588-2.857l2.857-0.952l0.634-1.904l1.27-1.27h3.493l2.221-2.54l0.317-2.222h2.223   l4.128-1.587l1.36-1.702c-0.662-0.073-4.234-0.49-5.387-1.258c-1.269-0.846-3.385-2.54-3.385-2.54l-3.386-1.692l-2.963,0.846   c0,0-3.809-0.424-4.232-1.693c-0.423-1.27-0.846-4.232-0.846-4.232l-3.81-1.27l-2.962,1.693h-4.656l-1.693-0.423v-2.54l2.115-1.693   l2.965-0.847l1.27-2.116c0,0-2.965-1.27-4.234-1.693c-1.269-0.423-5.502-2.539-5.502-2.539l-2.539,1.693c0,0-2.116,0-5.079,0   s-2.539,2.116-3.809,2.116s-3.811,1.693-3.811,1.693l-2.539-1.693c0,0,0-3.386-0.423-4.656c-0.424-1.27-1.693-2.962-1.693-2.962   l-2.962,0.423c0,0-3.387,1.693-5.079,3.81v3.386l-0.848,2.116l-2.115,1.27c0,0-5.926,0-9.735-0.847s-3.809-2.54-3.809-2.54   s-0.161-1.122-0.285-2.575c-0.813,0.813-2.681,2.682-3.417,3.418c-0.953,0.953-1.905,1.27-1.905,1.27l-1.905-0.317l-1.904,1.27   l-0.317,2.856l-1.588,3.174c0,0-4.444,2.222-5.396,2.222c-0.952,0-1.587,0-2.539-0.317c-0.953-0.318-2.858,0-3.81,0   c-0.953,0-3.492,2.54-3.492,2.54l-3.492,1.904l-5.396,4.444l-4.126,4.444l-4.127,4.127c0,0,0.635,2.54,1.27,3.492   c0.635,0.953,2.222,2.856,2.222,2.856l1.905,2.223l1.904,2.222l2.223,2.857v2.54l-1.27,1.27h-2.857l-1.269-0.952l-2.541,1.904   l-2.222,2.222l-0.635,2.857l-0.318,4.126c0,0-0.952,2.54-0.952,3.493c0,0.952,1.27,4.126,1.27,4.126l0.952,2.539l2.54,2.857v3.491   c0,0-0.083,0.417-0.165,0.951l1.117,0.319l2.222,1.587l1.27,3.174l2.223,1.27l2.857-1.27l2.539,1.27l0.953,3.175l2.222,2.857   l-0.318,2.222l-1.904,2.222l-0.953,2.222c0,0-1.269,1.27-1.269,2.857c0,1.588,0.952,4.128,0.952,4.128s-1.062,1.91-1.447,3.824   l2.717,0.303l4.126,2.539c0,0,1.587,0.316,1.587,2.224c0,1.903,0,3.491,0.318,4.443c0.317,0.951,0.635,2.856,0.952,4.443   c0.317,1.589,1.27,5.715,1.27,5.715l-1.006,1.58l2.276,0.958L181.131,287.245z"></path>
                                        <!--충남 main_map_city12 //-->
                                        <g>
                                            <path class="map_city12" fill="#118ac9" stroke="#FFFFFF" stroke-miterlimit="10" d="M69.495,218.999c0-1.27-2.54-3.809-2.54-3.809l-2.963,0.423    l-1.692,5.079l0.847,5.926l0.423,4.233l1.693,4.232l3.81,0.423c0,0,2.962-2.116,2.962-3.386c0-1.27-0.847-5.079-0.847-6.349    C71.188,224.5,69.495,220.268,69.495,218.999z"></path>
                                            <path class="map_city12" fill="#118ac9" stroke="#FFFFFF" stroke-miterlimit="10" d="M175.417,278.356c-0.317-1.587-0.635-3.492-0.952-4.443    c-0.318-0.952-0.318-2.54-0.318-4.443c0-1.907-1.587-2.224-1.587-2.224l-4.126-2.539l-2.857-0.318l-1.905,2.222    c0,0-3.809,0.951-4.761,0.951s-1.905,0-1.905,0l-1.587-1.904l-0.953-3.491l-1.904-1.27l-0.318,4.127l-1.27,3.176l-3.809-2.225    c0,0-1.588-2.856-2.222-5.713c-0.635-2.856-0.635-4.762-0.635-5.713c0-0.953,0.952-3.492,0.952-3.492l1.905-5.079l-0.635-4.126    h0.762l-0.762-1.27c0,0-3.174-1.587-3.492-4.444c-0.317-2.857,1.587-1.587,1.587-1.587l0.318-1.587l-2.222-3.175    c0,0,0-2.222,0-3.174c0-0.952,0.317-1.904,0.317-1.904s-0.317-2.54-1.587-2.54s-2.222-0.952-2.222-0.952s-1.587-2.222-1.587-3.175    s-1.27-2.222-1.587-4.126c-0.318-1.905,0-2.222,0-3.175c0-0.952,0.317-3.492,0.317-3.492s1.27-0.634,2.222-0.952    c0.952-0.317,2.222,0,2.222,0l4.126,1.904l1.904,1.588l3.175,0.317h2.54l2.222-2.222l2.541-1.904l1.269,0.952h2.857l1.27-1.27    v-2.54l-2.223-2.857l-1.904-2.222l-1.905-2.223c0,0-1.587-1.904-2.222-2.856c-0.634-0.952-1.27-3.492-1.27-3.492l-1.905-0.635    l-3.492-2.857c0,0-4.126-4.126-4.762-5.079c-0.635-0.953-3.809-0.953-3.809-0.953l-2.857,2.54c0,0-3.809,0.317-4.762,0.317    c-0.952,0-5.08,0.635-5.08,0.635l-7.091,1.271l-2.116,2.116l-4.656,2.116l-1.693-3.809c0,0-1.27-2.963-1.693-4.233    c-0.423-1.27-3.81-4.232-3.81-4.232l-5.502-2.539l-5.926-2.117l-3.809-2.54l-5.079-3.386l-3.387,2.116l0.424,5.926l-1.693-0.424    l-3.809-3.809l-3.81,0.423l-3.386,2.117v3.809l3.386,2.54l0.423,3.386l-3.809,4.656l-4.233-0.423l-0.847-2.54l0.423-2.963    l-0.847-4.232l-2.963,2.116l-2.116,1.693l-4.232,0.423l-1.693,3.386l-2.54,3.81l-3.81,2.963c0,0-1.27,1.27-1.27,3.386    s0,2.116,0,2.116s0.847,2.118,2.54,1.693c1.693-0.423,1.693-0.423,1.693-0.423l3.386,0.847l-1.693,2.116l0.847,3.385l4.232-1.692    h1.694l0.846,5.925v6.349l3.81-0.423c0,0,1.27-1.693,1.693-2.962c0.423-1.27,1.693-0.847,2.54,0.422    c0.847,1.27,2.54,2.54,2.54,2.54l4.656-2.116l1.693-2.54l1.27,5.079l-1.27,6.772v7.195l0.423,8.465l1.27,3.81l2.115,4.233    l-1.27,2.539l-1.692,3.81l2.539,2.962v2.54l-1.692,2.962v2.963l-4.233,3.808l-0.847,2.54l2.116,0.424h3.809l2.963,2.115    l2.54,3.387l1.27,3.387l3.386,4.655l2.54,2.115c0,0,0.029,0.061,0.071,0.153c1.532-0.511,3.164-1.056,3.635-1.212    c0.953-0.317,3.492-0.636,4.444-0.953s1.905-0.635,3.175-1.903c1.269-1.271,1.269-1.905,2.856-3.493    c1.587-1.587,1.587-1.904,1.587-1.904s2.54-2.857,3.809-3.491c1.271-0.636,3.492-1.271,3.492-1.271l3.809-0.634l6.031,3.174    l0.317,2.539l3.175,2.54l3.175,0.635h2.222l1.905-1.271c0,0,2.856,0.953,4.444,1.271c1.587,0.318,1.904-0.952,1.904-0.952    s2.222,0,3.175,0c0.952,0,1.904-0.318,1.904-0.318l2.54-1.587l2.222,0.953c0,0,0.953,3.49,1.27,4.443    c0.318,0.952,0.318,2.223,0.318,3.175s0,4.443,0,4.443l0.635,1.588l2.857-2.54l1.587-0.953l0.635,1.588l0.317,2.857l3.492,0.951    l2.857-0.951l1.27-1.27l1.269-2.223l1.905-0.634c0,0,1.904,1.269,2.539,2.222c0.635,0.952,0.635,1.586,0.635,1.586h1.905v-4.444    l2.222-3.49C176.687,284.071,175.734,279.945,175.417,278.356z"></path>
                                            <polygon class="map_city12" fill="#118ac9" stroke="#FFFFFF" stroke-miterlimit="10" points="64.63,240.898 65.899,243.756 70.027,243.121     70.027,239.947 67.805,238.994   "></polygon>
                                        </g>
                                        <!--전남 main_map_city14 //-->
                                        <g>
                                            <path class="map_city14" fill="#118ac9" stroke="#FFFFFF" stroke-miterlimit="10" d="M177.426,438.667v-3.809c0,0,0.423-2.539,0.423-3.809    c0-1.271,0-5.504,0-5.504l-2.962-0.846c0,0-3.387,0.846-4.657,0.846s-6.349-1.269-6.349-1.269l-1.692-4.656l0.846-2.115h3.81    h3.386l1.331-0.999l0.364-2.92l3.175-2.54c0,0,3.174-0.316,4.444-2.222c1.27-1.904,1.27-1.904,1.27-1.904    s-0.317-2.224-0.317-4.128c0-1.903-0.953-2.221-1.587-4.126c-0.635-1.904-2.54-1.587-2.54-1.587s-2.857-3.81-2.857-6.031    c0-2.224-0.952-3.811-0.952-3.811l-2.856-0.951c0,0-2.223-2.223-2.54-3.175c-0.317-0.951,0-1.587,0-3.81s-0.635-3.81-0.635-4.762    c0-0.951,0.635-3.174,0.635-3.174l-1.196-2.155c-0.255,0.793,0.936,1.391-0.708,0.568c-1.904-0.953-3.491-1.904-4.127-2.856    c-0.635-0.953-1.27-2.223-3.491-2.223c-2.222,0-4.127-0.317-4.127-0.317l-2.856-0.635l-3.174,3.175l-3.809,0.952l-4.127-0.636    h-2.857l-4.126-2.221c0,0-1.27-0.955-2.54-0.318c-1.27,0.634-1.904,0.634-2.856,0.634c-0.953,0-1.905,0.318-3.175,0.318    c-1.27,0-3.492,0.634-3.492,0.634l-1.905,0.637l-2.222-2.54l-3.175-0.953l0.953-1.588l2.222-1.904v-3.175l-0.953-2.538    l1.588-2.539l-0.635-3.493l-2.54-1.904l-2.857,0.635l-2.856,2.857l-0.318,4.762l-2.222,1.587l-1.905-1.271l-0.635-3.173    c0,0-1.904-3.176-2.222-4.127c-0.317-0.954-1.904-2.224-1.904-2.224l-2.222-0.635H91.93c0,0-3.492,0.319-4.126,1.27    c-0.635,0.953-1.587,3.493-1.587,3.493s0.317,2.223-0.317,3.491c-0.635,1.271-2.222,3.492-2.222,3.492l-3.174,1.905l-2.856,0.951    l-0.953,2.539l-2.222,0.318l-1.904-1.27l-2.54-0.318l-2.222,0.636c0,0-1.905-0.636-1.905-1.588s-0.635-2.857-0.635-2.857    s-1.269-1.269-1.269-2.856c0-1.587,0.634-3.491,0.634-3.491s-0.634-1.905-1.27-2.856c-0.246-0.368-1.111-1.357-2.078-2.429    l-0.675,0.843l-1.693,2.963l-0.846,3.386v2.964l-2.54,1.693l-1.27,1.692l-2.116,4.232l-4.232,2.116l-1.693,4.232v2.54l4.232,1.692    l2.963,5.927l4.233,5.078l2.54,1.693l-0.846,2.117l-3.387,2.114l-1.693,2.539l-2.963-3.809l-2.963,1.27c0,0-0.846,0.848,0,2.117    c0.847,1.27,0.847,1.27,0.847,1.27l-2.117,2.964l-1.693,2.539l-2.116,2.538l3.386,2.117l3.809-0.422l1.693,4.231l-2.54,3.809    c0,0-2.54,2.117-2.54,3.387s0,6.349,0,6.349l1.27,3.386l4.233,1.693l3.386,2.54l3.81,2.963v3.386l-3.386-0.847l-3.386-3.809    l-3.81-0.848l-1.693,0.848v2.54l2.116,2.962v4.232l-3.386-0.848c0,0-0.424-4.231-0.847-5.501    c-0.423-1.269-1.693-4.656-1.693-4.656l-2.116-1.693l-3.387-0.423c0,0-2.115,1.693-2.115,2.963s0.846,5.079,0.846,5.079    l1.693,3.386c0,0,2.962,3.386,4.656,5.503c1.692,2.115,2.54,3.809,3.809,3.809c1.27,0,3.81,0.425,3.81,0.425l1.692,4.653    l0.847,4.234l2.539,2.116l-1.27,2.962l-0.846,2.541c0,0-0.423,0.846-0.423,2.539c0,1.692,1.693,5.502,1.693,5.502l1.693,2.962    l3.81-0.422c0,0,2.116-0.847,3.386-2.54c1.271-1.693,1.693-2.962,2.117-5.08c0.423-2.115,2.116-2.961,2.116-2.961l5.925-3.388    l3.387-0.845c0,0,2.116-1.694,2.116-2.964c0-1.271,1.693-7.195,1.693-7.195l3.386-3.386c0,0,1.27,2.539,0.847,3.81    c-0.423,1.27-0.847,1.693-0.847,3.808c0,2.117,0.423,5.079,0.847,6.35c0.423,1.27,2.116,2.541,2.116,2.541s1.27,0.424,2.54,0.424    s5.503-0.849,5.503-0.849s0.846-1.271,2.116-2.538c1.27-1.271,2.116-2.964,2.116-2.964l2.116-3.387l1.271-3.385v-4.233l1.27-2.115    l3.386-1.693l1.692-1.271l4.656-2.539l4.232-0.847l5.079-2.539l4.656-3.81l3.386,1.271l2.54,0.423l1.693,3.386l-2.54,5.079    l-0.846-2.963l-3.386-0.847l-2.116,2.539v4.233l-2.963,3.811l-1.693-0.424l-2.962,0.424c0,0-5.502,1.691-5.502,2.962    c0,1.268,1.693,5.502,1.693,5.502s2.116,0.423,3.387,0.423c1.27,0,2.962,0,4.231,0c1.27,0,2.117-1.271,3.387,0.847    c1.27,2.117,2.54,4.232,2.54,4.232l2.116,5.078l2.54-0.422c0,0,0-1.693,0.846-2.963c0.847-1.271,2.541-1.271,2.541-1.271    s0.846-0.423,2.116-2.116c1.269-1.692,2.962-2.116,2.962-2.116v-2.54c0,0-1.27-2.963,0-2.963c1.27,0,3.81-0.845,3.81-0.845    l3.386-0.847l0.846-3.386l-1.27-2.964l-4.232-4.231c0,0-2.963-2.541-2.963-3.811s0-6.348,0-6.348l2.539-3.81l5.925-3.387h6.349    c0,0,0.423,1.27,0.847,2.539c0.423,1.27,2.54,5.079,2.54,5.079l-0.423,3.81l-1.693,2.963v4.656l2.54,3.385l2.539,1.27l1.27-1.691    v-4.233l2.54-3.386h4.233l4.656,2.116L177.426,438.667z M108.755,385.969l-0.953,2.223c0,0-0.952,1.905-2.222,2.223    c-1.27,0.316-0.952,1.27-0.952,1.27l-2.54-0.317l-1.905-0.952l-4.444,1.27l-4.127-0.317l-2.856,0.317l-1.905-2.223l-2.222-2.223    l-3.492-0.951l-2.857-1.27c0,0,0,0-0.953-1.588c-0.952-1.588-0.952-2.539-0.952-3.493c0-0.95,1.27-2.856,1.27-2.856l1.587-1.587    c0,0,2.857-2.856,3.492-3.809s3.174-1.271,3.174-1.271l4.444,2.539l5.714-1.269c0,0,2.54-0.952,3.492-0.952    c0.953,0,1.905,0,1.905,0l2.857,2.54l2.222,3.808l2.54,1.906c0,0,1.27,2.221,1.27,3.175    C110.342,383.112,108.755,385.969,108.755,385.969z"></path>
                                            <path class="map_city14" fill="#118ac9" stroke="#FFFFFF" stroke-miterlimit="10" d="M41.986,447.131l-4.655-2.964l-1.27,2.964l-2.964,2.117    l-2.539,0.422c0,0-0.424,0.424-2.963,1.691c-2.539,1.271-3.81,1.271-4.656,2.54c-0.846,1.271-2.116,0.848-2.539,2.964    c-0.423,2.116-0.423,3.809-0.423,3.809s0.423,2.118,1.27,3.387c0.847,1.27-2.54-0.423,0.847,1.27    c3.385,1.693,3.386,2.117,6.348,1.693s6.772-1.27,6.772-1.27s0.847-1.271,2.54-1.271c1.693,0,4.656,0.424,5.079-1.27    c0.423-1.693,0-2.117,0.847-3.387c0.846-1.271,2.116-5.078,2.116-5.078l-1.27-4.655L41.986,447.131z"></path>
                                            <path class="map_city14" fill="#118ac9" stroke="#FFFFFF" stroke-miterlimit="10" d="M24.633,386.287l2.856-0.952l1.587-3.493l0.953-2.221    l-1.587-2.857l-3.81,0.316l-2.857,2.541c0,0-1.587,1.586-1.587,2.54c0,0.951,1.27,3.808,1.27,3.808L24.633,386.287z"></path>
                                            <path class="map_city14" fill="#118ac9" stroke="#FFFFFF" stroke-miterlimit="10" d="M34.156,386.922c0.952,0.634,2.54,0.316,2.857,1.27    c0.318,0.951,1.587,2.857,1.587,2.857l1.588,0.317l1.587-1.588l1.905-1.904l1.904-1.27l1.905-0.636l1.587-1.587l0.317-2.54    l-0.317-3.175l-3.809-0.951l-1.905-0.636l-3.174,2.223c0,0-0.317,1.27-1.588,2.223c-1.269,0.952-3.809,1.27-3.809,1.27    l-1.587-0.317l-0.952,2.222C32.251,384.699,33.204,386.287,34.156,386.922z"></path>
                                            <polygon class="map_city14" fill="#118ac9" stroke="#FFFFFF" stroke-miterlimit="10" points="33.204,396.127 33.839,394.857 34.156,392.001     34.156,389.778 30.029,387.238 27.807,388.191 27.807,391.049 29.712,392.953 30.981,394.857   "></polygon>
                                            <polygon class="map_city14" fill="#118ac9" stroke="#FFFFFF" stroke-miterlimit="10" points="29.395,397.714 29.395,395.81 28.125,394.857     26.854,394.857 26.22,397.714 28.125,398.984   "></polygon>
                                            <path class="map_city14" fill="#118ac9" stroke="#FFFFFF" stroke-miterlimit="10" d="M37.965,409.142h-2.857l-0.635,1.589    c0,0,4.444,1.587,5.397,1.587c0.952,0,1.904,0.317,1.904,0.317l2.857,1.905l2.222-2.54v-1.905l-0.635-1.905l-0.318-1.904    l-1.27-1.27h-2.54l-1.904,3.174L37.965,409.142z"></path>
                                            <path class="map_city14" fill="#118ac9" stroke="#FFFFFF" stroke-miterlimit="10" d="M17.014,408.825c0.953-0.636,2.222-0.636,3.174-0.953    c0.952-0.316,2.857-2.538,2.857-2.538l-0.317-3.811l-4.127-1.271l-4.127,2.54v4.128C14.474,406.921,16.062,409.461,17.014,408.825    z"></path>
                                            <path class="map_city14" fill="#118ac9" stroke="#FFFFFF" stroke-miterlimit="10" d="M23.363,408.189l-2.54,1.905l-0.635,2.856    c0,0,2.222,1.271,3.174,1.271c0.953,0,2.857-1.904,2.857-1.904l1.587-2.223v-1.27l-0.953-1.587l-1.587-0.317L23.363,408.189z"></path>
                                            <path class="map_city14" fill="#118ac9" stroke="#FFFFFF" stroke-miterlimit="10" d="M23.68,422.474l2.222,1.905l2.54,1.589    c0,0,0.952-0.954,1.27-1.905c0.317-0.953-0.953-3.81-0.953-3.81l-4.444-1.905c0,0-3.175,0.953-2.857,1.905    C21.776,421.204,23.68,422.474,23.68,422.474z"></path>
                                            <path class="map_city14" fill="#118ac9" stroke="#FFFFFF" stroke-miterlimit="10" d="M11.3,413.587l-2.222,1.903c0,0-4.445-0.633-4.445,0.637    s-0.317,4.126-0.317,4.126h3.174c0,0,2.222-1.27,3.175-1.27c0.952,0,3.492-0.953,3.492-0.953l-0.952-3.809L11.3,413.587z"></path>
                                            <path class="map_city14" fill="#118ac9" stroke="#FFFFFF" stroke-miterlimit="10" d="M7.173,424.379l-0.635,4.127l2.54,1.587    c0,0,3.492,0.636,3.492-1.27c0-1.904,0.952-5.714,0.952-5.714l-2.857-1.27L7.173,424.379z"></path>
                                            <path class="map_city14" fill="#118ac9" stroke="#FFFFFF" stroke-miterlimit="10" d="M27.172,436.761l3.809-3.81l-1.587-2.858l-3.809-0.634    c0,0-2.54,0.953-2.857,2.858c-0.317,1.903,1.27,4.443,1.27,4.443H27.172z"></path>
                                            <path class="map_city14" fill="#118ac9" stroke="#FFFFFF" stroke-miterlimit="10" d="M21.458,441.84c0-0.953-0.952-4.127-0.952-4.127l-0.636-2.54    l-1.904-1.271c0,0-1.905,1.588-1.588,2.541c0.318,0.951,0.318,4.443,0.318,4.443l-1.587,3.174c0,0,0.635,3.492,1.27,2.539    c0.635-0.952,2.222-2.539,2.222-2.539S21.458,442.79,21.458,441.84z"></path>
                                            <path class="map_city14" fill="#118ac9" stroke="#FFFFFF" stroke-miterlimit="10" d="M83.994,472.949l-5.079-0.955l-1.904-3.808l-3.175-2.223    l-3.809,1.587v4.128c0,0,0.953,2.856,1.905,3.809s1.587,2.223,3.174,2.54c1.587,0.316,5.08,0,5.08,0s-0.635-1.588,0.953-1.588    c1.587,0,1.904-0.317,2.856,0.318c0.952,0.635,2.54,1.27,3.492,1.27c0.952,0,2.222-1.27,2.222-2.223    c0-0.952-1.27-3.175-1.27-3.175L83.994,472.949z"></path>
                                            <path class="map_city14" fill="#118ac9" stroke="#FFFFFF" stroke-miterlimit="10" d="M88.121,467.868l-1.587-2.856l-2.222-1.587l-2.539,1.587    l-0.953,3.175c0,0,0.318,1.27,2.222,1.27S88.121,467.868,88.121,467.868z"></path>
                                            <path class="map_city14" fill="#118ac9" stroke="#FFFFFF" stroke-miterlimit="10" d="M93.518,467.233l-1.905-0.634c0,0-1.27,2.539-0.635,3.491    c0.635,0.953,1.27,2.539,3.174,2.539s3.809-0.316,3.809-1.27c0-0.951-0.317-3.492-0.317-3.492L93.518,467.233z"></path>
                                            <polygon class="map_city14" fill="#118ac9" stroke="#FFFFFF" stroke-miterlimit="10" points="105.58,471.679 103.358,470.727 102.406,472.949     104.311,475.805 107.802,476.122 110.342,474.217 108.755,472.63   "></polygon>
                                            <path class="map_city14" fill="#118ac9" stroke="#FFFFFF" stroke-miterlimit="10" d="M121.452,458.981l-4.762,0.952c0,0-2.222,0-2.539,0.951    c-0.318,0.953-0.318,0.636-0.318,2.54c0,1.905,0,1.905,0,1.905l3.492,0.951c0,0,3.492,0,4.444,0s2.222-0.634,2.222-0.634    l1.587-3.175l-0.317-1.905L121.452,458.981z"></path>
                                            <polygon class="map_city14" fill="#118ac9" stroke="#FFFFFF" stroke-miterlimit="10" points="147.165,456.123 145.577,458.027 146.212,461.203     149.387,463.107 150.339,460.567 148.752,457.711   "></polygon>
                                            <path class="map_city14" fill="#118ac9" stroke="#FFFFFF" stroke-miterlimit="10" d="M173.83,444.061c-0.318,0.952-1.27,1.27-1.27,2.857    c0,1.587,0,3.492,0,3.492l3.174,3.174h3.175l0.952-3.491v-3.175l0.317-2.857l-2.539-1.587    C177.64,442.474,174.147,443.107,173.83,444.061z"></path>
                                            <polygon class="map_city14" fill="#118ac9" stroke="#FFFFFF" stroke-miterlimit="10" points="164.942,452.949 164.942,455.807 166.846,456.441     169.386,455.488 169.704,453.267 168.434,451.996   "></polygon>
                                            <path class="map_city14" fill="#118ac9" stroke="#FFFFFF" stroke-miterlimit="10" d="M174.465,456.759l-2.857,1.588c0,0-0.634,1.903,0.317,2.538    c0.953,0.636,3.175,2.223,3.175,2.223l3.492,1.27l0.635-2.539l-0.952-2.54L174.465,456.759z"></path>
                                        </g>
                                        <!--전북 main_map_city13 //-->
                                        <path class="map_city13" fill="#118ac9" stroke="#FFFFFF" stroke-miterlimit="10" d="M64.63,350.416c0,0-0.634,1.904-0.634,3.491   c0,1.588,1.269,2.856,1.269,2.856s0.635,1.905,0.635,2.857s1.905,1.588,1.905,1.588l2.222-0.636l2.54,0.318l1.904,1.27l2.222-0.318   l0.953-2.539l2.856-0.951l3.174-1.905c0,0,1.587-2.222,2.222-3.492c0.635-1.269,0.317-3.491,0.317-3.491s0.952-2.54,1.587-3.493   c0.634-0.95,4.126-1.27,4.126-1.27h4.762l2.222,0.635c0,0,1.587,1.27,1.904,2.224c0.318,0.951,2.222,4.127,2.222,4.127l0.635,3.173   l1.905,1.271l2.222-1.587l0.318-4.762l2.856-2.857l2.857-0.635l2.54,1.904l0.635,3.493l-1.588,2.539l0.953,2.538v3.175   l-2.222,1.904l-0.953,1.588l3.175,0.953l2.222,2.54l1.905-0.637c0,0,2.222-0.634,3.492-0.634c1.27,0,2.222-0.318,3.175-0.318   c0.952,0,1.586,0,2.856-0.634c1.27-0.637,2.54,0.318,2.54,0.318l4.126,2.221h2.857l4.127,0.636l3.809-0.952l3.174-3.175   l2.856,0.635c0,0,1.905,0.317,4.127,0.317c2.222,0,2.856,1.27,3.491,2.223c0.636,0.952,2.223,1.903,4.127,2.856   c1.905,0.952,0,0,0.953-0.953c0.952-0.951-0.318-1.903-0.318-1.903s0.318-4.445,1.587-5.715c1.27-1.271,4.126-0.951,4.126-0.951   l1.587-2.542l-0.953-2.539c0,0-0.317-1.587-0.317-2.54c0-0.95,0-1.587-0.317-3.808c-0.317-2.224-0.634-1.27-1.587-3.175   c-0.952-1.906-1.587-2.223-1.587-2.223l0.635-3.491l2.222-4.128l0.635-3.491l3.175-8.888c0,0,1.587-2.223,2.54-3.81   c0.952-1.587,2.539-3.492,3.173-4.443c0.635-0.954,3.175-3.176,3.175-3.176h2.856l4.127-2.222c0,0,1.586-0.951,2.54-1.587   c0.953-0.635,1.904-1.904,3.173-3.491c1.271-1.588,1.271-1.905,1.271-1.905l2.856-1.905l-0.317-3.809l-0.953-1.586l-2.222-3.494   l0.387-1.448l-1.657-0.138c0,0-1.905-1.588-2.857-0.636c-0.953,0.952-5.08,1.271-5.08,1.271l-2.222-0.953l-1.27-1.27l-3.492-1.587   l-3.174-0.636l-2.276-0.958l-1.216,1.91v4.444h-1.905c0,0,0-0.634-0.635-1.586c-0.635-0.953-2.539-2.222-2.539-2.222l-1.905,0.634   l-1.269,2.223l-1.27,1.27l-2.857,0.951l-3.492-0.951l-0.317-2.857l-0.635-1.588l-1.587,0.953l-2.857,2.54l-0.635-1.588   c0,0,0-3.491,0-4.443s0-2.223-0.318-3.175c-0.317-0.953-1.27-4.443-1.27-4.443l-2.222-0.953l-2.54,1.587   c0,0-0.952,0.318-1.904,0.318c-0.953,0-3.175,0-3.175,0s-0.317,1.271-1.904,0.952c-1.587-0.317-4.444-1.271-4.444-1.271   l-1.905,1.271h-2.222l-3.175-0.635l-3.175-2.54l-0.317-2.539l-6.031-3.174l-3.809,0.634c0,0-2.222,0.635-3.492,1.271   c-1.27,0.634-3.809,3.491-3.809,3.491s0,0.317-1.587,1.904c-1.587,1.588-1.587,2.223-2.856,3.493   c-1.27,1.269-2.223,1.586-3.175,1.903s-3.492,0.636-4.444,0.953c-0.471,0.156-2.103,0.701-3.635,1.212   c0.248,0.54,1.013,2.388-0.071,2.388c-1.27,0-2.54,0.846-3.809,0.846c-1.27,0-3.81,0-3.81,0l-6.349-0.846l-2.963,2.116l1.27,1.692   l3.386,0.424l1.693,0.424l0.847,2.963l0.846,4.231l3.386-0.846l6.772-0.847l7.195-1.27l0.423,2.539c0,0-1.693,1.693-2.963,1.693   c-1.269,0-2.116,0-3.386,0c-1.27,0-3.81,0.424-3.81,0.424s-2.116,1.268-1.27,2.961c0.847,1.694,3.81,2.964,3.81,2.964l2.116,2.539   l1.271,2.963l-3.81-0.423l-2.962-2.54h-1.693l-2.962,0.424l-4.233,4.232l-2.539,4.232l-3.81,0.847l-5.079,2.539l-2.963,2.539   c0,0-0.423,1.693,0,3.811c0.423,2.115,2.54,3.385,2.54,3.385l4.656-0.422l7.619,1.27l2.963,2.538l-3.386,0.424h-2.962l-1.693,0.424   l-4.655,0.846l-2.963,1.693l-3.81,2.964l-2.71,3.389c0.967,1.071,1.833,2.061,2.078,2.429   C63.996,348.511,64.63,350.416,64.63,350.416z"></path>
                                        <!--경북 main_map_city15 //-->
                                        <g>
                                            <path class="map_city15" fill="#118ac9" stroke="#FFFFFF" stroke-miterlimit="10" d="M352.652,300.263l-1.693,2.54l-2.54,2.539l-2.538,0.847    c0,0-3.387,0.423-4.233-0.847c-0.847-1.271-0.847-1.271-0.847-1.271l-1.693-3.809l2.117-2.116l0.846-3.809    c0,0,0.002-2.962-0.846-4.655c-0.848-1.694-2.117-5.08-2.117-5.08s0-0.424,0-2.115c0-1.693,0-2.54,0-4.657    c0-2.115,0-0.847,0.424-4.231c0.424-3.387,1.693-5.079,1.693-6.349c0-1.271,2.116-3.81,2.116-3.81l2.117-4.656l1.268-3.809    c0,0,1.271-2.54,1.271-5.079s-0.423-5.08-1.271-6.772c-0.845-1.693-0.845-1.693-0.845-1.693s-0.847-2.117,0.845-6.349    c1.693-4.232,4.233-7.619,4.233-7.619l0.848-3.386l-0.424-4.232l-1.693-5.502c0,0-2.54-4.233-2.54-5.502    c0-1.27-0.424-6.349-0.424-8.889c0-2.539,2.117-6.349,2.117-7.619s0.424-6.772,0-8.042s-2.117-2.962-2.539-4.232    c-0.327-0.981-1.158-2.97-1.714-4.411l-4.213,1.872l-5.078,1.27l-2.54,3.386l-2.116,3.809c0,0-1.693-0.423-3.81-1.693    c-2.117-1.27-2.54-4.232-2.54-4.232l-5.077-0.423l-3.387,2.116h-3.387c0,0-2.962-0.847-4.232-1.27    c-1.27-0.423-2.539-0.846-2.539-0.846l-2.116,0.423l-2.539,1.693l-1.271,1.694l-2.54-0.847l-0.846-2.963l-3.387-1.693h-1.692    l-3.387,2.117l-0.424,2.54l-2.962,0.423l-4.655-1.692l-1.693-2.117c0,0-0.048-0.004-0.117-0.012l-1.36,1.702l-4.128,1.587h-2.223    l-0.317,2.222l-2.221,2.54H264.3l-1.27,1.27l-0.634,1.904l-2.857,0.952l-1.588,2.857l-0.635,2.539c0,0-1.588,1.587-1.588,2.857    c0,1.271,1.588,3.492,1.588,3.492v2.222l-2.222,0.952h-2.54l-1.904,0.318l-2.223-0.635l-1.588-1.905l-2.538-1.587l-1.588-2.222    l-2.856-0.317l-1.904,0.953l-1.588,2.222l-1.587,2.54l-1.904-0.953l-1.588-1.587l-2.855-0.318l-2.858,1.905l-2.222,0.635    l-2.539,0.317l-1.589,3.175l1.589,3.174l0.316,3.174l-1.905,0.317l-2.538-1.905l-3.174-1.27l-2.223,1.587l-1.904,1.587    l-3.176,0.318l-0.317,1.904c0,0,1.27,1.27,1.27,2.223c0,0.952,0.953,3.174,0.953,3.174l-0.635,2.54l-2.223-0.318l-1.271-1.904    l-1.903-0.953l-1.587,1.905l-3.174,1.27c0,0-1.587,1.269-0.636,1.904c0.953,0.635,1.906,0.318,2.223,1.27    c0.318,0.952,1.904,1.904,1.904,1.904l1.588,3.174v2.54c0,0-0.635,2.222-0.635,3.174c0,0.952,0.952,1.27,0.952,2.54    s0.635,3.809-0.317,4.126c-0.953,0.318-0.953,0.318-0.953,0.318v4.126l1.588,2.222l-1.904,1.27l-2.54,3.81    c0,0-1.27,0.951-0.635,2.856c0.635,1.905,1.586,2.222,2.539,2.222c0.952,0,2.54,0,3.491,0c0.954,0,3.175,1.588,3.175,1.588    s4.128,1.587,5.08,0.951c0.951-0.634-0.952-2.221,0.951-0.634c1.905,1.587,3.493,4.445,3.493,4.445l-1.271,3.491l-3.809,0.634    c0,0-2.54,0-2.54,0.952c0,0.953,0,4.128,0,4.128v1.904l-1.27,3.81l-3.811,3.81l-4.125,2.538l-2.152-0.179l-0.387,1.448    l2.222,3.494l0.953,1.586l0.317,3.809l-2.856,1.905c0,0-0.013,0.225-0.707,1.171l4.198,4.861l1.905,1.586l2.539,0.952l2.223,2.54    l6.349,0.636h2.539c0,0,0.953-0.636,1.27,1.269c0.317,1.906,0.952,2.223,1.587,3.81c0.636,1.587,1.905,2.856,1.905,2.856    l3.174,1.589l0.953,3.174l-0.634,2.539l-1.588,3.174l-1.905,2.856l2.857,1.589c0,0,1.905,0,2.856,0c0.954,0,5.08,0,6.031,0.634    c0.953,0.636,4.763,1.905,4.763,1.905l2.54,0.635h3.173l-0.316-3.174l-1.588-1.589l-0.952-2.221l-0.316-2.223h1.269l2.223,1.587    l1.586-1.27l1.271-1.588l-0.636-2.222l-1.905-3.808l1.588-4.128l3.81-0.635l2.222-1.27v-2.541l-2.222-1.27l-4.443-0.951    l-1.589-2.54l1.271-1.586l2.856-2.857l4.127-0.636l1.588,0.953l0.317,3.174l2.856,0.318l1.27-2.54l1.271-2.856l3.491-2.858    l4.443-2.538h6.35c0,0,3.176,0.316,3.81,1.27c0.635,0.952,1.27,3.491,1.27,3.491v2.54l-0.951,2.223l1.586,2.538l0.635,1.905    c0,0,0,1.586-2.539,1.586s-2.539,0-2.539,0l-0.952,1.905c0,0,0,1.271,0,2.222c0,0.953,0,1.589-0.318,2.541    c-0.317,0.951-0.952,2.221-0.952,2.221s-1.271,2.858-1.271,3.811s-0.317,3.809-0.317,3.809l-2.856,1.27l-3.175-0.317l-1.586-3.491    l-3.492,0.318l-2.54,1.268l-1.586,3.176l-0.509,2.232l1.46,3.163l1.587,2.857l1.588,3.491l1.903,1.588l3.811-1.588l2.539,0.953    c0,0,2.856-0.635,3.492,0.316c0.635,0.954,3.81,1.588,3.81,1.588h4.761l3.492-1.27c0,0,1.587-1.903,2.54-1.903    c0.952,0,3.81-1.589,3.81-1.589l2.222-1.587c0,0,0.635-0.317,2.538,0c1.907,0.317,5.715,0.953,6.668,1.587    c0.15,0.102,0.38,0.202,0.647,0.3l0.939-1.251l2.539-0.318c0,0,0.317-1.904,1.27-3.81c0.953-1.904,2.223-2.221,2.223-2.221    s1.904-1.271,2.856-1.905c0.953-0.635,1.587,0,1.587,0l2.541,0.635c0,0,0,0,2.855,0.951c2.858,0.954,3.492,0.636,3.492,0.636    l1.271,2.539c0,0,1.586,2.54,2.223,3.493c0.634,0.951,0.952,1.268,0.952,1.268l3.174-0.633l2.221-1.588l5.398,0.635l3.49,1.905    l1.825,0.342l4.311-9.017l1.27-6.771l0.847-6.35l0.847-3.386l1.271-1.693l2.962-5.502l1.693-3.809l0.423-5.079l-2.538-4.231    L352.652,300.263z"></path>
                                            <path class="map_city15" fill="#118ac9" stroke="#FFFFFF" stroke-miterlimit="10" d="M377.626,139.318l-3.491,0.317l-3.81,1.905    c0,0-1.269,2.222-0.634,3.809c0.634,1.587,0.951,1.587,2.856,2.54c1.904,0.952,1.904,1.587,3.809,1.587    c1.905,0,4.444-0.953,4.762-1.905c0.316-0.952,1.27-2.54,1.27-3.492s-0.634-3.809-0.634-3.809L377.626,139.318z"></path>
                                            <path class="map_city15" fill="#118ac9" stroke="#FFFFFF" stroke-miterlimit="10" d="M399.809,153.379l-2.855-0.634c0,0-1.589-0.635-1.906,1.905    c-0.316,2.539,1.271,3.809,1.271,3.809s2.223,1.904,2.857,0.635c0.634-1.271,0.951-2.857,0.951-2.857L399.809,153.379z"></path>
                                        </g>
                                        <!--경남 main_map_city16 //-->
                                        <g>
                                            <path class="map_city16" fill="#118ac9" stroke="#FFFFFF" stroke-miterlimit="10" d="M318.266,371.685c0-0.952-0.952-2.539-0.952-2.539    s-1.588-0.953-2.222-1.905c-0.636-0.953-1.271-0.634-2.541-1.905c-1.27-1.271-1.903-2.221-2.223-3.174    c-0.315-0.952-2.856-1.903-2.856-1.903l-1.904-2.542l-2.856-0.316c0,0-4.126-2.54-4.443-3.492    c-0.319-0.952,0.317-3.491,0.317-3.491s1.903-0.952,2.856-1.27c0.952-0.317,0-4.126,0-4.126l0.965-1.289    c-0.268-0.098-0.497-0.198-0.647-0.3c-0.953-0.634-4.761-1.27-6.668-1.587c-1.903-0.317-2.538,0-2.538,0l-2.222,1.587    c0,0-2.857,1.589-3.81,1.589c-0.953,0-2.54,1.903-2.54,1.903l-3.492,1.27h-4.761c0,0-3.175-0.634-3.81-1.588    c-0.636-0.951-3.492-0.316-3.492-0.316l-2.539-0.953l-3.811,1.588l-1.903-1.588l-1.588-3.491l-1.587-2.857l-1.904-4.126    l-2.54,3.81c0,0-4.444,1.27-5.396,1.27c-0.953,0-3.176,0.635-3.176,0.635h-3.173l-2.54-0.635c0,0-3.81-1.27-4.763-1.905    c-0.951-0.634-5.077-0.634-6.031-0.634c-0.951,0-2.856,0-2.856,0l-2.857-1.589l1.905-2.856l1.588-3.174l0.634-2.539l-0.953-3.174    l-3.174-1.589c0,0-1.27-1.27-1.905-2.856c-0.635-1.587-1.27-1.903-1.587-3.81c-0.316-1.904-1.27-1.269-1.27-1.269h-2.539    l-6.349-0.636l-2.223-2.54l-2.539-0.952l-1.905-1.586l-4.198-4.861c-0.154,0.211-0.331,0.444-0.564,0.734    c-1.269,1.587-2.221,2.856-3.173,3.491c-0.954,0.636-2.54,1.587-2.54,1.587l-4.127,2.222h-2.856c0,0-2.54,2.222-3.175,3.176    c-0.635,0.951-2.222,2.856-3.173,4.443c-0.953,1.587-2.54,3.81-2.54,3.81l-3.175,8.888l-0.635,3.491l-2.222,4.128l-0.635,3.491    c0,0,0.635,0.316,1.587,2.223c0.953,1.905,1.27,0.951,1.587,3.175c0.317,2.221,0.317,2.857,0.317,3.808    c0,0.953,0.317,2.54,0.317,2.54l0.953,2.539l-1.587,2.542c0,0-2.857-0.319-4.126,0.951c-1.269,1.27-1.587,5.715-1.587,5.715    s1.27,0.952,0.318,1.903c-0.131,0.13-0.204,0.26-0.245,0.385l1.196,2.155c0,0-0.635,2.223-0.635,3.174    c0,0.952,0.635,2.539,0.635,4.762s-0.317,2.858,0,3.81c0.317,0.952,2.54,3.175,2.54,3.175l2.856,0.951    c0,0,0.952,1.587,0.952,3.811c0,2.222,2.857,6.031,2.857,6.031s1.904-0.317,2.54,1.587c0.634,1.905,1.587,2.223,1.587,4.126    c0,1.904,0.317,4.128,0.317,4.128s0,0-1.27,1.904c-1.27,1.905-4.444,2.222-4.444,2.222l-3.175,2.54l-0.364,2.92l0.362-0.272    l2.117,1.271l3.387,2.538l2.539-0.423l1.27-4.232l5.079-1.271h2.116l3.809-1.27l2.54-1.692l5.503-0.423    c0,0,2.537,0.423,2.961-1.693c0.425-2.116,1.693-4.656,1.693-4.656h1.694l1.27,3.386v3.809l-1.27,5.504l2.116,2.117l2.117,2.116    l4.654,0.422h2.54l3.386-2.116h2.962l3.387,1.694l3.387-2.54l0.847,2.962l-2.963,1.693l-0.423,2.54c0,0,1.27,0.846,2.962,0.846    c1.693,0,5.079,0,5.079,0l-0.847,2.963l-4.655,2.116l-0.423,1.693c0,0,3.385,0.848,3.81,2.964c0.424,2.114,2.538,4.23,2.538,4.23    l4.232-0.423c0,0,0.848-2.116,0.848-3.386s0-4.655,0-4.655l2.539-2.964l0.423-1.691l-2.116-2.541l-2.54-2.962v-3.386    c0,0-0.422-2.117,0.847-3.387c1.271-1.271,4.233-2.54,4.233-2.54l1.269-2.115l-0.422-3.388l-0.847-3.386l5.079-1.27    c0,0,2.54-0.848,3.808,0c1.271,0.848,2.964,3.386,2.964,3.386l2.54-2.116l-1.271-5.502l0.847-2.962c0,0,1.693,0,2.963,0.847    s4.656,3.386,4.656,3.386s2.539,0.424,2.962,1.692c0.423,1.27,4.655,4.232,4.655,4.232h2.167c0.462-0.854,0.841-1.566,1.012-1.907    c0.634-1.271,1.27-2.856,1.27-2.856s-0.318-1.589-0.318-2.54c0-0.953-1.587-1.27-0.951-2.856c0.634-1.587,0,0,0.634-0.953    c0.636-0.951,2.223,0,4.126-1.27c1.906-1.27,0,0,0.954-1.587c0.952-1.587,2.539-2.541,2.539-2.541s2.856-0.635,4.127-1.269    c1.269-0.636,1.903-0.318,3.811-0.636c1.903-0.316,2.538-0.634,2.538-0.634s1.588-1.905,2.539-2.857    c0.952-0.952,2.223-2.222,2.223-2.222s0,0,2.856-0.318c2.856-0.316,1.904-1.271,3.491-2.221c1.588-0.953,2.539-2.54,3.176-3.493    c0.635-0.952,1.269-0.317,1.269-0.317l3.175-1.27l1.588-0.953l1.392-0.153C318.314,372.303,318.266,371.896,318.266,371.685z"></path>
                                            <path class="map_city16" fill="#118ac9" stroke="#FFFFFF" stroke-miterlimit="10" d="M198.907,428.506l-3.174-1.587l-2.856-2.856v-1.906l1.269-2.538    l-0.318-3.809h-2.856l-3.175,1.903c0,0-3.174,1.588-3.809,2.54c-0.635,0.951-0.953,3.81-0.953,3.81l0.318,3.174l2.221,2.856    l-0.952,4.443l0.952,3.494c0,0,1.588,0.951,2.857,0.634c1.27-0.317,3.175-0.951,3.175-0.951l2.857-3.811    c0,0,1.27,2.222,1.27,3.176c0,0.952,0.951,2.222,0.951,2.222l2.857,0.634c0,0,3.175,1.588,4.127,1.588    c0.953,0,1.271-1.904,1.271-1.904l0.951-3.174v-3.811v-2.857l-2.539-0.634L198.907,428.506z"></path>
                                            <path class="map_city16" fill="#118ac9" stroke="#FFFFFF" stroke-miterlimit="10" d="M204.939,419.935l-2.223-1.587c0,0-3.492,0.636-3.81,1.587    c-0.317,0.953-1.904,3.492-0.952,4.128c0.952,0.636,3.491,1.905,3.491,1.905s3.81,0.634,4.762,0.951s2.54-2.856,2.54-2.856    l-3.809-2.223V419.935z"></path>
                                            <path class="map_city16" fill="#118ac9" stroke="#FFFFFF" stroke-miterlimit="10" d="M268.11,427.872l-1.905-1.588l2.222-2.54l0.953-2.221    l-1.587-3.176l-0.953-2.538l1.271-2.54l-1.271-3.175c0,0-1.904,0.636-2.223,1.905c-0.317,1.27-1.27,2.54-1.27,2.54l-1.904-0.953    l-2.222-0.636l-0.317,4.127l0.635,1.588l-2.223,0.952l0.952,4.126l-4.763-1.588c0,0-3.49,0.317-4.443,0.953    c-0.952,0.635-2.539,2.54-2.539,3.492c0,0.953,0.953,4.761,0.953,4.761l2.856,2.54l3.173-2.222l2.542-0.634    c0,0,1.269,3.809,0.316,4.126c-0.953,0.317-3.174,0.951-3.174,0.951v1.906l1.904,0.951v3.175l-1.27,2.856l2.539,1.905l3.175-0.952    l0.952-4.126l1.27-4.127l2.222-2.54l2.54,3.174h1.904l1.27-2.539l-0.952-2.222v-2.224l2.222-1.587l0.635-1.586l-0.317-1.588    L268.11,427.872z"></path>
                                            <path class="map_city16" fill="#118ac9" stroke="#FFFFFF" stroke-miterlimit="10" d="M276.682,410.095c0,0.952,1.586,4.127,1.586,4.127l3.175-0.317    l0.635-3.174l-0.952-2.223C281.125,408.508,276.682,409.142,276.682,410.095z"></path>
                                            <path class="map_city16" fill="#118ac9" stroke="#FFFFFF" stroke-miterlimit="10" d="M244.937,435.173c0,0,0,2.857,0,3.809c0,0.952,2.856,0,2.856,0    v-3.491l-1.587-1.27L244.937,435.173z"></path>
                                        </g>
                                        <!--제주 main_map_city17 //-->
                                        <path class="map_city17" fill="#118ac9" stroke="#FFFFFF" stroke-miterlimit="10" d="M31.023,492.814l-4.656,2.963l-5.925-0.424l-5.079,3.386   c0,0-1.27,1.695-2.541,2.117c-1.27,0.425-3.386,2.54-3.386,2.54l-4.232,3.81l-4.232,2.539L0.126,514.4v4.656l3.385,6.349   l4.655,2.115l4.233-0.422l1.693-2.963c0,0,4.232,0.423,5.501,0.423c1.27,0,2.54-0.423,9.313,0.424s12.274,0.847,12.274,0.847   l4.232-1.271c0,0,3.811-1.271,5.927-1.271c2.115,0,7.195,0,7.195,0l5.501-2.54l3.81-2.538l2.117-3.386l2.962-2.117l1.27-5.501   v-8.043l-4.232-6.349l-9.734-3.81l-2.542,1.27l-7.195,0.847h-5.925l-4.655,0.848L31.023,492.814z"></path>
                                        <!--검역 main_map_city18 //-->
                                        <g>
                                            <path class="map_city18" fill="#118ac9" d="M379.418,505.809c0,10.939-8.789,19.808-19.631,19.808H229.011c-10.841,0-19.63-8.868-19.63-19.808l0,0    c0-10.94,8.789-19.809,19.63-19.809h130.776C370.629,486,379.418,494.868,379.418,505.809L379.418,505.809z"></path>
                                            <path fill="#FFFFFF" d="M246.028,505.438c0,8.982-7.216,16.266-16.117,16.266s-16.118-7.283-16.118-16.266    c0-8.979,7.217-16.262,16.118-16.262S246.028,496.458,246.028,505.438z"></path>
                                            <g>
                                                <g>
                                                    <g>
                                                        <path class="map_city18" fill="#118ac9" d="M218.14,505.797v4.322l9.572-2.246l-0.181-0.787l-8.59,2.015v-2.818l9.034-4.867l-0.377-0.714       L218.14,505.797z"></path>
                                                    </g>
                                                    <g>
                                                        <path class="map_city18" fill="#118ac9" d="M232.108,507.873l9.573,2.246v-4.32l-9.459-5.098l-0.378,0.714l9.034,4.867v2.818l-8.59-2.015       L232.108,507.873z"></path>
                                                    </g>
                                                </g>
                                                <g>
                                                    <path class="map_city18" fill="#118ac9" d="M229.91,516.26l4.485,0.763v-3.948l-1.862-0.716v-15.855c0-1.464-1.177-2.647-2.623-2.647      c-1.447,0-2.624,1.184-2.624,2.647v15.855l-1.863,0.716v3.948L229.91,516.26z M233.594,516.066l-3.684-0.628l-3.686,0.628      v-2.436l1.861-0.712v-16.416c0-1.015,0.818-1.84,1.824-1.84c1.003,0,1.822,0.825,1.822,1.84v16.416l1.861,0.712V516.066z"></path>
                                                </g>
                                            </g>
                                            <ellipse fill="#FFFFFF" cx="264.247" cy="505.807" rx="16.117" ry="16.263"></ellipse>
                                            <g>
                                                <g>
                                                    <g>
                                                        <g>
                                                            <path class="map_city18" fill="#118ac9" d="M271.218,513.516l0.812,0.19l1.738-7.533l-9.521-3.564l-9.521,3.564l1.737,7.533l0.812-0.19        l-1.57-6.812l8.542-3.197l8.542,3.197L271.218,513.516z"></path>
                                                        </g>
                                                        <g>
                                                            <path class="map_city18" fill="#118ac9" d="M272.133,513.915l0.314,0.25c1.038,0.838,2.292,1.279,3.632,1.279h0.417V514.6h-0.417        c-1.389,0-2.683-0.563-3.642-1.583l-0.305-0.323l-0.302,0.323c-0.958,1.021-2.253,1.583-3.641,1.583        c-1.387,0-2.679-0.563-3.641-1.583l-0.303-0.323l-0.303,0.323c-0.961,1.021-2.255,1.583-3.64,1.583        c-1.389,0-2.682-0.563-3.643-1.583l-0.301-0.323l-0.305,0.323c-0.96,1.021-2.254,1.583-3.641,1.583h-0.418v0.845h0.418        c1.338,0,2.594-0.441,3.63-1.279l0.315-0.25l0.311,0.25c1.037,0.838,2.294,1.279,3.633,1.279c1.337,0,2.593-0.441,3.63-1.279        l0.313-0.25l0.312,0.25c1.039,0.838,2.295,1.279,3.632,1.279s2.594-0.441,3.631-1.279L272.133,513.915z"></path>
                                                        </g>
                                                        <g>
                                                            <path class="map_city18" fill="#118ac9" d="M263.83,509.785h0.834v-6.458h-0.834V509.785z"></path>
                                                        </g>
                                                    </g>
                                                    <g>
                                                        <path class="map_city18" fill="#118ac9" d="M270.341,505.403h0.834v-7.355h-13.856v7.355h0.835v-6.511h12.188V505.403z"></path>
                                                    </g>
                                                </g>
                                                <g>
                                                    <path class="map_city18" fill="#118ac9" d="M263.83,498.554h0.834v-2.75h-0.834V498.554z"></path>
                                                </g>
                                            </g>
                                        </g>
                                    </g>
                                </svg>          
                            </div>
                        </div>
                    </div>
                    <div class="rpsa_detail">
                        <div>
<div class="open" id="mapAll"><h4 class="cityname">전국</h4><div class="mapview"><div class="c_chart c_chart_rpr_A"><div class="cc_graph"><div class="chartjs-size-monitor"><div class="chartjs-size-monitor-expand"><div class=""></div></div><div class="chartjs-size-monitor-shrink"><div class=""></div></div></div><canvas id="regional_patient_ratio_A" style="display: block; width: 364px; height: 170px;" width="364" height="170" class="chartjs-render-monitor"></canvas></div></div><div class="hdn"><p class="allcity_info1">기타 41.45 %</p><p class="allcity_info2">경기 26.87 %</p><p class="allcity_info3">서울 19.64 %</p><p class="allcity_info4">부산 6.02 %</p><p class="allcity_info5">경남 6.02 %</p></div><ul class="cityinfo total"><li><div><span class="tit">사망누적</span></div><div><span class="num">26,689</span><em>명</em></div></li><li><div><span class="sub_tit red">전일 대비 증감</span></div><div><span class="sub_num red">(+71)</span></div></li><li><div><span class="tit">재원 위중증</span></div><div><span class="num">591</span><em>명</em></div></li><li><div><span class="tit">신규입원</span></div><div><span class="num">345</span><em>명</em></div></li><li><div><span class="tit">확진 누적</span></div><div><span class="num">23,142,479</span><em>명</em></div></li><li><div><span class="sub_tit red">전일 대비 증감</span></div><div><span class="sub_num red">(+115638)</span></div></li><li><div><span class="tit">확진 누적</span></div><div><span class="num">23,142,479</span><em>명</em></div></li><li><div><span class="sub_tit red">전일 대비 증감</span></div><div><span class="sub_num red">(+115638)</span></div></li><li><div><span class="tit">사망누적</span></div><div><span class="num">26,689</span><em>명</em></div></li><li><div><span class="sub_tit">10만명당 발생률</span></div><div><span class="num">44816</span><em>명</em></div></li></ul></div></div><div id="map_city1"><h4 class="cityname">서울</h4><div class="mapview"><div class="citychart"><p class="citytit">19.64%<br><span class="tit_sub">전국대비 확진자 비율</span></p></div><div class="regional_incidence_ratio" data-percentage="19.64"><svg viewBox="0 0 100 100"><path d="M50 10 a 40 40 0 0 1 0 80 a 40 40 0 0 1 0 -80"></path><path class="rir_path" d="M50 10 a 40 40 0 0 1 0 80 a 40 40 0 0 1 0 -80" style="stroke-dasharray: 251.363, 251.363; stroke-dashoffset: 201.995;"></path></svg><div class="rir_text"><div><span>전국대비 확진자 비율</span><p class="rir_figure">19.64%</p></div></div></div><ul class="cityinfo subset"><li><div><span class="tit">확진 누적</span></div><div><span class="num">4,545,050</span><em>명</em></div></li><li><div><span class="sub_tit red">전일 대비 증감</span></div><div><span class="sub_num red">(+20418)</span></div></li><li><div><span class="tit">사망누적</span></div><div><span class="num">26,689</span><em>명</em></div></li><li><div><span class="sub_tit">10만명당 발생률</span></div><div><span class="num">47795</span><em>명</em></div></li><li><div class="menuinfo"><a class="t_mini_01" data-popup="zone_popup1" href="#link">코로나19 서울 누적 시군구 확진자 현황</a></div></li></ul></div></div><div id="map_city2"><h4 class="cityname">부산</h4><div class="mapview"><div class="citychart"><p class="citytit">6.02%<br><span class="tit_sub">전국대비 확진자 비율</span></p></div><div class="regional_incidence_ratio" data-percentage="6.02"><svg viewBox="0 0 100 100"><path d="M50 10 a 40 40 0 0 1 0 80 a 40 40 0 0 1 0 -80"></path><path class="rir_path" d="M50 10 a 40 40 0 0 1 0 80 a 40 40 0 0 1 0 -80" style="stroke-dasharray: 251.363, 251.363; stroke-dashoffset: 236.231;"></path></svg><div class="rir_text"><div><span>전국대비 확진자 비율</span><p class="rir_figure">6.02%</p></div></div></div><ul class="cityinfo subset"><li><div><span class="tit">확진 누적</span></div><div><span class="num">1,393,146</span><em>명</em></div></li><li><div><span class="sub_tit red">전일 대비 증감</span></div><div><span class="sub_num red">(+7813)</span></div></li><li><div><span class="tit">사망누적</span></div><div><span class="num">26,689</span><em>명</em></div></li><li><div><span class="sub_tit">10만명당 발생률</span></div><div><span class="num">41582</span><em>명</em></div></li><li><div class="menuinfo"><a class="t_mini_01" data-popup="zone_popup2" href="#link">코로나19 부산 누적 시군구 확진자 현황</a></div></li></ul></div></div><div id="map_city3"><h4 class="cityname">대구</h4><div class="mapview"><div class="citychart"><p class="citytit">4.28%<br><span class="tit_sub">전국대비 확진자 비율</span></p></div><div class="regional_incidence_ratio" data-percentage="4.28"><svg viewBox="0 0 100 100"><path d="M50 10 a 40 40 0 0 1 0 80 a 40 40 0 0 1 0 -80"></path><path class="rir_path" d="M50 10 a 40 40 0 0 1 0 80 a 40 40 0 0 1 0 -80" style="stroke-dasharray: 251.363, 251.363; stroke-dashoffset: 240.604;"></path></svg><div class="rir_text"><div><span>전국대비 확진자 비율</span><p class="rir_figure">4.28%</p></div></div></div><ul class="cityinfo subset"><li><div><span class="tit">확진 누적</span></div><div><span class="num">991,092</span><em>명</em></div></li><li><div><span class="sub_tit red">전일 대비 증감</span></div><div><span class="sub_num red">(+6108)</span></div></li><li><div><span class="tit">사망누적</span></div><div><span class="num">26,689</span><em>명</em></div></li><li><div><span class="sub_tit">10만명당 발생률</span></div><div><span class="num">41548</span><em>명</em></div></li><li><div class="menuinfo"><a class="t_mini_01" data-popup="zone_popup3" href="#link">코로나19 대구 누적 시군구 확진자 현황</a></div></li></ul></div></div><div id="map_city4"><h4 class="cityname">인천</h4><div class="mapview"><div class="citychart"><p class="citytit">5.76%<br><span class="tit_sub">전국대비 확진자 비율</span></p></div><div class="regional_incidence_ratio" data-percentage="5.76"><svg viewBox="0 0 100 100"><path d="M50 10 a 40 40 0 0 1 0 80 a 40 40 0 0 1 0 -80"></path><path class="rir_path" d="M50 10 a 40 40 0 0 1 0 80 a 40 40 0 0 1 0 -80" style="stroke-dasharray: 251.363, 251.363; stroke-dashoffset: 236.884;"></path></svg><div class="rir_text"><div><span>전국대비 확진자 비율</span><p class="rir_figure">5.76%</p></div></div></div><ul class="cityinfo subset"><li><div><span class="tit">확진 누적</span></div><div><span class="num">1,332,407</span><em>명</em></div></li><li><div><span class="sub_tit red">전일 대비 증감</span></div><div><span class="sub_num red">(+6477)</span></div></li><li><div><span class="tit">사망누적</span></div><div><span class="num">26,689</span><em>명</em></div></li><li><div><span class="sub_tit">10만명당 발생률</span></div><div><span class="num">45191</span><em>명</em></div></li><li><div class="menuinfo"><a class="t_mini_01" data-popup="zone_popup4" href="#link">코로나19 인천 누적 시군구 확진자 현황</a></div></li></ul></div></div><div id="map_city5"><h4 class="cityname">광주</h4><div class="mapview"><div class="citychart"><p class="citytit">2.95%<br><span class="tit_sub">전국대비 확진자 비율</span></p></div><div class="regional_incidence_ratio" data-percentage="2.95"><svg viewBox="0 0 100 100"><path d="M50 10 a 40 40 0 0 1 0 80 a 40 40 0 0 1 0 -80"></path><path class="rir_path" d="M50 10 a 40 40 0 0 1 0 80 a 40 40 0 0 1 0 -80" style="stroke-dasharray: 251.363, 251.363; stroke-dashoffset: 243.948;"></path></svg><div class="rir_text"><div><span>전국대비 확진자 비율</span><p class="rir_figure">2.95%</p></div></div></div><ul class="cityinfo subset"><li><div><span class="tit">확진 누적</span></div><div><span class="num">683,592</span><em>명</em></div></li><li><div><span class="sub_tit red">전일 대비 증감</span></div><div><span class="sub_num red">(+2953)</span></div></li><li><div><span class="tit">사망누적</span></div><div><span class="num">26,689</span><em>명</em></div></li><li><div><span class="sub_tit">10만명당 발생률</span></div><div><span class="num">47419</span><em>명</em></div></li><li><div class="menuinfo"><a class="t_mini_01" data-popup="zone_popup5" href="#link">코로나19 광주 누적 시군구 확진자 현황</a></div></li></ul></div></div><div id="map_city6"><h4 class="cityname">대전</h4><div class="mapview"><div class="citychart"><p class="citytit">2.88%<br><span class="tit_sub">전국대비 확진자 비율</span></p></div><div class="regional_incidence_ratio" data-percentage="2.88"><svg viewBox="0 0 100 100"><path d="M50 10 a 40 40 0 0 1 0 80 a 40 40 0 0 1 0 -80"></path><path class="rir_path" d="M50 10 a 40 40 0 0 1 0 80 a 40 40 0 0 1 0 -80" style="stroke-dasharray: 251.363, 251.363; stroke-dashoffset: 244.123;"></path></svg><div class="rir_text"><div><span>전국대비 확진자 비율</span><p class="rir_figure">2.88%</p></div></div></div><ul class="cityinfo subset"><li><div><span class="tit">확진 누적</span></div><div><span class="num">667,216</span><em>명</em></div></li><li><div><span class="sub_tit red">전일 대비 증감</span></div><div><span class="sub_num red">(+3884)</span></div></li><li><div><span class="tit">사망누적</span></div><div><span class="num">26,689</span><em>명</em></div></li><li><div><span class="sub_tit">10만명당 발생률</span></div><div><span class="num">45944</span><em>명</em></div></li><li><div class="menuinfo"><a class="t_mini_01" data-popup="zone_popup6" href="#link">코로나19 대전 누적 시군구 확진자 현황</a></div></li></ul></div></div><div id="map_city7"><h4 class="cityname">울산</h4><div class="mapview"><div class="citychart"><p class="citytit">2.18%<br><span class="tit_sub">전국대비 확진자 비율</span></p></div><div class="regional_incidence_ratio" data-percentage="2.18"><svg viewBox="0 0 100 100"><path d="M50 10 a 40 40 0 0 1 0 80 a 40 40 0 0 1 0 -80"></path><path class="rir_path" d="M50 10 a 40 40 0 0 1 0 80 a 40 40 0 0 1 0 -80" style="stroke-dasharray: 251.363, 251.363; stroke-dashoffset: 245.883;"></path></svg><div class="rir_text"><div><span>전국대비 확진자 비율</span><p class="rir_figure">2.18%</p></div></div></div><ul class="cityinfo subset"><li><div><span class="tit">확진 누적</span></div><div><span class="num">504,261</span><em>명</em></div></li><li><div><span class="sub_tit red">전일 대비 증감</span></div><div><span class="sub_num red">(+2103)</span></div></li><li><div><span class="tit">사망누적</span></div><div><span class="num">26,689</span><em>명</em></div></li><li><div><span class="sub_tit">10만명당 발생률</span></div><div><span class="num">44959</span><em>명</em></div></li><li><div class="menuinfo"><a class="t_mini_01" data-popup="zone_popup7" href="#link">코로나19 울산 누적 시군구 확진자 현황</a></div></li></ul></div></div><div id="map_city8"><h4 class="cityname">세종</h4><div class="mapview"><div class="citychart"><p class="citytit">0.78%<br><span class="tit_sub">전국대비 확진자 비율</span></p></div><div class="regional_incidence_ratio" data-percentage="0.78"><svg viewBox="0 0 100 100"><path d="M50 10 a 40 40 0 0 1 0 80 a 40 40 0 0 1 0 -80"></path><path class="rir_path" d="M50 10 a 40 40 0 0 1 0 80 a 40 40 0 0 1 0 -80" style="stroke-dasharray: 251.363, 251.363; stroke-dashoffset: 249.402;"></path></svg><div class="rir_text"><div><span>전국대비 확진자 비율</span><p class="rir_figure">0.78%</p></div></div></div><ul class="cityinfo subset"><li><div><span class="tit">확진 누적</span></div><div><span class="num">179,728</span><em>명</em></div></li><li><div><span class="sub_tit red">전일 대비 증감</span></div><div><span class="sub_num red">(+1067)</span></div></li><li><div><span class="tit">사망누적</span></div><div><span class="num">26,689</span><em>명</em></div></li><li><div><span class="sub_tit">10만명당 발생률</span></div><div><span class="num">48328</span><em>명</em></div></li><li><div class="menuinfo"><a class="t_mini_01" data-popup="zone_popup8" href="#link">코로나19 세종 누적 시군구 확진자 현황</a></div></li></ul></div></div><div id="map_city9"><h4 class="cityname">경기</h4><div class="mapview"><div class="citychart"><p class="citytit">26.87%<br><span class="tit_sub">전국대비 확진자 비율</span></p></div><div class="regional_incidence_ratio" data-percentage="26.87"><svg viewBox="0 0 100 100"><path d="M50 10 a 40 40 0 0 1 0 80 a 40 40 0 0 1 0 -80"></path><path class="rir_path" d="M50 10 a 40 40 0 0 1 0 80 a 40 40 0 0 1 0 -80" style="stroke-dasharray: 251.363, 251.363; stroke-dashoffset: 183.822;"></path></svg><div class="rir_text"><div><span>전국대비 확진자 비율</span><p class="rir_figure">26.87%</p></div></div></div><ul class="cityinfo subset"><li><div><span class="tit">확진 누적</span></div><div><span class="num">6,219,245</span><em>명</em></div></li><li><div><span class="sub_tit red">전일 대비 증감</span></div><div><span class="sub_num red">(+30289)</span></div></li><li><div><span class="tit">사망누적</span></div><div><span class="num">26,689</span><em>명</em></div></li><li><div><span class="sub_tit">10만명당 발생률</span></div><div><span class="num">45846</span><em>명</em></div></li><li><div class="menuinfo"><a class="t_mini_01" data-popup="zone_popup9" href="#link">코로나19 경기 누적 시군구 확진자 현황</a></div></li></ul></div></div><div id="map_city10"><h4 class="cityname">강원</h4><div class="mapview"><div class="citychart"><p class="citytit">2.92%<br><span class="tit_sub">전국대비 확진자 비율</span></p></div><div class="regional_incidence_ratio" data-percentage="2.92"><svg viewBox="0 0 100 100"><path d="M50 10 a 40 40 0 0 1 0 80 a 40 40 0 0 1 0 -80"></path><path class="rir_path" d="M50 10 a 40 40 0 0 1 0 80 a 40 40 0 0 1 0 -80" style="stroke-dasharray: 251.363, 251.363; stroke-dashoffset: 244.023;"></path></svg><div class="rir_text"><div><span>전국대비 확진자 비율</span><p class="rir_figure">2.92%</p></div></div></div><ul class="cityinfo subset"><li><div><span class="tit">확진 누적</span></div><div><span class="num">674,728</span><em>명</em></div></li><li><div><span class="sub_tit red">전일 대비 증감</span></div><div><span class="sub_num red">(+3192)</span></div></li><li><div><span class="tit">사망누적</span></div><div><span class="num">26,689</span><em>명</em></div></li><li><div><span class="sub_tit">10만명당 발생률</span></div><div><span class="num">43856</span><em>명</em></div></li><li><div class="menuinfo"><a class="t_mini_01" data-popup="zone_popup10" href="#link">코로나19 강원 누적 시군구 확진자 현황</a></div></li></ul></div></div><div id="map_city11"><h4 class="cityname">충북</h4><div class="mapview"><div class="citychart"><p class="citytit">3.10%<br><span class="tit_sub">전국대비 확진자 비율</span></p></div><div class="regional_incidence_ratio" data-percentage="3.10"><svg viewBox="0 0 100 100"><path d="M50 10 a 40 40 0 0 1 0 80 a 40 40 0 0 1 0 -80"></path><path class="rir_path" d="M50 10 a 40 40 0 0 1 0 80 a 40 40 0 0 1 0 -80" style="stroke-dasharray: 251.363, 251.363; stroke-dashoffset: 243.57;"></path></svg><div class="rir_text"><div><span>전국대비 확진자 비율</span><p class="rir_figure">3.1%</p></div></div></div><ul class="cityinfo subset"><li><div><span class="tit">확진 누적</span></div><div><span class="num">717,798</span><em>명</em></div></li><li><div><span class="sub_tit red">전일 대비 증감</span></div><div><span class="sub_num red">(+3789)</span></div></li><li><div><span class="tit">사망누적</span></div><div><span class="num">26,689</span><em>명</em></div></li><li><div><span class="sub_tit">10만명당 발생률</span></div><div><span class="num">44935</span><em>명</em></div></li><li><div class="menuinfo"><a class="t_mini_01" data-popup="zone_popup11" href="#link">코로나19 충북 누적 시군구 확진자 현황</a></div></li></ul></div></div><div id="map_city12"><h4 class="cityname">충남</h4><div class="mapview"><div class="citychart"><p class="citytit">4.00%<br><span class="tit_sub">전국대비 확진자 비율</span></p></div><div class="regional_incidence_ratio" data-percentage="4.00"><svg viewBox="0 0 100 100"><path d="M50 10 a 40 40 0 0 1 0 80 a 40 40 0 0 1 0 -80"></path><path class="rir_path" d="M50 10 a 40 40 0 0 1 0 80 a 40 40 0 0 1 0 -80" style="stroke-dasharray: 251.363, 251.363; stroke-dashoffset: 241.308;"></path></svg><div class="rir_text"><div><span>전국대비 확진자 비율</span><p class="rir_figure">4%</p></div></div></div><ul class="cityinfo subset"><li><div><span class="tit">확진 누적</span></div><div><span class="num">926,522</span><em>명</em></div></li><li><div><span class="sub_tit red">전일 대비 증감</span></div><div><span class="sub_num red">(+5304)</span></div></li><li><div><span class="tit">사망누적</span></div><div><span class="num">26,689</span><em>명</em></div></li><li><div><span class="sub_tit">10만명당 발생률</span></div><div><span class="num">43719</span><em>명</em></div></li><li><div class="menuinfo"><a class="t_mini_01" data-popup="zone_popup12" href="#link">코로나19 충남 누적 시군구 확진자 현황</a></div></li></ul></div></div><div id="map_city13"><h4 class="cityname">전북</h4><div class="mapview"><div class="citychart"><p class="citytit">3.37%<br><span class="tit_sub">전국대비 확진자 비율</span></p></div><div class="regional_incidence_ratio" data-percentage="3.37"><svg viewBox="0 0 100 100"><path d="M50 10 a 40 40 0 0 1 0 80 a 40 40 0 0 1 0 -80"></path><path class="rir_path" d="M50 10 a 40 40 0 0 1 0 80 a 40 40 0 0 1 0 -80" style="stroke-dasharray: 251.363, 251.363; stroke-dashoffset: 242.892;"></path></svg><div class="rir_text"><div><span>전국대비 확진자 비율</span><p class="rir_figure">3.37%</p></div></div></div><ul class="cityinfo subset"><li><div><span class="tit">확진 누적</span></div><div><span class="num">780,376</span><em>명</em></div></li><li><div><span class="sub_tit red">전일 대비 증감</span></div><div><span class="sub_num red">(+3957)</span></div></li><li><div><span class="tit">사망누적</span></div><div><span class="num">26,689</span><em>명</em></div></li><li><div><span class="sub_tit">10만명당 발생률</span></div><div><span class="num">43673</span><em>명</em></div></li><li><div class="menuinfo"><a class="t_mini_01" data-popup="zone_popup13" href="#link">코로나19 전북 누적 시군구 확진자 현황</a></div></li></ul></div></div><div id="map_city14"><h4 class="cityname">전남</h4><div class="mapview"><div class="citychart"><p class="citytit">3.33%<br><span class="tit_sub">전국대비 확진자 비율</span></p></div><div class="regional_incidence_ratio" data-percentage="3.33"><svg viewBox="0 0 100 100"><path d="M50 10 a 40 40 0 0 1 0 80 a 40 40 0 0 1 0 -80"></path><path class="rir_path" d="M50 10 a 40 40 0 0 1 0 80 a 40 40 0 0 1 0 -80" style="stroke-dasharray: 251.363, 251.363; stroke-dashoffset: 242.992;"></path></svg><div class="rir_text"><div><span>전국대비 확진자 비율</span><p class="rir_figure">3.33%</p></div></div></div><ul class="cityinfo subset"><li><div><span class="tit">확진 누적</span></div><div><span class="num">769,878</span><em>명</em></div></li><li><div><span class="sub_tit red">전일 대비 증감</span></div><div><span class="sub_num red">(+4523)</span></div></li><li><div><span class="tit">사망누적</span></div><div><span class="num">26,689</span><em>명</em></div></li><li><div><span class="sub_tit">10만명당 발생률</span></div><div><span class="num">42005</span><em>명</em></div></li><li><div class="menuinfo"><a class="t_mini_01" data-popup="zone_popup14" href="#link">코로나19 전남 누적 시군구 확진자 현황</a></div></li></ul></div></div><div id="map_city15"><h4 class="cityname">경북</h4><div class="mapview"><div class="citychart"><p class="citytit">4.46%<br><span class="tit_sub">전국대비 확진자 비율</span></p></div><div class="regional_incidence_ratio" data-percentage="4.46"><svg viewBox="0 0 100 100"><path d="M50 10 a 40 40 0 0 1 0 80 a 40 40 0 0 1 0 -80"></path><path class="rir_path" d="M50 10 a 40 40 0 0 1 0 80 a 40 40 0 0 1 0 -80" style="stroke-dasharray: 251.363, 251.363; stroke-dashoffset: 240.152;"></path></svg><div class="rir_text"><div><span>전국대비 확진자 비율</span><p class="rir_figure">4.46%</p></div></div></div><ul class="cityinfo subset"><li><div><span class="tit">확진 누적</span></div><div><span class="num">1,031,052</span><em>명</em></div></li><li><div><span class="sub_tit red">전일 대비 증감</span></div><div><span class="sub_num red">(+4940)</span></div></li><li><div><span class="tit">사망누적</span></div><div><span class="num">26,689</span><em>명</em></div></li><li><div><span class="sub_tit">10만명당 발생률</span></div><div><span class="num">39254</span><em>명</em></div></li><li><div class="menuinfo"><a class="t_mini_01" data-popup="zone_popup15" href="#link">코로나19 경북 누적 시군구 확진자 현황</a></div></li></ul></div></div><div id="map_city16"><h4 class="cityname">경남</h4><div class="mapview"><div class="citychart"><p class="citytit">6.02%<br><span class="tit_sub">전국대비 확진자 비율</span></p></div><div class="regional_incidence_ratio" data-percentage="6.02"><svg viewBox="0 0 100 100"><path d="M50 10 a 40 40 0 0 1 0 80 a 40 40 0 0 1 0 -80"></path><path class="rir_path" d="M50 10 a 40 40 0 0 1 0 80 a 40 40 0 0 1 0 -80" style="stroke-dasharray: 251.363, 251.363; stroke-dashoffset: 236.231;"></path></svg><div class="rir_text"><div><span>전국대비 확진자 비율</span><p class="rir_figure">6.02%</p></div></div></div><ul class="cityinfo subset"><li><div><span class="tit">확진 누적</span></div><div><span class="num">1,394,061</span><em>명</em></div></li><li><div><span class="sub_tit red">전일 대비 증감</span></div><div><span class="sub_num red">(+7762)</span></div></li><li><div><span class="tit">사망누적</span></div><div><span class="num">26,689</span><em>명</em></div></li><li><div><span class="sub_tit">10만명당 발생률</span></div><div><span class="num">42063</span><em>명</em></div></li><li><div class="menuinfo"><a class="t_mini_01" data-popup="zone_popup16" href="#link">코로나19 경남 누적 시군구 확진자 현황</a></div></li></ul></div></div><div id="map_city17"><h4 class="cityname">제주</h4><div class="mapview"><div class="citychart"><p class="citytit">1.38%<br><span class="tit_sub">전국대비 확진자 비율</span></p></div><div class="regional_incidence_ratio" data-percentage="1.38"><svg viewBox="0 0 100 100"><path d="M50 10 a 40 40 0 0 1 0 80 a 40 40 0 0 1 0 -80"></path><path class="rir_path" d="M50 10 a 40 40 0 0 1 0 80 a 40 40 0 0 1 0 -80" style="stroke-dasharray: 251.363, 251.363; stroke-dashoffset: 247.894;"></path></svg><div class="rir_text"><div><span>전국대비 확진자 비율</span><p class="rir_figure">1.38%</p></div></div></div><ul class="cityinfo subset"><li><div><span class="tit">확진 누적</span></div><div><span class="num">319,552</span><em>명</em></div></li><li><div><span class="sub_tit red">전일 대비 증감</span></div><div><span class="sub_num red">(+1035)</span></div></li><li><div><span class="tit">사망누적</span></div><div><span class="num">26,689</span><em>명</em></div></li><li><div><span class="sub_tit">10만명당 발생률</span></div><div><span class="num">47218</span><em>명</em></div></li><li><div class="menuinfo"><a class="t_mini_01" data-popup="zone_popup17" href="#link">코로나19 제주 누적 시군구 확진자 현황</a></div></li></ul></div></div><div id="map_city18"><h4 class="cityname">검역</h4><div class="mapview"><div class="citychart"><p class="citytit">0.06%<br><span class="tit_sub">전국대비 확진자 비율</span></p></div><div class="regional_incidence_ratio" data-percentage="0.06"><svg viewBox="0 0 100 100"><path d="M50 10 a 40 40 0 0 1 0 80 a 40 40 0 0 1 0 -80"></path><path class="rir_path" d="M50 10 a 40 40 0 0 1 0 80 a 40 40 0 0 1 0 -80" style="stroke-dasharray: 251.363, 251.363; stroke-dashoffset: 251.212;"></path></svg><div class="rir_text"><div><span>전국대비 확진자 비율</span><p class="rir_figure">0.06%</p></div></div></div><ul class="cityinfo subset"><li><div><span class="tit">확진 누적</span></div><div><span class="num">12,775</span><em>명</em></div></li><li><div><span class="sub_tit red">전일 대비 증감</span></div><div><span class="sub_num red">(+24)</span></div></li><li><div><span class="tit">사망누적</span></div><div><span class="num">26,689</span><em>명</em></div></li><li><div><span class="sub_tit">10만명당 발생률</span></div><div><span class="num">1888</span><em>명</em></div></li><li><div class="menuinfo"><a class="t_mini_01" data-popup="zone_popup18" href="#link">코로나19 검역 누적 시군구 확진자 현황</a></div></li></ul></div></div>                 
                            <!-- 권우주 - 21.05.27 - 시도별상세보기(시군구) - 작업2 START -->
<div id="zone_popup1"><ul class="popup_top"><li>코로나19 누적 시군구 확진자 현황</li><li><a onclick="MM_showHideLayers('zone_popup1')">창닫기</a></li></ul><ul class="z_list_top"><li>서울</li><li>4,545,050<span>명</span></li></ul><div class="z_list type_02"><table><caption><span class="hdn">코로나19 누적 시군구 확진자 현황-지역,확진자수</span></caption><colgroup><col><col></colgroup><thead><tr><th id="zone_01" scope="col">지역</th><th id="man_num" scope="col">확진자수</th></tr></thead><tbody><tr><td headers="zone_a">강남구</td><td headers="man_num">307,018</td></tr><tr><td headers="zone_a">강동구</td><td headers="man_num">215,466</td></tr><tr><td headers="zone_a">강북구</td><td headers="man_num">130,598</td></tr><tr><td headers="zone_a">강서구</td><td headers="man_num">256,723</td></tr><tr><td headers="zone_a">관악구</td><td headers="man_num">211,243</td></tr><tr><td headers="zone_a">광진구</td><td headers="man_num">163,240</td></tr><tr><td headers="zone_a">구로구</td><td headers="man_num">198,494</td></tr><tr><td headers="zone_a">금천구</td><td headers="man_num">116,283</td></tr><tr><td headers="zone_a">노원구</td><td headers="man_num">219,045</td></tr><tr><td headers="zone_a">도봉구</td><td headers="man_num">136,699</td></tr><tr><td headers="zone_a">동대문구</td><td headers="man_num">161,093</td></tr><tr><td headers="zone_a">동작구</td><td headers="man_num">170,132</td></tr><tr style="border-right:1px solid #bad2ea;"><td headers="zone_a">마포구</td><td headers="man_num">180,217</td></tr></tbody></table><table><caption><span class="hdn">코로나19 누적 시군구 확진자 현황-지역,확진자수</span></caption><colgroup><col><col></colgroup><thead><tr><th id="zone_01" scope="col">지역</th><th id="man_num" scope="col">확진자수</th></tr></thead><tbody><tr><td headers="zone_a">서대문구</td><td headers="man_num">139,310</td></tr><tr><td headers="zone_a">서초구</td><td headers="man_num">212,121</td></tr><tr><td headers="zone_a">성동구</td><td headers="man_num">140,521</td></tr><tr><td headers="zone_a">성북구</td><td headers="man_num">181,328</td></tr><tr><td headers="zone_a">송파구</td><td headers="man_num">321,733</td></tr><tr><td headers="zone_a">양천구</td><td headers="man_num">202,378</td></tr><tr><td headers="zone_a">영등포구</td><td headers="man_num">209,158</td></tr><tr><td headers="zone_a">용산구</td><td headers="man_num">94,307</td></tr><tr><td headers="zone_a">은평구</td><td headers="man_num">208,938</td></tr><tr><td headers="zone_a">종로구</td><td headers="man_num">94,868</td></tr><tr><td headers="zone_a">중구</td><td headers="man_num">111,038</td></tr><tr><td headers="zone_a">중랑구</td><td headers="man_num">163,099</td></tr></tbody></table></div></div><div id="zone_popup2"><ul class="popup_top"><li>코로나19 누적 시군구 확진자 현황</li><li><a onclick="MM_showHideLayers('zone_popup2')">창닫기</a></li></ul><ul class="z_list_top"><li>부산</li><li>1,393,146<span>명</span></li></ul><div class="z_list type_02"><table><caption><span class="hdn">코로나19 누적 시군구 확진자 현황-지역,확진자수</span></caption><colgroup><col><col></colgroup><thead><tr><th id="zone_01" scope="col">지역</th><th id="man_num" scope="col">확진자수</th></tr></thead><tbody><tr><td headers="zone_a">강서구</td><td headers="man_num">62,659</td></tr><tr><td headers="zone_a">금정구</td><td headers="man_num">90,637</td></tr><tr><td headers="zone_a">기장군</td><td headers="man_num">77,594</td></tr><tr><td headers="zone_a">남구</td><td headers="man_num">99,740</td></tr><tr><td headers="zone_a">동구</td><td headers="man_num">51,673</td></tr><tr><td headers="zone_a">동래구</td><td headers="man_num">122,035</td></tr><tr><td headers="zone_a">부산진구</td><td headers="man_num">133,289</td></tr><tr><td headers="zone_a">북구</td><td headers="man_num">105,313</td></tr></tbody></table><table><caption><span class="hdn">코로나19 누적 시군구 확진자 현황-지역,확진자수</span></caption><colgroup><col><col></colgroup><thead><tr><th id="zone_01" scope="col">지역</th><th id="man_num" scope="col">확진자수</th></tr></thead><tbody><tr><td headers="zone_a">사상구</td><td headers="man_num">93,033</td></tr><tr><td headers="zone_a">사하구</td><td headers="man_num">117,710</td></tr><tr><td headers="zone_a">서구</td><td headers="man_num">54,023</td></tr><tr><td headers="zone_a">수영구</td><td headers="man_num">68,957</td></tr><tr><td headers="zone_a">연제구</td><td headers="man_num">106,479</td></tr><tr><td headers="zone_a">영도구</td><td headers="man_num">39,051</td></tr><tr><td headers="zone_a">중구</td><td headers="man_num">17,203</td></tr><tr><td headers="zone_a">해운대구</td><td headers="man_num">153,750</td></tr></tbody></table></div></div><div id="zone_popup3"><ul class="popup_top"><li>코로나19 누적 시군구 확진자 현황</li><li><a onclick="MM_showHideLayers('zone_popup3')">창닫기</a></li></ul><ul class="z_list_top"><li>대구</li><li>991,092<span>명</span></li></ul><div class="z_list"><table><caption><span class="hdn">코로나19 누적 시군구 확진자 현황-지역,확진자수</span></caption><colgroup><col><col></colgroup><thead><tr><th id="zone_01" scope="col">지역</th><th id="man_num" scope="col">확진자수</th></tr></thead><tbody><tr><td headers="zone_a">남구</td><td headers="man_num">70,336</td></tr><tr><td headers="zone_a">달서구</td><td headers="man_num">222,383</td></tr><tr><td headers="zone_a">달성군</td><td headers="man_num">102,667</td></tr><tr><td headers="zone_a">동구</td><td headers="man_num">131,470</td></tr><tr><td headers="zone_a">북구</td><td headers="man_num">171,540</td></tr><tr><td headers="zone_a">서구</td><td headers="man_num">96,324</td></tr><tr><td headers="zone_a">수성구</td><td headers="man_num">155,611</td></tr><tr><td headers="zone_a">중구</td><td headers="man_num">40,761</td></tr></tbody></table></div></div><div id="zone_popup4"><ul class="popup_top"><li>코로나19 누적 시군구 확진자 현황</li><li><a onclick="MM_showHideLayers('zone_popup4')">창닫기</a></li></ul><ul class="z_list_top"><li>인천</li><li>1,332,407<span>명</span></li></ul><div class="z_list"><table><caption><span class="hdn">코로나19 누적 시군구 확진자 현황-지역,확진자수</span></caption><colgroup><col><col></colgroup><thead><tr><th id="zone_01" scope="col">지역</th><th id="man_num" scope="col">확진자수</th></tr></thead><tbody><tr><td headers="zone_a">강화군</td><td headers="man_num">25,527</td></tr><tr><td headers="zone_a">계양구</td><td headers="man_num">125,544</td></tr><tr><td headers="zone_a">남동구</td><td headers="man_num">218,916</td></tr><tr><td headers="zone_a">동구</td><td headers="man_num">40,381</td></tr><tr><td headers="zone_a">미추홀구</td><td headers="man_num">175,539</td></tr><tr><td headers="zone_a">부평구</td><td headers="man_num">207,266</td></tr><tr><td headers="zone_a">서구</td><td headers="man_num">259,181</td></tr><tr><td headers="zone_a">연수구</td><td headers="man_num">205,423</td></tr><tr><td headers="zone_a">중구</td><td headers="man_num">74,630</td></tr></tbody></table></div></div><div id="zone_popup5"><ul class="popup_top"><li>코로나19 누적 시군구 확진자 현황</li><li><a onclick="MM_showHideLayers('zone_popup5')">창닫기</a></li></ul><ul class="z_list_top"><li>광주</li><li>683,592<span>명</span></li></ul><div class="z_list"><table><caption><span class="hdn">코로나19 누적 시군구 확진자 현황-지역,확진자수</span></caption><colgroup><col><col></colgroup><thead><tr><th id="zone_01" scope="col">지역</th><th id="man_num" scope="col">확진자수</th></tr></thead><tbody><tr><td headers="zone_a">광산구</td><td headers="man_num">205,170</td></tr><tr><td headers="zone_a">남구</td><td headers="man_num">98,942</td></tr><tr><td headers="zone_a">동구</td><td headers="man_num">53,471</td></tr><tr><td headers="zone_a">북구</td><td headers="man_num">185,217</td></tr><tr><td headers="zone_a">서구</td><td headers="man_num">140,792</td></tr></tbody></table></div></div><div id="zone_popup6"><ul class="popup_top"><li>코로나19 누적 시군구 확진자 현황</li><li><a onclick="MM_showHideLayers('zone_popup6')">창닫기</a></li></ul><ul class="z_list_top"><li>대전</li><li>667,216<span>명</span></li></ul><div class="z_list"><table><caption><span class="hdn">코로나19 누적 시군구 확진자 현황-지역,확진자수</span></caption><colgroup><col><col></colgroup><thead><tr><th id="zone_01" scope="col">지역</th><th id="man_num" scope="col">확진자수</th></tr></thead><tbody><tr><td headers="zone_a">대덕구</td><td headers="man_num">68,712</td></tr><tr><td headers="zone_a">동구</td><td headers="man_num">100,630</td></tr><tr><td headers="zone_a">서구</td><td headers="man_num">206,491</td></tr><tr><td headers="zone_a">유성구</td><td headers="man_num">187,240</td></tr><tr><td headers="zone_a">중구</td><td headers="man_num">104,143</td></tr></tbody></table></div></div><div id="zone_popup7"><ul class="popup_top"><li>코로나19 누적 시군구 확진자 현황</li><li><a onclick="MM_showHideLayers('zone_popup7')">창닫기</a></li></ul><ul class="z_list_top"><li>울산</li><li>504,261<span>명</span></li></ul><div class="z_list"><table><caption><span class="hdn">코로나19 누적 시군구 확진자 현황-지역,확진자수</span></caption><colgroup><col><col></colgroup><thead><tr><th id="zone_01" scope="col">지역</th><th id="man_num" scope="col">확진자수</th></tr></thead><tbody><tr><td headers="zone_a">남구</td><td headers="man_num">162,058</td></tr><tr><td headers="zone_a">동구</td><td headers="man_num">69,774</td></tr><tr><td headers="zone_a">북구</td><td headers="man_num">106,850</td></tr><tr><td headers="zone_a">울주군</td><td headers="man_num">73,709</td></tr><tr><td headers="zone_a">중구</td><td headers="man_num">91,870</td></tr></tbody></table></div></div><div id="zone_popup8"><ul class="popup_top"><li>코로나19 누적 시군구 확진자 현황</li><li><a onclick="MM_showHideLayers('zone_popup8')">창닫기</a></li></ul><ul class="z_list_top"><li>세종</li><li>179,728<span>명</span></li></ul><div class="z_list"><table><caption><span class="hdn">코로나19 누적 시군구 확진자 현황-지역,확진자수</span></caption><colgroup><col><col></colgroup><thead><tr><th id="zone_01" scope="col">지역</th><th id="man_num" scope="col">확진자수</th></tr></thead><tbody><tr><td headers="zone_a">세종</td><td headers="man_num">179,728</td></tr></tbody></table></div></div><div id="zone_popup9"><ul class="popup_top"><li>코로나19 누적 시군구 확진자 현황</li><li><a onclick="MM_showHideLayers('zone_popup9')">창닫기</a></li></ul><ul class="z_list_top"><li>경기</li><li>6,219,245<span>명</span></li></ul><div class="z_list type_02"><table><caption><span class="hdn">코로나19 누적 시군구 확진자 현황-지역,확진자수</span></caption><colgroup><col><col></colgroup><thead><tr><th id="zone_01" scope="col">지역</th><th id="man_num" scope="col">확진자수</th></tr></thead><tbody><tr><td headers="zone_a">가평군</td><td headers="man_num">26,360</td></tr><tr><td headers="zone_a">고양시덕양구</td><td headers="man_num">209,547</td></tr><tr><td headers="zone_a">고양시일산동구</td><td headers="man_num">133,103</td></tr><tr><td headers="zone_a">고양시일산서구</td><td headers="man_num">128,423</td></tr><tr><td headers="zone_a">과천시</td><td headers="man_num">37,125</td></tr><tr><td headers="zone_a">광명시</td><td headers="man_num">144,940</td></tr><tr><td headers="zone_a">광주시</td><td headers="man_num">157,889</td></tr><tr><td headers="zone_a">구리시</td><td headers="man_num">95,023</td></tr><tr><td headers="zone_a">군포시</td><td headers="man_num">126,186</td></tr><tr><td headers="zone_a">김포시</td><td headers="man_num">236,108</td></tr><tr><td headers="zone_a">남양주시</td><td headers="man_num">312,665</td></tr><tr><td headers="zone_a">동두천시</td><td headers="man_num">39,488</td></tr><tr><td headers="zone_a">부천시</td><td headers="man_num">345,931</td></tr><tr><td headers="zone_a">성남시분당구</td><td headers="man_num">237,414</td></tr><tr><td headers="zone_a">성남시수정구</td><td headers="man_num">105,059</td></tr><tr><td headers="zone_a">성남시중원구</td><td headers="man_num">91,528</td></tr><tr><td headers="zone_a">수원시권선구</td><td headers="man_num">151,319</td></tr><tr><td headers="zone_a">수원시영통구</td><td headers="man_num">165,752</td></tr><tr><td headers="zone_a">수원시장안구</td><td headers="man_num">118,720</td></tr><tr><td headers="zone_a">수원시팔달구</td><td headers="man_num">109,061</td></tr><tr><td headers="zone_a">시흥시</td><td headers="man_num">243,624</td></tr></tbody></table><table><caption><span class="hdn">코로나19 누적 시군구 확진자 현황-지역,확진자수</span></caption><colgroup><col><col></colgroup><thead><tr><th id="zone_01" scope="col">지역</th><th id="man_num" scope="col">확진자수</th></tr></thead><tbody><tr><td headers="zone_a">안산시단원구</td><td headers="man_num">154,147</td></tr><tr><td headers="zone_a">안산시상록구</td><td headers="man_num">130,891</td></tr><tr><td headers="zone_a">안성시</td><td headers="man_num">79,160</td></tr><tr><td headers="zone_a">안양시동안구</td><td headers="man_num">149,432</td></tr><tr><td headers="zone_a">안양시만안구</td><td headers="man_num">105,684</td></tr><tr><td headers="zone_a">양주시</td><td headers="man_num">100,406</td></tr><tr><td headers="zone_a">양평군</td><td headers="man_num">46,006</td></tr><tr><td headers="zone_a">여주시</td><td headers="man_num">47,630</td></tr><tr><td headers="zone_a">연천군</td><td headers="man_num">20,610</td></tr><tr><td headers="zone_a">오산시</td><td headers="man_num">115,158</td></tr><tr><td headers="zone_a">용인시기흥구</td><td headers="man_num">180,183</td></tr><tr><td headers="zone_a">용인시수지구</td><td headers="man_num">154,973</td></tr><tr><td headers="zone_a">용인시처인구</td><td headers="man_num">146,057</td></tr><tr><td headers="zone_a">의왕시</td><td headers="man_num">78,868</td></tr><tr><td headers="zone_a">의정부시</td><td headers="man_num">206,596</td></tr><tr><td headers="zone_a">이천시</td><td headers="man_num">114,255</td></tr><tr><td headers="zone_a">파주시</td><td headers="man_num">221,999</td></tr><tr><td headers="zone_a">평택시</td><td headers="man_num">293,307</td></tr><tr><td headers="zone_a">포천시</td><td headers="man_num">62,822</td></tr><tr><td headers="zone_a">하남시</td><td headers="man_num">146,926</td></tr><tr><td headers="zone_a">화성시</td><td headers="man_num">448,870</td></tr></tbody></table></div></div><div id="zone_popup10"><ul class="popup_top"><li>코로나19 누적 시군구 확진자 현황</li><li><a onclick="MM_showHideLayers('zone_popup10')">창닫기</a></li></ul><ul class="z_list_top"><li>강원</li><li>674,728<span>명</span></li></ul><div class="z_list type_02"><table><caption><span class="hdn">코로나19 누적 시군구 확진자 현황-지역,확진자수</span></caption><colgroup><col><col></colgroup><thead><tr><th id="zone_01" scope="col">지역</th><th id="man_num" scope="col">확진자수</th></tr></thead><tbody><tr><td headers="zone_a">강릉시</td><td headers="man_num">92,098</td></tr><tr><td headers="zone_a">고성군</td><td headers="man_num">11,424</td></tr><tr><td headers="zone_a">동해시</td><td headers="man_num">37,719</td></tr><tr><td headers="zone_a">삼척시</td><td headers="man_num">23,082</td></tr><tr><td headers="zone_a">속초시</td><td headers="man_num">37,953</td></tr><tr><td headers="zone_a">양구군</td><td headers="man_num">12,082</td></tr><tr><td headers="zone_a">양양군</td><td headers="man_num">10,538</td></tr><tr><td headers="zone_a">영월군</td><td headers="man_num">12,402</td></tr><tr><td headers="zone_a">원주시</td><td headers="man_num">160,883</td></tr></tbody></table><table><caption><span class="hdn">코로나19 누적 시군구 확진자 현황-지역,확진자수</span></caption><colgroup><col><col></colgroup><thead><tr><th id="zone_01" scope="col">지역</th><th id="man_num" scope="col">확진자수</th></tr></thead><tbody><tr><td headers="zone_a">인제군</td><td headers="man_num">16,751</td></tr><tr><td headers="zone_a">정선군</td><td headers="man_num">10,190</td></tr><tr><td headers="zone_a">철원군</td><td headers="man_num">22,893</td></tr><tr><td headers="zone_a">춘천시</td><td headers="man_num">135,210</td></tr><tr><td headers="zone_a">태백시</td><td headers="man_num">17,340</td></tr><tr><td headers="zone_a">평창군</td><td headers="man_num">12,176</td></tr><tr><td headers="zone_a">홍천군</td><td headers="man_num">28,635</td></tr><tr><td headers="zone_a">화천군</td><td headers="man_num">17,967</td></tr><tr><td headers="zone_a">횡성군</td><td headers="man_num">15,385</td></tr></tbody></table></div></div><div id="zone_popup11"><ul class="popup_top"><li>코로나19 누적 시군구 확진자 현황</li><li><a onclick="MM_showHideLayers('zone_popup11')">창닫기</a></li></ul><ul class="z_list_top"><li>충북</li><li>717,798<span>명</span></li></ul><div class="z_list type_02"><table><caption><span class="hdn">코로나19 누적 시군구 확진자 현황-지역,확진자수</span></caption><colgroup><col><col></colgroup><thead><tr><th id="zone_01" scope="col">지역</th><th id="man_num" scope="col">확진자수</th></tr></thead><tbody><tr><td headers="zone_a">괴산군</td><td headers="man_num">12,762</td></tr><tr><td headers="zone_a">단양군</td><td headers="man_num">9,140</td></tr><tr><td headers="zone_a">보은군</td><td headers="man_num">11,753</td></tr><tr><td headers="zone_a">영동군</td><td headers="man_num">15,596</td></tr><tr><td headers="zone_a">옥천군</td><td headers="man_num">18,220</td></tr><tr><td headers="zone_a">음성군</td><td headers="man_num">38,938</td></tr><tr><td headers="zone_a">제천시</td><td headers="man_num">54,845</td></tr></tbody></table><table><caption><span class="hdn">코로나19 누적 시군구 확진자 현황-지역,확진자수</span></caption><colgroup><col><col></colgroup><thead><tr><th id="zone_01" scope="col">지역</th><th id="man_num" scope="col">확진자수</th></tr></thead><tbody><tr><td headers="zone_a">증평군</td><td headers="man_num">19,765</td></tr><tr><td headers="zone_a">진천군</td><td headers="man_num">43,930</td></tr><tr><td headers="zone_a">청주시상당구</td><td headers="man_num">98,301</td></tr><tr><td headers="zone_a">청주시서원구</td><td headers="man_num">92,624</td></tr><tr><td headers="zone_a">청주시청원구</td><td headers="man_num">90,063</td></tr><tr><td headers="zone_a">청주시흥덕구</td><td headers="man_num">119,245</td></tr><tr><td headers="zone_a">충주시</td><td headers="man_num">92,616</td></tr></tbody></table></div></div><div id="zone_popup12"><ul class="popup_top"><li>코로나19 누적 시군구 확진자 현황</li><li><a onclick="MM_showHideLayers('zone_popup12')">창닫기</a></li></ul><ul class="z_list_top"><li>충남</li><li>926,522<span>명</span></li></ul><div class="z_list type_02"><table><caption><span class="hdn">코로나19 누적 시군구 확진자 현황-지역,확진자수</span></caption><colgroup><col><col></colgroup><thead><tr><th id="zone_01" scope="col">지역</th><th id="man_num" scope="col">확진자수</th></tr></thead><tbody><tr><td headers="zone_a">계룡시</td><td headers="man_num">20,645</td></tr><tr><td headers="zone_a">공주시</td><td headers="man_num">39,389</td></tr><tr><td headers="zone_a">금산군</td><td headers="man_num">18,868</td></tr><tr><td headers="zone_a">논산시</td><td headers="man_num">59,769</td></tr><tr><td headers="zone_a">당진시</td><td headers="man_num">73,320</td></tr><tr><td headers="zone_a">보령시</td><td headers="man_num">35,670</td></tr><tr><td headers="zone_a">부여군</td><td headers="man_num">21,913</td></tr><tr><td headers="zone_a">서산시</td><td headers="man_num">76,682</td></tr></tbody></table><table><caption><span class="hdn">코로나19 누적 시군구 확진자 현황-지역,확진자수</span></caption><colgroup><col><col></colgroup><thead><tr><th id="zone_01" scope="col">지역</th><th id="man_num" scope="col">확진자수</th></tr></thead><tbody><tr><td headers="zone_a">서천군</td><td headers="man_num">18,798</td></tr><tr><td headers="zone_a">아산시</td><td headers="man_num">147,990</td></tr><tr><td headers="zone_a">예산군</td><td headers="man_num">26,726</td></tr><tr><td headers="zone_a">천안시동남구</td><td headers="man_num">104,106</td></tr><tr><td headers="zone_a">천안시서북구</td><td headers="man_num">209,339</td></tr><tr><td headers="zone_a">청양군</td><td headers="man_num">9,635</td></tr><tr><td headers="zone_a">태안군</td><td headers="man_num">20,693</td></tr><tr><td headers="zone_a">홍성군</td><td headers="man_num">42,979</td></tr></tbody></table></div></div><div id="zone_popup13"><ul class="popup_top"><li>코로나19 누적 시군구 확진자 현황</li><li><a onclick="MM_showHideLayers('zone_popup13')">창닫기</a></li></ul><ul class="z_list_top"><li>전북</li><li>780,376<span>명</span></li></ul><div class="z_list type_02"><table><caption><span class="hdn">코로나19 누적 시군구 확진자 현황-지역,확진자수</span></caption><colgroup><col><col></colgroup><thead><tr><th id="zone_01" scope="col">지역</th><th id="man_num" scope="col">확진자수</th></tr></thead><tbody><tr><td headers="zone_a">고창군</td><td headers="man_num">18,568</td></tr><tr><td headers="zone_a">군산시</td><td headers="man_num">113,725</td></tr><tr><td headers="zone_a">김제시</td><td headers="man_num">30,356</td></tr><tr><td headers="zone_a">남원시</td><td headers="man_num">31,720</td></tr><tr><td headers="zone_a">무주군</td><td headers="man_num">9,111</td></tr><tr><td headers="zone_a">부안군</td><td headers="man_num">17,874</td></tr><tr><td headers="zone_a">순창군</td><td headers="man_num">9,598</td></tr><tr style="border-right:1px solid #bad2ea;"><td headers="zone_a">완주군</td><td headers="man_num">43,722</td></tr></tbody></table><table><caption><span class="hdn">코로나19 누적 시군구 확진자 현황-지역,확진자수</span></caption><colgroup><col><col></colgroup><thead><tr><th id="zone_01" scope="col">지역</th><th id="man_num" scope="col">확진자수</th></tr></thead><tbody><tr><td headers="zone_a">익산시</td><td headers="man_num">121,075</td></tr><tr><td headers="zone_a">임실군</td><td headers="man_num">10,091</td></tr><tr><td headers="zone_a">장수군</td><td headers="man_num">6,565</td></tr><tr><td headers="zone_a">전주시덕진구</td><td headers="man_num">103,096</td></tr><tr><td headers="zone_a">전주시완산구</td><td headers="man_num">216,787</td></tr><tr><td headers="zone_a">정읍시</td><td headers="man_num">40,760</td></tr><tr><td headers="zone_a">진안군</td><td headers="man_num">7,328</td></tr></tbody></table></div></div><div id="zone_popup14"><ul class="popup_top"><li>코로나19 누적 시군구 확진자 현황</li><li><a onclick="MM_showHideLayers('zone_popup14')">창닫기</a></li></ul><ul class="z_list_top"><li>전남</li><li>769,878<span>명</span></li></ul><div class="z_list type_02"><table><caption><span class="hdn">코로나19 누적 시군구 확진자 현황-지역,확진자수</span></caption><colgroup><col><col></colgroup><thead><tr><th id="zone_01" scope="col">지역</th><th id="man_num" scope="col">확진자수</th></tr></thead><tbody><tr><td headers="zone_a">강진군</td><td headers="man_num">11,703</td></tr><tr><td headers="zone_a">고흥군</td><td headers="man_num">20,414</td></tr><tr><td headers="zone_a">곡성군</td><td headers="man_num">9,727</td></tr><tr><td headers="zone_a">광양시</td><td headers="man_num">64,069</td></tr><tr><td headers="zone_a">구례군</td><td headers="man_num">9,729</td></tr><tr><td headers="zone_a">나주시</td><td headers="man_num">53,641</td></tr><tr><td headers="zone_a">담양군</td><td headers="man_num">15,589</td></tr><tr><td headers="zone_a">목포시</td><td headers="man_num">109,178</td></tr><tr><td headers="zone_a">무안군</td><td headers="man_num">42,297</td></tr><tr><td headers="zone_a">보성군</td><td headers="man_num">13,876</td></tr><tr><td headers="zone_a">순천시</td><td headers="man_num">134,773</td></tr></tbody></table><table><caption><span class="hdn">코로나19 누적 시군구 확진자 현황-지역,확진자수</span></caption><colgroup><col><col></colgroup><thead><tr><th id="zone_01" scope="col">지역</th><th id="man_num" scope="col">확진자수</th></tr></thead><tbody><tr><td headers="zone_a">신안군</td><td headers="man_num">7,415</td></tr><tr><td headers="zone_a">여수시</td><td headers="man_num">124,455</td></tr><tr><td headers="zone_a">영광군</td><td headers="man_num">18,891</td></tr><tr><td headers="zone_a">영암군</td><td headers="man_num">19,371</td></tr><tr><td headers="zone_a">완도군</td><td headers="man_num">16,036</td></tr><tr><td headers="zone_a">장성군</td><td headers="man_num">15,659</td></tr><tr><td headers="zone_a">장흥군</td><td headers="man_num">13,581</td></tr><tr><td headers="zone_a">진도군</td><td headers="man_num">9,274</td></tr><tr><td headers="zone_a">함평군</td><td headers="man_num">10,068</td></tr><tr><td headers="zone_a">해남군</td><td headers="man_num">23,305</td></tr><tr><td headers="zone_a">화순군</td><td headers="man_num">26,827</td></tr></tbody></table></div></div><div id="zone_popup15"><ul class="popup_top"><li>코로나19 누적 시군구 확진자 현황</li><li><a onclick="MM_showHideLayers('zone_popup15')">창닫기</a></li></ul><ul class="z_list_top"><li>경북</li><li>1,031,052<span>명</span></li></ul><div class="z_list type_02"><table><caption><span class="hdn">코로나19 누적 시군구 확진자 현황-지역,확진자수</span></caption><colgroup><col><col></colgroup><thead><tr><th id="zone_01" scope="col">지역</th><th id="man_num" scope="col">확진자수</th></tr></thead><tbody><tr><td headers="zone_a">경산시</td><td headers="man_num">116,582</td></tr><tr><td headers="zone_a">경주시</td><td headers="man_num">90,719</td></tr><tr><td headers="zone_a">고령군</td><td headers="man_num">9,110</td></tr><tr><td headers="zone_a">구미시</td><td headers="man_num">185,623</td></tr><tr><td headers="zone_a">군위군</td><td headers="man_num">6,300</td></tr><tr><td headers="zone_a">김천시</td><td headers="man_num">53,633</td></tr><tr><td headers="zone_a">문경시</td><td headers="man_num">26,916</td></tr><tr><td headers="zone_a">봉화군</td><td headers="man_num">8,471</td></tr><tr><td headers="zone_a">상주시</td><td headers="man_num">31,769</td></tr><tr><td headers="zone_a">성주군</td><td headers="man_num">12,399</td></tr><tr><td headers="zone_a">안동시</td><td headers="man_num">61,829</td></tr><tr><td headers="zone_a">영덕군</td><td headers="man_num">11,963</td></tr></tbody></table><table><caption><span class="hdn">코로나19 누적 시군구 확진자 현황-지역,확진자수</span></caption><colgroup><col><col></colgroup><thead><tr><th id="zone_01" scope="col">지역</th><th id="man_num" scope="col">확진자수</th></tr></thead><tbody><tr><td headers="zone_a">영양군</td><td headers="man_num">4,599</td></tr><tr><td headers="zone_a">영주시</td><td headers="man_num">42,781</td></tr><tr><td headers="zone_a">영천시</td><td headers="man_num">35,353</td></tr><tr><td headers="zone_a">예천군</td><td headers="man_num">21,797</td></tr><tr><td headers="zone_a">울릉군</td><td headers="man_num">1,797</td></tr><tr><td headers="zone_a">울진군</td><td headers="man_num">16,484</td></tr><tr><td headers="zone_a">의성군</td><td headers="man_num">14,730</td></tr><tr><td headers="zone_a">청도군</td><td headers="man_num">13,040</td></tr><tr><td headers="zone_a">청송군</td><td headers="man_num">8,258</td></tr><tr><td headers="zone_a">칠곡군</td><td headers="man_num">40,360</td></tr><tr><td headers="zone_a">포항시남구</td><td headers="man_num">112,315</td></tr><tr><td headers="zone_a">포항시북구</td><td headers="man_num">104,224</td></tr></tbody></table></div></div><div id="zone_popup16"><ul class="popup_top"><li>코로나19 누적 시군구 확진자 현황</li><li><a onclick="MM_showHideLayers('zone_popup16')">창닫기</a></li></ul><ul class="z_list_top"><li>경남</li><li>1,394,061<span>명</span></li></ul><div class="z_list type_02"><table><caption><span class="hdn">코로나19 누적 시군구 확진자 현황-지역,확진자수</span></caption><colgroup><col><col></colgroup><thead><tr><th id="zone_01" scope="col">지역</th><th id="man_num" scope="col">확진자수</th></tr></thead><tbody><tr><td headers="zone_a">거제시</td><td headers="man_num">105,486</td></tr><tr><td headers="zone_a">거창군</td><td headers="man_num">23,802</td></tr><tr><td headers="zone_a">고성군</td><td headers="man_num">16,611</td></tr><tr><td headers="zone_a">김해시</td><td headers="man_num">231,931</td></tr><tr><td headers="zone_a">남해군</td><td headers="man_num">12,471</td></tr><tr><td headers="zone_a">밀양시</td><td headers="man_num">37,751</td></tr><tr><td headers="zone_a">사천시</td><td headers="man_num">47,293</td></tr><tr><td headers="zone_a">산청군</td><td headers="man_num">10,544</td></tr><tr><td headers="zone_a">양산시</td><td headers="man_num">154,289</td></tr><tr><td headers="zone_a">의령군</td><td headers="man_num">7,981</td></tr><tr><td headers="zone_a">진주시</td><td headers="man_num">150,326</td></tr></tbody></table><table><caption><span class="hdn">코로나19 누적 시군구 확진자 현황-지역,확진자수</span></caption><colgroup><col><col></colgroup><thead><tr><th id="zone_01" scope="col">지역</th><th id="man_num" scope="col">확진자수</th></tr></thead><tbody><tr><td headers="zone_a">창녕군</td><td headers="man_num">19,724</td></tr><tr><td headers="zone_a">창원시마산합포구</td><td headers="man_num">94,923</td></tr><tr><td headers="zone_a">창원시마산회원구</td><td headers="man_num">56,907</td></tr><tr><td headers="zone_a">창원시성산구</td><td headers="man_num">139,744</td></tr><tr><td headers="zone_a">창원시의창구</td><td headers="man_num">90,136</td></tr><tr><td headers="zone_a">창원시진해구</td><td headers="man_num">85,944</td></tr><tr><td headers="zone_a">통영시</td><td headers="man_num">47,877</td></tr><tr><td headers="zone_a">하동군</td><td headers="man_num">12,930</td></tr><tr><td headers="zone_a">함안군</td><td headers="man_num">21,833</td></tr><tr><td headers="zone_a">함양군</td><td headers="man_num">12,758</td></tr><tr><td headers="zone_a">합천군</td><td headers="man_num">12,800</td></tr></tbody></table></div></div><div id="zone_popup17"><ul class="popup_top"><li>코로나19 누적 시군구 확진자 현황</li><li><a onclick="MM_showHideLayers('zone_popup17')">창닫기</a></li></ul><ul class="z_list_top"><li>제주</li><li>319,552<span>명</span></li></ul><div class="z_list"><table><caption><span class="hdn">코로나19 누적 시군구 확진자 현황-지역,확진자수</span></caption><colgroup><col><col></colgroup><thead><tr><th id="zone_01" scope="col">지역</th><th id="man_num" scope="col">확진자수</th></tr></thead><tbody><tr><td headers="zone_a">서귀포시</td><td headers="man_num">78,995</td></tr><tr><td headers="zone_a">제주시</td><td headers="man_num">240,557</td></tr></tbody></table></div></div><div id="zone_popup18"><ul class="popup_top"><li>코로나19 누적 시군구 확진자 현황</li><li><a onclick="MM_showHideLayers('zone_popup18')">창닫기</a></li></ul><ul class="z_list_top"><li>검역</li><li>12,775<span>명</span></li></ul><div class="z_list"><table><caption><span class="hdn">코로나19 누적 시군구 확진자 현황-지역,확진자수</span></caption><colgroup><col><col></colgroup><thead><tr><th id="zone_01" scope="col">지역</th><th id="man_num" scope="col">확진자수</th></tr></thead><tbody><tr><td headers="zone_a">검역</td><td headers="man_num">12,775</td></tr></tbody></table></div></div>
                            <!-- 권우주 - 21.05.27 - 시도별상세보기(시군구) - 작업2 END -->
                            <ul class="rpsad_legend">
                                <li><span>발생률 : </span>지역별 인구 출처 - 행정안전부, 주민등록인구현황 (’21.12월 기준)
                                    <span class="lh_16">해당 시군구별 확진자는 신고 의료기관 및 보건소의 주소지를 기준으로 한 것으로, 역학조사 결과에 따라 변동될 수 있으며, 지자체에서 발표하는 코로나19 발생현황과 상이할 수 있습니다.</span>
                                </li>
                            </ul>
                        </div>
                    </div>
                </div>
                <div class="c_chart c_chart_rps_B">
                    <div class="cc_graph"><div class="chartjs-size-monitor"><div class="chartjs-size-monitor-expand"><div class=""></div></div><div class="chartjs-size-monitor-shrink"><div class=""></div></div></div>
                        <canvas id="regional_patient_status_B" width="1160" height="480" style="display: block; width: 1160px; height: 480px;" class="chartjs-render-monitor"></canvas>
                    </div>
                    <div class="hdn">이 그래프의 자세한 내용은 하단의 표를 참조 하세요.</div>
                </div>
                <!-- 시도별 상세표 -->
                <div class="data_table midd mgt24">
                    <table class="num midsize">
                        <caption><span class="hdn">코로나-19 시도별 발생 현황표 - 시도명, 전일대비 확진환자 증감(합계, 국내발생, 해외유입), 확진환자수(명) (확진환자, 사망자수, 발생률) 으로 구성</span></caption>
                        <colgroup>
                            <col style="width:14%;">
                            <col style="width:14%;">
                            <col style="width:14%;">
                            <col style="width:14%;">
                            <col style="width:16%;">
                            <col style="width:14%;">
                            <col style="width:14%;">
                        </colgroup>
                        <thead>
                            <tr>
                                <th scope="col" rowspan="2">시도명</th>
                                <th scope="col" id="status_level" colspan="3">전일대비 <br>확진환자 증감</th>
                                <th scope="col" id="status_con" colspan="4">확진환자 (명)</th>
                            </tr>
                            <tr>
                                <th scope="col" id="l_type1">합계</th>
                                <th scope="col" id="l_type2">국내<br>발생</th>
                                <th scope="col" id="l_type3">해외<br>유입</th>
                                <th scope="col" id="s_type1">확진<br>환자</th>
                                <th scope="col" id="s_type4">사망자</th>
                                <th scope="col" id="s_type5">발생률<br><span class="txt_ntc_bold"> (*)</span></th>
                            </tr>
                        </thead>
                        <tbody>
<tr class="sumline"><th scope="row">합계</th><td class="number" headers="status_level l_type1">115,638</td><td class="number" headers="status_level l_type2">115,258</td><td class="number" headers="status_level l_type3">380</td><td class="number" headers="status_con s_type1">23,142,479</td><td class="number" headers="status_con s_type4">26,689</td><td class="number" headers="status_con s_type5">44816</td></tr>
<tr><th scope="row">서울</th><td class="number" headers="status_level l_type1">20,418</td><td class="number" headers="status_level l_type2">20,397</td><td class="number" headers="status_level l_type3">21</td><td class="number" headers="status_con s_type1">4,545,050</td><td class="number" headers="status_con s_type4">5,218</td><td class="number" headers="status_con s_type5">47795</td></tr>
<tr><th scope="row">부산</th><td class="number" headers="status_level l_type1">7,813</td><td class="number" headers="status_level l_type2">7,808</td><td class="number" headers="status_level l_type3">5</td><td class="number" headers="status_con s_type1">1,393,146</td><td class="number" headers="status_con s_type4">2,355</td><td class="number" headers="status_con s_type5">41582</td></tr>
<tr><th scope="row">대구</th><td class="number" headers="status_level l_type1">6,108</td><td class="number" headers="status_level l_type2">6,093</td><td class="number" headers="status_level l_type3">15</td><td class="number" headers="status_con s_type1">991,092</td><td class="number" headers="status_con s_type4">1,467</td><td class="number" headers="status_con s_type5">41548</td></tr>
<tr><th scope="row">인천</th><td class="number" headers="status_level l_type1">6,477</td><td class="number" headers="status_level l_type2">6,375</td><td class="number" headers="status_level l_type3">102</td><td class="number" headers="status_con s_type1">1,332,407</td><td class="number" headers="status_con s_type4">1,479</td><td class="number" headers="status_con s_type5">45191</td></tr>
<tr><th scope="row">광주</th><td class="number" headers="status_level l_type1">2,953</td><td class="number" headers="status_level l_type2">2,943</td><td class="number" headers="status_level l_type3">10</td><td class="number" headers="status_con s_type1">683,592</td><td class="number" headers="status_con s_type4">616</td><td class="number" headers="status_con s_type5">47419</td></tr>
<tr><th scope="row">대전</th><td class="number" headers="status_level l_type1">3,884</td><td class="number" headers="status_level l_type2">3,855</td><td class="number" headers="status_level l_type3">29</td><td class="number" headers="status_con s_type1">667,216</td><td class="number" headers="status_con s_type4">766</td><td class="number" headers="status_con s_type5">45944</td></tr>
<tr><th scope="row">울산</th><td class="number" headers="status_level l_type1">2,103</td><td class="number" headers="status_level l_type2">2,089</td><td class="number" headers="status_level l_type3">14</td><td class="number" headers="status_con s_type1">504,261</td><td class="number" headers="status_con s_type4">378</td><td class="number" headers="status_con s_type5">44959</td></tr>
<tr><th scope="row">세종</th><td class="number" headers="status_level l_type1">1,067</td><td class="number" headers="status_level l_type2">1,060</td><td class="number" headers="status_level l_type3">7</td><td class="number" headers="status_con s_type1">179,728</td><td class="number" headers="status_con s_type4">43</td><td class="number" headers="status_con s_type5">48328</td></tr>
<tr><th scope="row">경기</th><td class="number" headers="status_level l_type1">30,289</td><td class="number" headers="status_level l_type2">30,268</td><td class="number" headers="status_level l_type3">21</td><td class="number" headers="status_con s_type1">6,219,245</td><td class="number" headers="status_con s_type4">6,778</td><td class="number" headers="status_con s_type5">45846</td></tr>
<tr><th scope="row">강원</th><td class="number" headers="status_level l_type1">3,192</td><td class="number" headers="status_level l_type2">3,184</td><td class="number" headers="status_level l_type3">8</td><td class="number" headers="status_con s_type1">674,728</td><td class="number" headers="status_con s_type4">961</td><td class="number" headers="status_con s_type5">43856</td></tr>
<tr><th scope="row">충북</th><td class="number" headers="status_level l_type1">3,789</td><td class="number" headers="status_level l_type2">3,771</td><td class="number" headers="status_level l_type3">18</td><td class="number" headers="status_con s_type1">717,798</td><td class="number" headers="status_con s_type4">809</td><td class="number" headers="status_con s_type5">44935</td></tr>
<tr><th scope="row">충남</th><td class="number" headers="status_level l_type1">5,304</td><td class="number" headers="status_level l_type2">5,292</td><td class="number" headers="status_level l_type3">12</td><td class="number" headers="status_con s_type1">926,522</td><td class="number" headers="status_con s_type4">1,104</td><td class="number" headers="status_con s_type5">43719</td></tr>
<tr><th scope="row">전북</th><td class="number" headers="status_level l_type1">3,957</td><td class="number" headers="status_level l_type2">3,949</td><td class="number" headers="status_level l_type3">8</td><td class="number" headers="status_con s_type1">780,376</td><td class="number" headers="status_con s_type4">940</td><td class="number" headers="status_con s_type5">43673</td></tr>
<tr><th scope="row">전남</th><td class="number" headers="status_level l_type1">4,523</td><td class="number" headers="status_level l_type2">4,519</td><td class="number" headers="status_level l_type3">4</td><td class="number" headers="status_con s_type1">769,878</td><td class="number" headers="status_con s_type4">607</td><td class="number" headers="status_con s_type5">42005</td></tr>
<tr><th scope="row">경북</th><td class="number" headers="status_level l_type1">4,940</td><td class="number" headers="status_level l_type2">4,897</td><td class="number" headers="status_level l_type3">43</td><td class="number" headers="status_con s_type1">1,031,052</td><td class="number" headers="status_con s_type4">1,550</td><td class="number" headers="status_con s_type5">39254</td></tr>
<tr><th scope="row">경남</th><td class="number" headers="status_level l_type1">7,762</td><td class="number" headers="status_level l_type2">7,733</td><td class="number" headers="status_level l_type3">29</td><td class="number" headers="status_con s_type1">1,394,061</td><td class="number" headers="status_con s_type4">1,395</td><td class="number" headers="status_con s_type5">42063</td></tr>
<tr><th scope="row">제주</th><td class="number" headers="status_level l_type1">1,035</td><td class="number" headers="status_level l_type2">1,025</td><td class="number" headers="status_level l_type3">10</td><td class="number" headers="status_con s_type1">319,552</td><td class="number" headers="status_con s_type4">207</td><td class="number" headers="status_con s_type5">47218</td></tr>
<tr><th scope="row">검역</th><td class="number" headers="status_level l_type1">24</td><td class="number" headers="status_level l_type2">0</td><td class="number" headers="status_level l_type3">24</td><td class="number" headers="status_con s_type1">12,775</td><td class="number" headers="status_con s_type4">16</td><td class="number" headers="status_con s_type5">1888</td></tr>

                        </tbody>
                    </table>
                </div>
                <p class="s_descript mgt16">
                    <span class="txt_ntc_bold">(*)</span> 인구 10만 명당 (지역별 인구 출처 : 행정안전부, 주민등록인구현황 (’21.12월 기준))<br>
                    <span class="txt_ntc">※</span> 지역구분은 신고지를 기준으로 하며, 초기 신고 이후 소관지역이 변경된 경우 변동 가능<br>
                </p>
                <!-- 시도별 상세표 //-->  
                <div class="citylist">
                    <p class="ta_c mgt16"><strong class="w_bold">시도별 코로나19 관련 정보</strong></p>
                    <ul class="mgt16 cnt4">
                        <li><a href="http://www.seoul.go.kr/coronaV/coronaStatus.do" target="_blank" title="새창" class="s_link_text"><span class="tit">서울특별시</span><i class="ico_window"><span class="hdn">새창</span></i></a></li>
                        <li><a href="http://www.busan.go.kr/corona19/index" target="_blank" title="새창" class="s_link_text"><span class="tit">부산광역시</span><i class="ico_window"><span class="hdn">새창</span></i></a></li>
                        <li><a href="http://www.daegu.go.kr/" target="_blank" title="새창" class="s_link_text"><span class="tit">대구광역시</span><i class="ico_window"><span class="hdn">새창</span></i></a></li>
                        <li><a href="https://www.incheon.go.kr/" target="_blank" title="새창" class="s_link_text"><span class="tit">인천광역시</span><i class="ico_window"><span class="hdn">새창</span></i></a></li>
                        <li><a href="https://www.gwangju.go.kr/" target="_blank" title="새창" class="s_link_text"><span class="tit">광주광역시</span><i class="ico_window"><span class="hdn">새창</span></i></a></li>
                        <li><a href="https://www.daejeon.go.kr/corona19/index.do" target="_blank" title="새창" class="s_link_text"><span class="tit">대전광역시</span><i class="ico_window"><span class="hdn">새창</span></i></a></li>
                        <li><a href="http://www.ulsan.go.kr/corona.jsp" target="_blank" title="새창" class="s_link_text"><span class="tit">울산광역시</span><i class="ico_window"><span class="hdn">새창</span></i></a></li>
                        <li><a href="https://www.sejong.go.kr/life/sub05_0704.do" target="_blank" title="새창" class="s_link_text"><span class="tit">세종특별자치시</span><i class="ico_window"><span class="hdn">새창</span></i></a></li>
                        <li><a href="https://www.gg.go.kr/covid19" target="_blank" title="새창" class="s_link_text"><span class="tit">경기도</span><i class="ico_window"><span class="hdn">새창</span></i></a></li>
                        <li><a href="http://www.provin.gangwon.kr/" target="_blank" title="새창" class="s_link_text"><span class="tit">강원도</span><i class="ico_window"><span class="hdn">새창</span></i></a></li>
                        <li><a href="http://www.chungbuk.go.kr/" target="_blank" title="새창" class="s_link_text"><span class="tit">충청북도</span><i class="ico_window"><span class="hdn">새창</span></i></a></li>
                        <li><a href="http://www.chungnam.go.kr/coronaStatus.do" target="_blank" title="새창" class="s_link_text"><span class="tit">충청남도</span><i class="ico_window"><span class="hdn">새창</span></i></a></li>
                        <li><a href="http://www.jeonbuk.go.kr/" target="_blank" title="새창" class="s_link_text"><span class="tit">전라북도</span><i class="ico_window"><span class="hdn">새창</span></i></a></li>
                        <li><a href="https://www.jeonnam.go.kr/coronaMainPage.do" target="_blank" title="새창" class="s_link_text"><span class="tit">전라남도</span><i class="ico_window"><span class="hdn">새창</span></i></a></li>
                        <li><a href="http://gb.go.kr/corona_main.htm" target="_blank" title="새창" class="s_link_text"><span class="tit">경상북도</span><i class="ico_window"><span class="hdn">새창</span></i></a></li>
                        <li><a href="http://www.gyeongnam.go.kr/corona.html" target="_blank" title="새창" class="s_link_text"><span class="tit">경상남도</span><i class="ico_window"><span class="hdn">새창</span></i></a></li>
                        <li><a href="https://jeju.go.kr/covid19.jsp" target="_blank" title="새창" class="s_link_text"><span class="tit">제주특별자치도</span><i class="ico_window"><span class="hdn">새창</span></i></a></li>
                    </ul>
                </div>
                <!-- 공공누리 표시 -->
                





	
	
	
	
	
	
	
		
	
			
			
	
	
	


<div class="copykogl
	
		 type1
		
		
		
		
	">
	<div class="copyimg">
		
			<span class="hdn">공공누리 제1유형</span>
			
			
			
			
			
	</div>
	<p class="copytext">
		<strong>"시도별 발생동향"</strong> 
		저작물은
		
			 공공누리의 <strong>제1유형 (출처표시, 상업적 이용가능, 변경 가능)</strong>
			
			
			
			
		
		
			
			
				에 따라 이용할 수 있습니다.<br>
				텍스트 데이터는 공공누리 유형조건에 따라 자유이용이 가능합니다. 단, 사진, 이미지, 일러스트, 동영상 등의 일부 자료는 자유롭게 이용하기 위해서는 반드시 해당 저작권자의 허락을 받으셔야 합니다.
			
		
	</p>
</div>  
                                
                <!-- e: content -->                           
            </div>
        </div>
    </div>                      
</div>

		<div class="footer">
            <div class="f_top">
                <div>
                    <div class="ft_left">
                        <div class="f_relate">
                             <ul>
                                <li>
                                    <a href="#none"><span>질병관리청 관련기관 </span><em>바로가기</em></a>
                                    <div>
                                        <ul>
                                            <li><a href="http://www.kdca.go.kr" target="_blank" rel="noopener noreferrer" title="질병관리청  [새창]">질병관리청<i class="ico_window"><span class="hdn">새창</span></i></a></li>
                                            <li><a href="http://www.cdc.gov/" target="_blank" rel="noopener noreferrer" title="미국질병통제예방센터[CDC]  [새창]">미국질병통제예방센터[CDC]<i class="ico_window"><span class="hdn">새창</span></i></a></li>
                                            <li><a href="http://www.ecdc.europa.eu/" target="_blank" rel="noopener noreferrer" title="유럽질병통제예방센터[ECDC] [새창]">유럽질병통제예방센터[ECDC]<i class="ico_window"><span class="hdn">새창</span></i></a></li>
                                            <li><a href="http://www.who.int/" target="_blank" rel="noopener noreferrer" title="세계보건기구[WHO] [새창]">세계보건기구[WHO]<i class="ico_window"><span class="hdn">새창</span></i></a></li>
                                            <li><a href="http://www.nih.go.jp/" target="_blank" rel="noopener noreferrer" title="일본감염병연구소[NIID] [새창]">일본감염병연구소[NIID]<i class="ico_window"><span class="hdn">새창</span></i></a></li>
                                            <li><a href="http://www.hpa.org.uk/" target="_blank" rel="noopener noreferrer" title="영국공공보건국[PHE] [새창]">영국공공보건국[PHE]<i class="ico_window"><span class="hdn">새창</span></i></a></li>
                                        </ul>
                                    </div>
                                </li>
                                <li>
                                    <a href="#none"><span>보건환경연구원 </span><em>바로가기</em></a>
                                    <div>
                                        <ul>
                                            <li><a href="http://news.seoul.go.kr/welfare/life_health" target="_blank" rel="noopener noreferrer" title="서울특별시 보건환경연구원 [새창]">서울특별시 보건환경연구원<i class="ico_window"><span class="hdn">새창</span></i></a></li>
                                            <li><a href="http://www.busan.go.kr/ihe/index" target="_blank" rel="noopener noreferrer" title="부산광역시 보건환경연구원 [새창]">부산광역시 보건환경연구원<i class="ico_window"><span class="hdn">새창</span></i></a></li>
                                            <li><a href="http://www.daegu.go.kr/Health/" target="_blank" rel="noopener noreferrer" title="대구광역시 보건환경연구원 [새창]">대구광역시 보건환경연구원<i class="ico_window"><span class="hdn">새창</span></i></a></li>
                                            <li><a href="http://ecopia.incheon.go.kr" target="_blank" rel="noopener noreferrer" title="인천광역시 보건환경연구원 [새창]">인천광역시 보건환경연구원<i class="ico_window"><span class="hdn">새창</span></i></a></li>
                                            <li><a href="http://hevi.gwangju.go.kr/" target="_blank" rel="noopener noreferrer" title="광주광역시 보건환경연구원 [새창]">광주광역시 보건환경연구원<i class="ico_window"><span class="hdn">새창</span></i></a></li>
                                            <li><a href="http://www.daejeon.go.kr/hea/index.do" target="_blank" rel="noopener noreferrer" title="대전광역시 보건환경연구원 [새창]">대전광역시 보건환경연구원<i class="ico_window"><span class="hdn">새창</span></i></a></li>
                                            <li><a href="http://www.ulsan.go.kr/uihe/index" target="_blank" rel="noopener noreferrer" title="울산광역시 보건환경연구원 [새창]">울산광역시 보건환경연구원<i class="ico_window"><span class="hdn">새창</span></i></a></li>
                                            <li><a href="http://gg.go.kr/gg_health" target="_blank" rel="noopener noreferrer" title="경기도 보건환경연구원 [새창]">경기도 보건환경연구원<i class="ico_window"><span class="hdn">새창</span></i></a></li>
                                            <li><a href="http://www.gihe.re.kr/" target="_blank" rel="noopener noreferrer" title="강원도 보건환경연구원 [새창]">강원도 보건환경연구원<i class="ico_window"><span class="hdn">새창</span></i></a></li>
                                            <li><a href="http://here.cb21.net/" target="_blank" rel="noopener noreferrer" title="충청북도 보건환경연구원 [새창]">충청북도 보건환경연구원<i class="ico_window"><span class="hdn">새창</span></i></a></li>
                                            <li><a href="http://www.chungnam.go.kr/healthenvMain.do" target="_blank" rel="noopener noreferrer" title="충청남도 보건환경연구원 [새창]">충청남도 보건환경연구원<i class="ico_window"><span class="hdn">새창</span></i></a></li>
                                            <li><a href="http://jihe.jeonbuk.go.kr/" target="_blank" rel="noopener noreferrer" title="전라북도 보건환경연구원 [새창]">전라북도 보건환경연구원<i class="ico_window"><span class="hdn">새창</span></i></a></li>
                                            <li><a href="http://www.jihe.go.kr/" target="_blank" rel="noopener noreferrer" title="전라남도 보건환경연구원 [새창]">전라남도 보건환경연구원<i class="ico_window"><span class="hdn">새창</span></i></a></li>
                                            <li><a href="http://www.gb.go.kr/Main/open_contents/section/inhen/index.html" target="_blank" rel="noopener noreferrer" title="경상북도 보건환경연구원 [새창]">경상북도 보건환경연구원<i class="ico_window"><span class="hdn">새창</span></i></a></li>
                                            <li><a href="http://www.gyeongnam.go.kr/knhe/index.gyeong" target="_blank" rel="noopener noreferrer" title="경상남도 보건환경연구원 [새창]">경상남도 보건환경연구원<i class="ico_window"><span class="hdn">새창</span></i></a></li>
                                            <li><a href="http://hei.jeju.go.kr/" target="_blank" rel="noopener noreferrer" title="제주특별자치도 보건환경연구원 [새창]">제주특별자치도 보건환경연구원<i class="ico_window"><span class="hdn">새창</span></i></a></li>
                                            <li><a href="https://www.sejong.go.kr/vri.do" target="_blank" rel="noopener noreferrer" title="세종시 보건환경 연구원 [새창]">세종시 보건환경 연구원<i class="ico_window"><span class="hdn">새창</span></i></a></li>
                                        </ul>
                                    </div>
                                </li>
                                <li>
                                    <a href="#none"><span>관련기관 </span><em>바로가기</em></a>
                                    <div>
                                        <ul>
                                            <li><a href="https://kosis.kr/covid/covid_index.do" target="_blank" rel="noopener noreferrer" title="통계청 코로나19 [새창]">통계청 코로나19<i class="ico_window"><span class="hdn">새창</span></i></a></li>
                                        </ul>
                                    </div>
                                </li>                                
                            </ul>

                        </div>
                    </div>
            	</div>
            </div>
            <div class="f_bottom">
                <div>
                    <div class="fb_left">
                        <div class="f_navigation">
                            <ul>
                                <li class="txt_private"><strong>신고상담</strong></li>
                                <li>보건소</li>
                                <li class="cdcinfo">질병관리청 콜센터 1339</li>
                                <li>지역번호 + 120</li>
                                <li>지역번호 + 114</li>
                            </ul>
                        </div>
                        <div class="f_copyright">
                            <p>Copyright ⓒ By MOHW. All Rights Reserved.</p>
                        </div>
                    </div>
					 <div class="fb_right">
                         <div class="f_web">
                             <a href="http://www.webwatch.or.kr/Situation/WA_Situation.html?MenuCD=110" target="_blank" rel="noopener noreferrer" title="webwatch 사이트 이동 - 새창"><span><img src="../static/image/footer/web_accessibility_img.png" alt="과학기술정보통신부 WEB ACCESSIBILITY 마크(웹접근성 품질인증 마크)"></span><i class="ico_window"><span class="hdn">새창</span></i></a>
                         </div>
                        <div class="f_open">
							<a href="http://www.kogl.or.kr/" target="_blank" title="OPEN 공공누리 공공저작물 자유이용허락 사이트 이동 - 새창"><span class="hdn">OPEN 공공누리 공공저작물 자유이용허락</span><i class="ico_window"><span class="hdn">새창</span></i></a>
						</div>
					 </div>                    
                </div>
            </div>
        </div>

		<a href="#header" class="btn_top" style="display: none;"><span class="hdn">상단으로 이동</span></a>

		<div class="body_bg"></div>
<script>
    function reverseHtmlTitle() {
        var titleStr = $(document).attr("title");

        var resultStr = "";
        var titleArr = titleStr.split(">");
        for(var i = titleArr.length-1; i >= 0; i--) {
            resultStr += $.trim(titleArr[i]);
            if(i !== 0) {
                resultStr += " < "
            }
        }
        $(document).attr("title", resultStr);
    }

    $(function() {
        reverseHtmlTitle();
    });
</script>

<!-- Global site tag (gtag.js) - Google Analytics -->
<script async="" src="https://www.googletagmanager.com/gtag/js?id=UA-159814989-1"></script>
<script>
  window.dataLayer = window.dataLayer || [];
  function gtag(){dataLayer.push(arguments);}
  gtag('js', new Date());

  gtag('config', 'UA-159814989-1');
</script>
<script type="text/javascript">
    (function(w, d, a){
        w.__beusablerumclient__ = {
            load : function(src){
                var b = d.createElement("script");
                b.src = src; b.async=true; b.type = "text/javascript";
                d.getElementsByTagName("head")[0].appendChild(b);
            }
        };w.__beusablerumclient__.load(a);
    })(window, document, "//rum.beusable.net/script/b210810e114904u843/2f7b84ef24");
</script>
<!-- Global site tag (wcslog.js) - Naver Analytics -->
<script type="text/javascript" src="//wcs.naver.net/wcslog.js"></script>
<script type="text/javascript">
if(!wcs_add) var wcs_add = {};
wcs_add["wa"] = "12ee4497fdbc0a0";
if(window.wcs) {
  wcs_do();
}
</script>
	</div>
<script>
    $(function(){
        //전국 파이
        RPR_A_data = {
            label : ["기타","경기","서울","부산","경남"],
            figure : [9590977,6219245,4545050,1393146,1394061]
        };
        
        //전국 바
        RPSBaseData = [{"name": "서울", "count": 4545050 },{"name": "부산", "count": 1393146 },{"name": "대구", "count": 991092 },{"name": "인천", "count": 1332407 },{"name": "광주", "count": 683592 },{"name": "대전", "count": 667216 },{"name": "울산", "count": 504261 },{"name": "세종", "count": 179728 },{"name": "경기", "count": 6219245 },{"name": "강원", "count": 674728 },{"name": "충북", "count": 717798 },{"name": "충남", "count": 926522 },{"name": "전북", "count": 780376 },{"name": "전남", "count": 769878 },{"name": "경북", "count": 1031052 },{"name": "경남", "count": 1394061 },{"name": "제주", "count": 319552 },{"name": "검역", "count": 12775 }];
    
        RPRAChart();
        RPSAChart();
        RPSACityRatio();
        RPSBChart();            
        
        /* 20201223 지도컬러 자동처리 */
        var MAP_COLOR_DATA = {
            level1 : '#b2e1ff', /* 1,000명이하 */
            level2 : '#15a8de', /* 1,000명 ~ 5,000명 이하 */
            level3 : '#118ac9'  /* 5,000명 이상 */
        };

        function numArry( numlist ){
            var numObj = [];
            $(numlist).each(function ( index ) {
                numObj.push( $(this).text().replace(/[^0-9]/g,""));
            });
            return numObj;
        };

        var MAP_CITY_NUM_list = $("button[data-city^='map_city']").find(".num").toArray();
        var MAP_CITY_NUM = numArry(MAP_CITY_NUM_list);

        function liveCityColorCheck(){
            MAP_CITY_NUM.forEach(function(value, index) {
                var cityStr = 'map_city' + (index + 1);
                 var cityColorCalc;

                if ( value <= 1000 ){
                    cityColorCalc = 'level1';
                }else if ( value >= 5000 ){
                    cityColorCalc = 'level3';
                }else{
                    cityColorCalc = 'level2';
                }
                $('.' + cityStr).attr('fill', MAP_COLOR_DATA[cityColorCalc]);
          });   
        }
        
        liveCityColorCheck();

        // 웹접근성으로 추가
        $('.mapview .menuinfo > a').attr('href', '#link');
    });

    $(function() {
        var $tmp = $('.c_chart_rpr_A + .citychart');
        $tmp.removeClass('citychart').addClass('hdn');
    });
</script>


</body></html>
Hibernate: 
    insert 
    into
        scraping_entity
        (seq, city, covid19_confirmed, increase_num) 
    values
        (default, ?, ?, ?)
2022-08-30 12:27:36.034 TRACE 9780 --- [    Test worker] o.h.type.descriptor.sql.BasicBinder      : binding parameter [1] as [VARCHAR] - [검색영역 열림]
2022-08-30 12:27:36.051 TRACE 9780 --- [    Test worker] o.h.type.descriptor.sql.BasicBinder      : binding parameter [2] as [VARCHAR] - [null]
2022-08-30 12:27:36.051 TRACE 9780 --- [    Test worker] o.h.type.descriptor.sql.BasicBinder      : binding parameter [3] as [VARCHAR] - [null]
Hibernate: 
    insert 
    into
        scraping_entity
        (seq, city, covid19_confirmed, increase_num) 
    values
        (default, ?, ?, ?)
2022-08-30 12:27:36.416 TRACE 9780 --- [    Test worker] o.h.type.descriptor.sql.BasicBinder      : binding parameter [1] as [VARCHAR] - [null]
2022-08-30 12:27:36.417 TRACE 9780 --- [    Test worker] o.h.type.descriptor.sql.BasicBinder      : binding parameter [2] as [VARCHAR] - [null]
2022-08-30 12:27:36.417 TRACE 9780 --- [    Test worker] o.h.type.descriptor.sql.BasicBinder      : binding parameter [3] as [VARCHAR] - [null]
Hibernate: 
    insert 
    into
        scraping_entity
        (seq, city, covid19_confirmed, increase_num) 
    values
        (default, ?, ?, ?)
2022-08-30 12:27:37.822 TRACE 9780 --- [    Test worker] o.h.type.descriptor.sql.BasicBinder      : binding parameter [1] as [VARCHAR] - [서울]
2022-08-30 12:27:37.822 TRACE 9780 --- [    Test worker] o.h.type.descriptor.sql.BasicBinder      : binding parameter [2] as [VARCHAR] - [4,545,050]
2022-08-30 12:27:37.822 TRACE 9780 --- [    Test worker] o.h.type.descriptor.sql.BasicBinder      : binding parameter [3] as [VARCHAR] - [(+20418)]
Hibernate: 
    insert 
    into
        scraping_entity
        (seq, city, covid19_confirmed, increase_num) 
    values
        (default, ?, ?, ?)
2022-08-30 12:27:38.112 TRACE 9780 --- [    Test worker] o.h.type.descriptor.sql.BasicBinder      : binding parameter [1] as [VARCHAR] - [부산]
2022-08-30 12:27:38.112 TRACE 9780 --- [    Test worker] o.h.type.descriptor.sql.BasicBinder      : binding parameter [2] as [VARCHAR] - [1,393,146]
2022-08-30 12:27:38.112 TRACE 9780 --- [    Test worker] o.h.type.descriptor.sql.BasicBinder      : binding parameter [3] as [VARCHAR] - [(+7813)]
Hibernate: 
    insert 
    into
        scraping_entity
        (seq, city, covid19_confirmed, increase_num) 
    values
        (default, ?, ?, ?)
2022-08-30 12:27:38.277 TRACE 9780 --- [    Test worker] o.h.type.descriptor.sql.BasicBinder      : binding parameter [1] as [VARCHAR] - [대구]
2022-08-30 12:27:38.277 TRACE 9780 --- [    Test worker] o.h.type.descriptor.sql.BasicBinder      : binding parameter [2] as [VARCHAR] - [991,092]
2022-08-30 12:27:38.277 TRACE 9780 --- [    Test worker] o.h.type.descriptor.sql.BasicBinder      : binding parameter [3] as [VARCHAR] - [(+6108)]
Hibernate: 
    insert 
    into
        scraping_entity
        (seq, city, covid19_confirmed, increase_num) 
    values
        (default, ?, ?, ?)
2022-08-30 12:27:38.449 TRACE 9780 --- [    Test worker] o.h.type.descriptor.sql.BasicBinder      : binding parameter [1] as [VARCHAR] - [인천]
2022-08-30 12:27:38.450 TRACE 9780 --- [    Test worker] o.h.type.descriptor.sql.BasicBinder      : binding parameter [2] as [VARCHAR] - [1,332,407]
2022-08-30 12:27:38.450 TRACE 9780 --- [    Test worker] o.h.type.descriptor.sql.BasicBinder      : binding parameter [3] as [VARCHAR] - [(+6477)]
Hibernate: 
    insert 
    into
        scraping_entity
        (seq, city, covid19_confirmed, increase_num) 
    values
        (default, ?, ?, ?)
2022-08-30 12:27:38.775 TRACE 9780 --- [    Test worker] o.h.type.descriptor.sql.BasicBinder      : binding parameter [1] as [VARCHAR] - [광주]
2022-08-30 12:27:38.776 TRACE 9780 --- [    Test worker] o.h.type.descriptor.sql.BasicBinder      : binding parameter [2] as [VARCHAR] - [683,592]
2022-08-30 12:27:38.776 TRACE 9780 --- [    Test worker] o.h.type.descriptor.sql.BasicBinder      : binding parameter [3] as [VARCHAR] - [(+2953)]
Hibernate: 
    insert 
    into
        scraping_entity
        (seq, city, covid19_confirmed, increase_num) 
    values
        (default, ?, ?, ?)
2022-08-30 12:27:38.939 TRACE 9780 --- [    Test worker] o.h.type.descriptor.sql.BasicBinder      : binding parameter [1] as [VARCHAR] - [대전]
2022-08-30 12:27:38.939 TRACE 9780 --- [    Test worker] o.h.type.descriptor.sql.BasicBinder      : binding parameter [2] as [VARCHAR] - [667,216]
2022-08-30 12:27:38.939 TRACE 9780 --- [    Test worker] o.h.type.descriptor.sql.BasicBinder      : binding parameter [3] as [VARCHAR] - [(+3884)]
Hibernate: 
    insert 
    into
        scraping_entity
        (seq, city, covid19_confirmed, increase_num) 
    values
        (default, ?, ?, ?)
2022-08-30 12:27:39.121 TRACE 9780 --- [    Test worker] o.h.type.descriptor.sql.BasicBinder      : binding parameter [1] as [VARCHAR] - [울산]
2022-08-30 12:27:39.121 TRACE 9780 --- [    Test worker] o.h.type.descriptor.sql.BasicBinder      : binding parameter [2] as [VARCHAR] - [504,261]
2022-08-30 12:27:39.122 TRACE 9780 --- [    Test worker] o.h.type.descriptor.sql.BasicBinder      : binding parameter [3] as [VARCHAR] - [(+2103)]
Hibernate: 
    insert 
    into
        scraping_entity
        (seq, city, covid19_confirmed, increase_num) 
    values
        (default, ?, ?, ?)
2022-08-30 12:27:39.247 TRACE 9780 --- [    Test worker] o.h.type.descriptor.sql.BasicBinder      : binding parameter [1] as [VARCHAR] - [세종]
2022-08-30 12:27:39.248 TRACE 9780 --- [    Test worker] o.h.type.descriptor.sql.BasicBinder      : binding parameter [2] as [VARCHAR] - [179,728]
2022-08-30 12:27:39.248 TRACE 9780 --- [    Test worker] o.h.type.descriptor.sql.BasicBinder      : binding parameter [3] as [VARCHAR] - [(+1067)]
Hibernate: 
    insert 
    into
        scraping_entity
        (seq, city, covid19_confirmed, increase_num) 
    values
        (default, ?, ?, ?)
2022-08-30 12:27:39.417 TRACE 9780 --- [    Test worker] o.h.type.descriptor.sql.BasicBinder      : binding parameter [1] as [VARCHAR] - [경기]
2022-08-30 12:27:39.419 TRACE 9780 --- [    Test worker] o.h.type.descriptor.sql.BasicBinder      : binding parameter [2] as [VARCHAR] - [6,219,245]
2022-08-30 12:27:39.419 TRACE 9780 --- [    Test worker] o.h.type.descriptor.sql.BasicBinder      : binding parameter [3] as [VARCHAR] - [(+30289)]
Hibernate: 
    insert 
    into
        scraping_entity
        (seq, city, covid19_confirmed, increase_num) 
    values
        (default, ?, ?, ?)
2022-08-30 12:27:39.555 TRACE 9780 --- [    Test worker] o.h.type.descriptor.sql.BasicBinder      : binding parameter [1] as [VARCHAR] - [강원]
2022-08-30 12:27:39.556 TRACE 9780 --- [    Test worker] o.h.type.descriptor.sql.BasicBinder      : binding parameter [2] as [VARCHAR] - [674,728]
2022-08-30 12:27:39.556 TRACE 9780 --- [    Test worker] o.h.type.descriptor.sql.BasicBinder      : binding parameter [3] as [VARCHAR] - [(+3192)]
Hibernate: 
    insert 
    into
        scraping_entity
        (seq, city, covid19_confirmed, increase_num) 
    values
        (default, ?, ?, ?)
2022-08-30 12:27:39.691 TRACE 9780 --- [    Test worker] o.h.type.descriptor.sql.BasicBinder      : binding parameter [1] as [VARCHAR] - [충북]
2022-08-30 12:27:39.692 TRACE 9780 --- [    Test worker] o.h.type.descriptor.sql.BasicBinder      : binding parameter [2] as [VARCHAR] - [717,798]
2022-08-30 12:27:39.692 TRACE 9780 --- [    Test worker] o.h.type.descriptor.sql.BasicBinder      : binding parameter [3] as [VARCHAR] - [(+3789)]
Hibernate: 
    insert 
    into
        scraping_entity
        (seq, city, covid19_confirmed, increase_num) 
    values
        (default, ?, ?, ?)
2022-08-30 12:27:39.835 TRACE 9780 --- [    Test worker] o.h.type.descriptor.sql.BasicBinder      : binding parameter [1] as [VARCHAR] - [충남]
2022-08-30 12:27:39.836 TRACE 9780 --- [    Test worker] o.h.type.descriptor.sql.BasicBinder      : binding parameter [2] as [VARCHAR] - [926,522]
2022-08-30 12:27:39.836 TRACE 9780 --- [    Test worker] o.h.type.descriptor.sql.BasicBinder      : binding parameter [3] as [VARCHAR] - [(+5304)]
Hibernate: 
    insert 
    into
        scraping_entity
        (seq, city, covid19_confirmed, increase_num) 
    values
        (default, ?, ?, ?)
2022-08-30 12:27:39.948 TRACE 9780 --- [    Test worker] o.h.type.descriptor.sql.BasicBinder      : binding parameter [1] as [VARCHAR] - [전북]
2022-08-30 12:27:39.948 TRACE 9780 --- [    Test worker] o.h.type.descriptor.sql.BasicBinder      : binding parameter [2] as [VARCHAR] - [780,376]
2022-08-30 12:27:39.948 TRACE 9780 --- [    Test worker] o.h.type.descriptor.sql.BasicBinder      : binding parameter [3] as [VARCHAR] - [(+3957)]
Hibernate: 
    insert 
    into
        scraping_entity
        (seq, city, covid19_confirmed, increase_num) 
    values
        (default, ?, ?, ?)
2022-08-30 12:27:40.040 TRACE 9780 --- [    Test worker] o.h.type.descriptor.sql.BasicBinder      : binding parameter [1] as [VARCHAR] - [전남]
2022-08-30 12:27:40.040 TRACE 9780 --- [    Test worker] o.h.type.descriptor.sql.BasicBinder      : binding parameter [2] as [VARCHAR] - [769,878]
2022-08-30 12:27:40.040 TRACE 9780 --- [    Test worker] o.h.type.descriptor.sql.BasicBinder      : binding parameter [3] as [VARCHAR] - [(+4523)]
Hibernate: 
    insert 
    into
        scraping_entity
        (seq, city, covid19_confirmed, increase_num) 
    values
        (default, ?, ?, ?)
2022-08-30 12:27:40.129 TRACE 9780 --- [    Test worker] o.h.type.descriptor.sql.BasicBinder      : binding parameter [1] as [VARCHAR] - [경북]
2022-08-30 12:27:40.129 TRACE 9780 --- [    Test worker] o.h.type.descriptor.sql.BasicBinder      : binding parameter [2] as [VARCHAR] - [1,031,052]
2022-08-30 12:27:40.129 TRACE 9780 --- [    Test worker] o.h.type.descriptor.sql.BasicBinder      : binding parameter [3] as [VARCHAR] - [(+4940)]
Hibernate: 
    insert 
    into
        scraping_entity
        (seq, city, covid19_confirmed, increase_num) 
    values
        (default, ?, ?, ?)
2022-08-30 12:27:40.224 TRACE 9780 --- [    Test worker] o.h.type.descriptor.sql.BasicBinder      : binding parameter [1] as [VARCHAR] - [경남]
2022-08-30 12:27:40.224 TRACE 9780 --- [    Test worker] o.h.type.descriptor.sql.BasicBinder      : binding parameter [2] as [VARCHAR] - [1,394,061]
2022-08-30 12:27:40.224 TRACE 9780 --- [    Test worker] o.h.type.descriptor.sql.BasicBinder      : binding parameter [3] as [VARCHAR] - [(+7762)]
Hibernate: 
    insert 
    into
        scraping_entity
        (seq, city, covid19_confirmed, increase_num) 
    values
        (default, ?, ?, ?)
2022-08-30 12:27:40.355 TRACE 9780 --- [    Test worker] o.h.type.descriptor.sql.BasicBinder      : binding parameter [1] as [VARCHAR] - [제주]
2022-08-30 12:27:40.355 TRACE 9780 --- [    Test worker] o.h.type.descriptor.sql.BasicBinder      : binding parameter [2] as [VARCHAR] - [319,552]
2022-08-30 12:27:40.355 TRACE 9780 --- [    Test worker] o.h.type.descriptor.sql.BasicBinder      : binding parameter [3] as [VARCHAR] - [(+1035)]
Hibernate: 
    insert 
    into
        scraping_entity
        (seq, city, covid19_confirmed, increase_num) 
    values
        (default, ?, ?, ?)
2022-08-30 12:27:40.471 TRACE 9780 --- [    Test worker] o.h.type.descriptor.sql.BasicBinder      : binding parameter [1] as [VARCHAR] - [검역]
2022-08-30 12:27:40.472 TRACE 9780 --- [    Test worker] o.h.type.descriptor.sql.BasicBinder      : binding parameter [2] as [VARCHAR] - [12,775]
2022-08-30 12:27:40.472 TRACE 9780 --- [    Test worker] o.h.type.descriptor.sql.BasicBinder      : binding parameter [3] as [VARCHAR] - [(+24)]
]]></system-out>
  <system-err><![CDATA[Starting ChromeDriver 104.0.5112.79 (3cf3e8c8a07d104b9e1260c910efb8f383285dc5-refs/branch-heads/5112@{#1307}) on port 53355
Only local connections are allowed.
Please see https://chromedriver.chromium.org/security-considerations for suggestions on keeping ChromeDriver safe.
ChromeDriver was started successfully.
]]></system-err>
</testsuite>
